#
# There is insufficient memory for the Java Runtime Environment to continue.
# Native memory allocation (malloc) failed to allocate 1061456 bytes for Chunk::new
# Possible reasons:
#   The system is out of physical RAM or swap space
#   The process is running with CompressedOops enabled, and the Java Heap may be blocking the growth of the native heap
# Possible solutions:
#   Reduce memory load on the system
#   Increase physical memory or swap space
#   Check if swap backing store is full
#   Decrease Java heap size (-Xmx/-Xms)
#   Decrease number of Java threads
#   Decrease Java thread stack sizes (-Xss)
#   Set larger code cache with -XX:ReservedCodeCacheSize=
#   JVM is running with Unscaled Compressed Oops mode in which the Java heap is
#     placed in the first 4GB address space. The Java Heap base address is the
#     maximum limit for the native heap growth. Please use -XX:HeapBaseMinAddress
#     to set the Java Heap base and to place the Java Heap above 4GB virtual address.
# This output file may be truncated or incomplete.
#
#  Out of Memory Error (./src/hotspot/share/memory/arena.cpp:197), pid=2224, tid=8676
#
# JRE version: OpenJDK Runtime Environment (11.0.11+9) (build 11.0.11+9-b60-7590822)
# Java VM: OpenJDK 64-Bit Server VM (11.0.11+9-b60-7590822, mixed mode, tiered, compressed oops, g1 gc, windows-amd64)
# No core dump will be written. Minidumps are not enabled by default on client versions of Windows
#

---------------  S U M M A R Y ------------

Command Line: --add-opens=java.base/java.util=ALL-UNNAMED --add-opens=java.base/java.lang=ALL-UNNAMED --add-opens=java.base/java.lang.invoke=ALL-UNNAMED --add-opens=java.base/java.util=ALL-UNNAMED --add-opens=java.prefs/java.util.prefs=ALL-UNNAMED --add-opens=java.prefs/java.util.prefs=ALL-UNNAMED --add-opens=java.base/java.nio.charset=ALL-UNNAMED --add-opens=java.base/java.net=ALL-UNNAMED --add-opens=java.base/java.util.concurrent.atomic=ALL-UNNAMED -Xmx2048m -Dfile.encoding=UTF-8 -Duser.country=US -Duser.language=en -Duser.variant org.gradle.launcher.daemon.bootstrap.GradleDaemon 7.2

Host: Intel(R) Core(TM) i5-8265U CPU @ 1.60GHz, 8 cores, 7G,  Windows 10 , 64 bit Build 19041 (10.0.19041.1503)
Time: Thu Feb 17 13:15:33 2022 Mountain Standard Time elapsed time: 14.334685 seconds (0d 0h 0m 14s)

---------------  T H R E A D  ---------------

Current thread (0x000001af3f4c7800):  JavaThread "C2 CompilerThread1" daemon [_thread_in_native, id=8676, stack(0x0000007dc1700000,0x0000007dc1800000)]


Current CompileTask:
C2:  14334 9420       4       java.lang.Class::annotationData (44 bytes)

Stack: [0x0000007dc1700000,0x0000007dc1800000]
Native frames: (J=compiled Java code, j=interpreted, Vv=VM code, C=native code)
V  [jvm.dll+0x5f214a]
V  [jvm.dll+0x726fb5]
V  [jvm.dll+0x7285cd]
V  [jvm.dll+0x728c83]
V  [jvm.dll+0x243278]
V  [jvm.dll+0xbc53c]
V  [jvm.dll+0xbca3c]
V  [jvm.dll+0x353e7d]
V  [jvm.dll+0x19895c]
V  [jvm.dll+0x1fc2ee]
V  [jvm.dll+0x1fb3d4]
V  [jvm.dll+0x183d6c]
V  [jvm.dll+0x209a57]
V  [jvm.dll+0x2082a1]
V  [jvm.dll+0x6ef58f]
V  [jvm.dll+0x6e80b5]
V  [jvm.dll+0x5f1036]
C  [ucrtbase.dll+0x21bb2]
C  [KERNEL32.DLL+0x17034]
C  [ntdll.dll+0x52651]


---------------  P R O C E S S  ---------------

Threads class SMR info:
_java_thread_list=0x000001af4382b960, length=124, elements={
0x000001af21d1e800, 0x000001af3c196800, 0x000001af3c1a2000, 0x000001af3cb16000,
0x000001af3cb17000, 0x000001af3cb1b000, 0x000001af3cb1c000, 0x000001af3cb1e000,
0x000001af3c1ad000, 0x000001af3cc68000, 0x000001af3f516000, 0x000001af3ee45000,
0x000001af3dd7d800, 0x000001af3e225800, 0x000001af3e8d2800, 0x000001af3f22c800,
0x000001af3f6c1000, 0x000001af3f44d000, 0x000001af3effb800, 0x000001af3e220000,
0x000001af3e221800, 0x000001af3e222800, 0x000001af3e223800, 0x000001af3f4c7800,
0x000001af3e21d800, 0x000001af3e224000, 0x000001af3e21e800, 0x000001af3e21f800,
0x000001af3e221000, 0x000001af3f64c800, 0x000001af3f64b000, 0x000001af3f649800,
0x000001af3f64c000, 0x000001af3f650000, 0x000001af3f64e800, 0x000001af3f64f000,
0x000001af3f64a000, 0x000001af3f651000, 0x000001af406ba800, 0x000001af3f651800,
0x000001af3f653000, 0x000001af3f657800, 0x000001af3f655800, 0x000001af3f658000,
0x000001af3f656800, 0x000001af3f655000, 0x000001af3de8f000, 0x000001af3de8e000,
0x000001af3de8b800, 0x000001af3de8d800, 0x000001af3de89000, 0x000001af3de8b000,
0x000001af3de8f800, 0x000001af3de8c800, 0x000001af3de8a000, 0x000001af3de94800,
0x000001af3de91800, 0x000001af3de92000, 0x000001af3de95800, 0x000001af3de94000,
0x000001af3de96800, 0x000001af3de90800, 0x000001af3de97000, 0x000001af3de98000,
0x000001af3de93000, 0x000001af40495000, 0x000001af40490000, 0x000001af40495800,
0x000001af40496800, 0x000001af40493800, 0x000001af40491800, 0x000001af40492800,
0x000001af40494000, 0x000001af40491000, 0x000001af40499000, 0x000001af4049a800,
0x000001af4049b800, 0x000001af4049c800, 0x000001af40497800, 0x000001af4049a000,
0x000001af40498000, 0x000001af4049e800, 0x000001af4049d000, 0x000001af4049e000,
0x000001af3ebe6800, 0x000001af3ebeb000, 0x000001af3ebec000, 0x000001af3ebe8000,
0x000001af3ebea800, 0x000001af3ebed000, 0x000001af3ebe8800, 0x000001af3ebe7000,
0x000001af3ebee800, 0x000001af3ebef000, 0x000001af3ebed800, 0x000001af3ebe9800,
0x000001af3ebf5000, 0x000001af3ebf1000, 0x000001af3ebf0000, 0x000001af3ebf1800,
0x000001af3ebf2800, 0x000001af3ebf3800, 0x000001af3ebf4000, 0x000001af3d628800,
0x000001af3d62c800, 0x000001af3d627800, 0x000001af3d629800, 0x000001af3d62d800,
0x000001af3d62f000, 0x000001af3d62e800, 0x000001af3d630000, 0x000001af3d62a000,
0x000001af3d630800, 0x000001af3d62b000, 0x000001af3d631800, 0x000001af3d62c000,
0x000001af3d632800, 0x000001af3d635000, 0x000001af3d633000, 0x000001af3d634000,
0x000001af3d635800, 0x000001af3d636800, 0x000001af3eb4a800, 0x000001af3eb4b000
}

Java Threads: ( => current thread )
  0x000001af21d1e800 JavaThread "main" [_thread_blocked, id=8100, stack(0x0000007dbf100000,0x0000007dbf200000)]
  0x000001af3c196800 JavaThread "Reference Handler" daemon [_thread_blocked, id=4292, stack(0x0000007dbf800000,0x0000007dbf900000)]
  0x000001af3c1a2000 JavaThread "Finalizer" daemon [_thread_blocked, id=1948, stack(0x0000007dbf900000,0x0000007dbfa00000)]
  0x000001af3cb16000 JavaThread "Signal Dispatcher" daemon [_thread_blocked, id=9264, stack(0x0000007dbfa00000,0x0000007dbfb00000)]
  0x000001af3cb17000 JavaThread "Attach Listener" daemon [_thread_blocked, id=13548, stack(0x0000007dbfb00000,0x0000007dbfc00000)]
  0x000001af3cb1b000 JavaThread "Service Thread" daemon [_thread_blocked, id=8460, stack(0x0000007dbfc00000,0x0000007dbfd00000)]
  0x000001af3cb1c000 JavaThread "C2 CompilerThread0" daemon [_thread_in_native, id=12848, stack(0x0000007dbfd00000,0x0000007dbfe00000)]
  0x000001af3cb1e000 JavaThread "C1 CompilerThread0" daemon [_thread_in_native, id=4052, stack(0x0000007dbfe00000,0x0000007dbff00000)]
  0x000001af3c1ad000 JavaThread "Sweeper thread" daemon [_thread_blocked, id=5064, stack(0x0000007dbff00000,0x0000007dc0000000)]
  0x000001af3cc68000 JavaThread "Common-Cleaner" daemon [_thread_blocked, id=532, stack(0x0000007dc0000000,0x0000007dc0100000)]
  0x000001af3f516000 JavaThread "Daemon health stats" [_thread_blocked, id=1556, stack(0x0000007dc0600000,0x0000007dc0700000)]
  0x000001af3ee45000 JavaThread "Incoming local TCP Connector on port 51914" [_thread_in_native, id=8532, stack(0x0000007dc0200000,0x0000007dc0300000)]
  0x000001af3dd7d800 JavaThread "Daemon periodic checks" [_thread_blocked, id=2972, stack(0x0000007dc0300000,0x0000007dc0400000)]
  0x000001af3e225800 JavaThread "Daemon" [_thread_blocked, id=10280, stack(0x0000007dc0700000,0x0000007dc0800000)]
  0x000001af3e8d2800 JavaThread "Handler for socket connection from /127.0.0.1:51914 to /127.0.0.1:51915" [_thread_in_native, id=8300, stack(0x0000007dc0800000,0x0000007dc0900000)]
  0x000001af3f22c800 JavaThread "Cancel handler" [_thread_blocked, id=4912, stack(0x0000007dc0900000,0x0000007dc0a00000)]
  0x000001af3f6c1000 JavaThread "Daemon worker" [_thread_in_native, id=12244, stack(0x0000007dc0a00000,0x0000007dc0b00000)]
  0x000001af3f44d000 JavaThread "Asynchronous log dispatcher for DefaultDaemonConnection: socket connection from /127.0.0.1:51914 to /127.0.0.1:51915" [_thread_blocked, id=12652, stack(0x0000007dc0b00000,0x0000007dc0c00000)]
  0x000001af3effb800 JavaThread "Stdin handler" [_thread_blocked, id=3752, stack(0x0000007dc0c00000,0x0000007dc0d00000)]
  0x000001af3e220000 JavaThread "Daemon client event forwarder" [_thread_blocked, id=10524, stack(0x0000007dc0d00000,0x0000007dc0e00000)]
  0x000001af3e221800 JavaThread "Cache worker for journal cache (C:\Users\kndrc\.gradle\caches\journal-1)" [_thread_blocked, id=12680, stack(0x0000007dc1300000,0x0000007dc1400000)]
  0x000001af3e222800 JavaThread "File lock request listener" [_thread_in_native, id=4344, stack(0x0000007dc1400000,0x0000007dc1500000)]
  0x000001af3e223800 JavaThread "Cache worker for file hash cache (C:\Users\kndrc\.gradle\caches\7.2\fileHashes)" [_thread_blocked, id=5060, stack(0x0000007dc1500000,0x0000007dc1600000)]
=>0x000001af3f4c7800 JavaThread "C2 CompilerThread1" daemon [_thread_in_native, id=8676, stack(0x0000007dc1700000,0x0000007dc1800000)]
  0x000001af3e21d800 JavaThread "Cache worker for file hash cache (C:\Users\kndrc\AndroidStudioProjects\ToDoList\.gradle\7.2\fileHashes)" [_thread_blocked, id=10832, stack(0x0000007dc1800000,0x0000007dc1900000)]
  0x000001af3e224000 JavaThread "File watcher server" daemon [_thread_in_native, id=9520, stack(0x0000007dc1900000,0x0000007dc1a00000)]
  0x000001af3e21e800 JavaThread "File watcher consumer" daemon [_thread_blocked, id=3808, stack(0x0000007dc1a00000,0x0000007dc1b00000)]
  0x000001af3e21f800 JavaThread "jar transforms" [_thread_blocked, id=11516, stack(0x0000007dc1b00000,0x0000007dc1c00000)]
  0x000001af3e221000 JavaThread "jar transforms Thread 2" [_thread_blocked, id=6592, stack(0x0000007dc1c00000,0x0000007dc1d00000)]
  0x000001af3f64c800 JavaThread "jar transforms Thread 3" [_thread_blocked, id=9868, stack(0x0000007dc1d00000,0x0000007dc1e00000)]
  0x000001af3f64b000 JavaThread "jar transforms Thread 4" [_thread_blocked, id=12404, stack(0x0000007dc1e00000,0x0000007dc1f00000)]
  0x000001af3f649800 JavaThread "jar transforms Thread 5" [_thread_blocked, id=3680, stack(0x0000007dc1f00000,0x0000007dc2000000)]
  0x000001af3f64c000 JavaThread "jar transforms Thread 6" [_thread_blocked, id=6940, stack(0x0000007dc2000000,0x0000007dc2100000)]
  0x000001af3f650000 JavaThread "jar transforms Thread 7" [_thread_blocked, id=3552, stack(0x0000007dc2100000,0x0000007dc2200000)]
  0x000001af3f64e800 JavaThread "jar transforms Thread 8" [_thread_blocked, id=4324, stack(0x0000007dc2200000,0x0000007dc2300000)]
  0x000001af3f64f000 JavaThread "Cache worker for checksums cache (C:\Users\kndrc\AndroidStudioProjects\ToDoList\.gradle\checksums)" [_thread_blocked, id=6576, stack(0x0000007dc2300000,0x0000007dc2400000)]
  0x000001af3f64a000 JavaThread "Cache worker for cache directory md-supplier (C:\Users\kndrc\.gradle\caches\7.2\md-supplier)" [_thread_blocked, id=11140, stack(0x0000007dc2400000,0x0000007dc2500000)]
  0x000001af3f651000 JavaThread "Cache worker for cache directory md-rule (C:\Users\kndrc\.gradle\caches\7.2\md-rule)" [_thread_blocked, id=11640, stack(0x0000007dc2500000,0x0000007dc2600000)]
  0x000001af406ba800 JavaThread "C2 CompilerThread2" daemon [_thread_in_native, id=12672, stack(0x0000007dc2600000,0x0000007dc2700000)]
  0x000001af3f651800 JavaThread "Cache worker for execution history cache (C:\Users\kndrc\.gradle\caches\7.2\executionHistory)" [_thread_blocked, id=2020, stack(0x0000007dc2700000,0x0000007dc2800000)]
  0x000001af3f653000 JavaThread "Cache worker for file content cache (C:\Users\kndrc\.gradle\caches\7.2\fileContent)" [_thread_blocked, id=14252, stack(0x0000007dc2800000,0x0000007dc2900000)]
  0x000001af3f657800 JavaThread "Cache worker for dependencies-accessors (C:\Users\kndrc\AndroidStudioProjects\ToDoList\.gradle\7.2\dependencies-accessors)" [_thread_blocked, id=9516, stack(0x0000007dc2900000,0x0000007dc2a00000)]
  0x000001af3f655800 JavaThread "Cache worker for Build Output Cleanup Cache (C:\Users\kndrc\AndroidStudioProjects\ToDoList\.gradle\buildOutputCleanup)" [_thread_blocked, id=3344, stack(0x0000007dc2a00000,0x0000007dc2b00000)]
  0x000001af3f658000 JavaThread "Unconstrained build operations" [_thread_blocked, id=7160, stack(0x0000007dc2b00000,0x0000007dc2c00000)]
  0x000001af3f656800 JavaThread "Unconstrained build operations Thread 2" [_thread_blocked, id=12332, stack(0x0000007dc2c00000,0x0000007dc2d00000)]
  0x000001af3f655000 JavaThread "Unconstrained build operations Thread 3" [_thread_blocked, id=14040, stack(0x0000007dc2d00000,0x0000007dc2e00000)]
  0x000001af3de8f000 JavaThread "Unconstrained build operations Thread 4" [_thread_blocked, id=5980, stack(0x0000007dc2e00000,0x0000007dc2f00000)]
  0x000001af3de8e000 JavaThread "Unconstrained build operations Thread 5" [_thread_blocked, id=4100, stack(0x0000007dc2f00000,0x0000007dc3000000)]
  0x000001af3de8b800 JavaThread "Unconstrained build operations Thread 6" [_thread_blocked, id=4980, stack(0x0000007dc3000000,0x0000007dc3100000)]
  0x000001af3de8d800 JavaThread "Unconstrained build operations Thread 7" [_thread_blocked, id=12956, stack(0x0000007dc3100000,0x0000007dc3200000)]
  0x000001af3de89000 JavaThread "Unconstrained build operations Thread 8" [_thread_blocked, id=10432, stack(0x0000007dc3200000,0x0000007dc3300000)]
  0x000001af3de8b000 JavaThread "Unconstrained build operations Thread 9" [_thread_blocked, id=4364, stack(0x0000007dc3300000,0x0000007dc3400000)]
  0x000001af3de8f800 JavaThread "Unconstrained build operations Thread 10" [_thread_blocked, id=11148, stack(0x0000007dc3400000,0x0000007dc3500000)]
  0x000001af3de8c800 JavaThread "Unconstrained build operations Thread 11" [_thread_blocked, id=684, stack(0x0000007dc3500000,0x0000007dc3600000)]
  0x000001af3de8a000 JavaThread "Unconstrained build operations Thread 12" [_thread_blocked, id=12384, stack(0x0000007dc3600000,0x0000007dc3700000)]
  0x000001af3de94800 JavaThread "Unconstrained build operations Thread 13" [_thread_blocked, id=2580, stack(0x0000007dc3700000,0x0000007dc3800000)]
  0x000001af3de91800 JavaThread "Unconstrained build operations Thread 14" [_thread_blocked, id=9308, stack(0x0000007dc3800000,0x0000007dc3900000)]
  0x000001af3de92000 JavaThread "Unconstrained build operations Thread 15" [_thread_blocked, id=6952, stack(0x0000007dc3900000,0x0000007dc3a00000)]
  0x000001af3de95800 JavaThread "Unconstrained build operations Thread 16" [_thread_blocked, id=6420, stack(0x0000007dc3a00000,0x0000007dc3b00000)]
  0x000001af3de94000 JavaThread "Unconstrained build operations Thread 17" [_thread_blocked, id=11944, stack(0x0000007dc3b00000,0x0000007dc3c00000)]
  0x000001af3de96800 JavaThread "Unconstrained build operations Thread 18" [_thread_blocked, id=3032, stack(0x0000007dc3c00000,0x0000007dc3d00000)]
  0x000001af3de90800 JavaThread "Unconstrained build operations Thread 19" [_thread_blocked, id=12308, stack(0x0000007dc3d00000,0x0000007dc3e00000)]
  0x000001af3de97000 JavaThread "Unconstrained build operations Thread 20" [_thread_blocked, id=6024, stack(0x0000007dc3e00000,0x0000007dc3f00000)]
  0x000001af3de98000 JavaThread "Unconstrained build operations Thread 21" [_thread_blocked, id=6512, stack(0x0000007dc3f00000,0x0000007dc4000000)]
  0x000001af3de93000 JavaThread "Unconstrained build operations Thread 22" [_thread_blocked, id=8956, stack(0x0000007dc4000000,0x0000007dc4100000)]
  0x000001af40495000 JavaThread "Unconstrained build operations Thread 23" [_thread_blocked, id=11304, stack(0x0000007dc4100000,0x0000007dc4200000)]
  0x000001af40490000 JavaThread "Unconstrained build operations Thread 24" [_thread_blocked, id=8124, stack(0x0000007dc4200000,0x0000007dc4300000)]
  0x000001af40495800 JavaThread "Unconstrained build operations Thread 25" [_thread_blocked, id=7512, stack(0x0000007dc4300000,0x0000007dc4400000)]
  0x000001af40496800 JavaThread "Unconstrained build operations Thread 26" [_thread_blocked, id=1772, stack(0x0000007dc4400000,0x0000007dc4500000)]
  0x000001af40493800 JavaThread "Unconstrained build operations Thread 27" [_thread_blocked, id=9652, stack(0x0000007dc4500000,0x0000007dc4600000)]
  0x000001af40491800 JavaThread "Unconstrained build operations Thread 28" [_thread_blocked, id=2172, stack(0x0000007dc4600000,0x0000007dc4700000)]
  0x000001af40492800 JavaThread "Unconstrained build operations Thread 29" [_thread_blocked, id=2704, stack(0x0000007dc4700000,0x0000007dc4800000)]
  0x000001af40494000 JavaThread "Unconstrained build operations Thread 30" [_thread_blocked, id=14228, stack(0x0000007dc4800000,0x0000007dc4900000)]
  0x000001af40491000 JavaThread "Unconstrained build operations Thread 31" [_thread_blocked, id=6808, stack(0x0000007dc4900000,0x0000007dc4a00000)]
  0x000001af40499000 JavaThread "Unconstrained build operations Thread 32" [_thread_blocked, id=13652, stack(0x0000007dc4a00000,0x0000007dc4b00000)]
  0x000001af4049a800 JavaThread "Unconstrained build operations Thread 33" [_thread_blocked, id=648, stack(0x0000007dc4b00000,0x0000007dc4c00000)]
  0x000001af4049b800 JavaThread "Unconstrained build operations Thread 34" [_thread_blocked, id=12596, stack(0x0000007dc4c00000,0x0000007dc4d00000)]
  0x000001af4049c800 JavaThread "Unconstrained build operations Thread 35" [_thread_blocked, id=8324, stack(0x0000007dc4d00000,0x0000007dc4e00000)]
  0x000001af40497800 JavaThread "Unconstrained build operations Thread 36" [_thread_blocked, id=7640, stack(0x0000007dc4e00000,0x0000007dc4f00000)]
  0x000001af4049a000 JavaThread "Unconstrained build operations Thread 37" [_thread_blocked, id=13432, stack(0x0000007dc4f00000,0x0000007dc5000000)]
  0x000001af40498000 JavaThread "Unconstrained build operations Thread 38" [_thread_blocked, id=10808, stack(0x0000007dc5000000,0x0000007dc5100000)]
  0x000001af4049e800 JavaThread "Unconstrained build operations Thread 39" [_thread_blocked, id=12952, stack(0x0000007dc5100000,0x0000007dc5200000)]
  0x000001af4049d000 JavaThread "Unconstrained build operations Thread 40" [_thread_blocked, id=12692, stack(0x0000007dc5200000,0x0000007dc5300000)]
  0x000001af4049e000 JavaThread "Unconstrained build operations Thread 41" [_thread_blocked, id=8044, stack(0x0000007dc5300000,0x0000007dc5400000)]
  0x000001af3ebe6800 JavaThread "Unconstrained build operations Thread 42" [_thread_blocked, id=10920, stack(0x0000007dc5400000,0x0000007dc5500000)]
  0x000001af3ebeb000 JavaThread "Unconstrained build operations Thread 43" [_thread_blocked, id=12012, stack(0x0000007dc5500000,0x0000007dc5600000)]
  0x000001af3ebec000 JavaThread "Unconstrained build operations Thread 44" [_thread_blocked, id=7068, stack(0x0000007dc5600000,0x0000007dc5700000)]
  0x000001af3ebe8000 JavaThread "Unconstrained build operations Thread 45" [_thread_blocked, id=7176, stack(0x0000007dc5700000,0x0000007dc5800000)]
  0x000001af3ebea800 JavaThread "Unconstrained build operations Thread 46" [_thread_blocked, id=10548, stack(0x0000007dc5800000,0x0000007dc5900000)]
  0x000001af3ebed000 JavaThread "Unconstrained build operations Thread 47" [_thread_blocked, id=12948, stack(0x0000007dc5900000,0x0000007dc5a00000)]
  0x000001af3ebe8800 JavaThread "Unconstrained build operations Thread 48" [_thread_blocked, id=13572, stack(0x0000007dc5a00000,0x0000007dc5b00000)]
  0x000001af3ebe7000 JavaThread "Unconstrained build operations Thread 49" [_thread_blocked, id=2032, stack(0x0000007dc5b00000,0x0000007dc5c00000)]
  0x000001af3ebee800 JavaThread "Unconstrained build operations Thread 50" [_thread_blocked, id=5744, stack(0x0000007dc5c00000,0x0000007dc5d00000)]
  0x000001af3ebef000 JavaThread "Unconstrained build operations Thread 51" [_thread_blocked, id=4104, stack(0x0000007dc5d00000,0x0000007dc5e00000)]
  0x000001af3ebed800 JavaThread "Unconstrained build operations Thread 52" [_thread_blocked, id=14212, stack(0x0000007dc5e00000,0x0000007dc5f00000)]
  0x000001af3ebe9800 JavaThread "Unconstrained build operations Thread 53" [_thread_blocked, id=7592, stack(0x0000007dc5f00000,0x0000007dc6000000)]
  0x000001af3ebf5000 JavaThread "Unconstrained build operations Thread 54" [_thread_blocked, id=12388, stack(0x0000007dc6000000,0x0000007dc6100000)]
  0x000001af3ebf1000 JavaThread "Unconstrained build operations Thread 55" [_thread_blocked, id=3660, stack(0x0000007dc6100000,0x0000007dc6200000)]
  0x000001af3ebf0000 JavaThread "Unconstrained build operations Thread 56" [_thread_blocked, id=2156, stack(0x0000007dc6200000,0x0000007dc6300000)]
  0x000001af3ebf1800 JavaThread "Unconstrained build operations Thread 57" [_thread_blocked, id=14036, stack(0x0000007dc6300000,0x0000007dc6400000)]
  0x000001af3ebf2800 JavaThread "Unconstrained build operations Thread 58" [_thread_blocked, id=2952, stack(0x0000007dc6400000,0x0000007dc6500000)]
  0x000001af3ebf3800 JavaThread "Unconstrained build operations Thread 59" [_thread_blocked, id=10356, stack(0x0000007dc6500000,0x0000007dc6600000)]
  0x000001af3ebf4000 JavaThread "Unconstrained build operations Thread 60" [_thread_blocked, id=6788, stack(0x0000007dc6600000,0x0000007dc6700000)]
  0x000001af3d628800 JavaThread "Unconstrained build operations Thread 61" [_thread_blocked, id=13108, stack(0x0000007dc6700000,0x0000007dc6800000)]
  0x000001af3d62c800 JavaThread "Unconstrained build operations Thread 62" [_thread_blocked, id=3948, stack(0x0000007dc6800000,0x0000007dc6900000)]
  0x000001af3d627800 JavaThread "Unconstrained build operations Thread 63" [_thread_blocked, id=10352, stack(0x0000007dc6900000,0x0000007dc6a00000)]
  0x000001af3d629800 JavaThread "Unconstrained build operations Thread 64" [_thread_blocked, id=4948, stack(0x0000007dc6a00000,0x0000007dc6b00000)]
  0x000001af3d62d800 JavaThread "Unconstrained build operations Thread 65" [_thread_blocked, id=2052, stack(0x0000007dc6b00000,0x0000007dc6c00000)]
  0x000001af3d62f000 JavaThread "Unconstrained build operations Thread 66" [_thread_blocked, id=6128, stack(0x0000007dc6c00000,0x0000007dc6d00000)]
  0x000001af3d62e800 JavaThread "Unconstrained build operations Thread 67" [_thread_blocked, id=2160, stack(0x0000007dc6d00000,0x0000007dc6e00000)]
  0x000001af3d630000 JavaThread "Unconstrained build operations Thread 68" [_thread_blocked, id=5788, stack(0x0000007dc6e00000,0x0000007dc6f00000)]
  0x000001af3d62a000 JavaThread "Unconstrained build operations Thread 69" [_thread_blocked, id=7936, stack(0x0000007dc6f00000,0x0000007dc7000000)]
  0x000001af3d630800 JavaThread "Unconstrained build operations Thread 70" [_thread_blocked, id=10520, stack(0x0000007dc7000000,0x0000007dc7100000)]
  0x000001af3d62b000 JavaThread "Unconstrained build operations Thread 71" [_thread_blocked, id=9000, stack(0x0000007dc7100000,0x0000007dc7200000)]
  0x000001af3d631800 JavaThread "Unconstrained build operations Thread 72" [_thread_blocked, id=11480, stack(0x0000007dc7200000,0x0000007dc7300000)]
  0x000001af3d62c000 JavaThread "Unconstrained build operations Thread 73" [_thread_blocked, id=2548, stack(0x0000007dc7300000,0x0000007dc7400000)]
  0x000001af3d632800 JavaThread "Unconstrained build operations Thread 74" [_thread_blocked, id=11612, stack(0x0000007dc7400000,0x0000007dc7500000)]
  0x000001af3d635000 JavaThread "Unconstrained build operations Thread 75" [_thread_blocked, id=3764, stack(0x0000007dc7500000,0x0000007dc7600000)]
  0x000001af3d633000 JavaThread "Unconstrained build operations Thread 76" [_thread_blocked, id=3636, stack(0x0000007dc7600000,0x0000007dc7700000)]
  0x000001af3d634000 JavaThread "Unconstrained build operations Thread 77" [_thread_blocked, id=9304, stack(0x0000007dc7700000,0x0000007dc7800000)]
  0x000001af3d635800 JavaThread "Unconstrained build operations Thread 78" [_thread_blocked, id=3984, stack(0x0000007dc7800000,0x0000007dc7900000)]
  0x000001af3d636800 JavaThread "Unconstrained build operations Thread 79" [_thread_blocked, id=3532, stack(0x0000007dc7900000,0x0000007dc7a00000)]
  0x000001af3eb4a800 JavaThread "Unconstrained build operations Thread 80" [_thread_blocked, id=13872, stack(0x0000007dc7a00000,0x0000007dc7b00000)]
  0x000001af3eb4b000 JavaThread "Memory manager" [_thread_blocked, id=14056, stack(0x0000007dc7b00000,0x0000007dc7c00000)]

Other Threads:
  0x000001af3c194000 VMThread "VM Thread" [stack: 0x0000007dbf700000,0x0000007dbf800000] [id=4256]
  0x000001af3cc81800 WatcherThread [stack: 0x0000007dc0100000,0x0000007dc0200000] [id=8444]
  0x000001af21d38000 GCTaskThread "GC Thread#0" [stack: 0x0000007dbf200000,0x0000007dbf300000] [id=11528]
  0x000001af3dce4800 GCTaskThread "GC Thread#1" [stack: 0x0000007dc0400000,0x0000007dc0500000] [id=7644]
  0x000001af3dac2000 GCTaskThread "GC Thread#2" [stack: 0x0000007dc0500000,0x0000007dc0600000] [id=13576]
  0x000001af3eac0000 GCTaskThread "GC Thread#3" [stack: 0x0000007dc0e00000,0x0000007dc0f00000] [id=7972]
  0x000001af3e008800 GCTaskThread "GC Thread#4" [stack: 0x0000007dc0f00000,0x0000007dc1000000] [id=12412]
  0x000001af3eebc000 GCTaskThread "GC Thread#5" [stack: 0x0000007dc1000000,0x0000007dc1100000] [id=9292]
  0x000001af3f44a000 GCTaskThread "GC Thread#6" [stack: 0x0000007dc1100000,0x0000007dc1200000] [id=9196]
  0x000001af3fb55000 GCTaskThread "GC Thread#7" [stack: 0x0000007dc1200000,0x0000007dc1300000] [id=8584]
  0x000001af21d69800 ConcurrentGCThread "G1 Main Marker" [stack: 0x0000007dbf300000,0x0000007dbf400000] [id=6504]
  0x000001af21d6a800 ConcurrentGCThread "G1 Conc#0" [stack: 0x0000007dbf400000,0x0000007dbf500000] [id=6980]
  0x000001af3fb53000 ConcurrentGCThread "G1 Conc#1" [stack: 0x0000007dc1600000,0x0000007dc1700000] [id=11008]
  0x000001af3bfe0800 ConcurrentGCThread "G1 Refine#0" [stack: 0x0000007dbf500000,0x0000007dbf600000] [id=6548]
  0x000001af21df8000 ConcurrentGCThread "G1 Young RemSet Sampling" [stack: 0x0000007dbf600000,0x0000007dbf700000] [id=11732]

Threads with active compile tasks:
C2 CompilerThread0  14377 9326 %     4       org.gradle.internal.instantiation.generator.AbstractClassGenerator::inspectType @ 77 (560 bytes)
C2 CompilerThread1  14377 9420       4       java.lang.Class::annotationData (44 bytes)
C2 CompilerThread2  14377 9520   !   4       org.gradle.api.internal.attributes.DefaultImmutableAttributesFactory::doConcatIsolatable (128 bytes)

VM state:not at safepoint (normal execution)

VM Mutex/Monitor currently owned by a thread: None

Heap address: 0x0000000080000000, size: 2048 MB, Compressed Oops mode: 32-bit
Narrow klass base: 0x0000000000000000, Narrow klass shift: 3
Compressed class space size: 1073741824 Address: 0x0000000100000000

Heap:
 garbage-first heap   total 188416K, used 149802K [0x0000000080000000, 0x0000000100000000)
  region size 1024K, 42 young (43008K), 4 survivors (4096K)
 Metaspace       used 96276K, capacity 98564K, committed 98816K, reserved 1134592K
  class space    used 12434K, capacity 13222K, committed 13312K, reserved 1048576K
Heap Regions: E=young(eden), S=young(survivor), O=old, HS=humongous(starts), HC=humongous(continues), CS=collection set, F=free, A=archive, TAMS=top-at-mark-start (previous, next)
|   0|0x0000000080000000, 0x0000000080100000, 0x0000000080100000|100%| O|  |TAMS 0x0000000080100000, 0x0000000080000000| Untracked 
|   1|0x0000000080100000, 0x0000000080200000, 0x0000000080200000|100%| O|  |TAMS 0x0000000080200000, 0x0000000080100000| Untracked 
|   2|0x0000000080200000, 0x0000000080300000, 0x0000000080300000|100%| O|  |TAMS 0x0000000080300000, 0x0000000080200000| Untracked 
|   3|0x0000000080300000, 0x0000000080400000, 0x0000000080400000|100%|HS|  |TAMS 0x0000000080400000, 0x0000000080300000| Complete 
|   4|0x0000000080400000, 0x0000000080500000, 0x0000000080500000|100%|HC|  |TAMS 0x0000000080500000, 0x0000000080400000| Complete 
|   5|0x0000000080500000, 0x0000000080600000, 0x0000000080600000|100%|HC|  |TAMS 0x0000000080600000, 0x0000000080500000| Complete 
|   6|0x0000000080600000, 0x0000000080700000, 0x0000000080700000|100%| O|  |TAMS 0x0000000080700000, 0x0000000080600000| Untracked 
|   7|0x0000000080700000, 0x0000000080800000, 0x0000000080800000|100%| O|  |TAMS 0x0000000080800000, 0x0000000080700000| Untracked 
|   8|0x0000000080800000, 0x0000000080900000, 0x0000000080900000|100%| O|  |TAMS 0x0000000080900000, 0x0000000080800000| Untracked 
|   9|0x0000000080900000, 0x0000000080a00000, 0x0000000080a00000|100%| O|  |TAMS 0x0000000080a00000, 0x0000000080900000| Untracked 
|  10|0x0000000080a00000, 0x0000000080b00000, 0x0000000080b00000|100%| O|  |TAMS 0x0000000080b00000, 0x0000000080a00000| Untracked 
|  11|0x0000000080b00000, 0x0000000080c00000, 0x0000000080c00000|100%| O|  |TAMS 0x0000000080c00000, 0x0000000080b00000| Untracked 
|  12|0x0000000080c00000, 0x0000000080d00000, 0x0000000080d00000|100%| O|  |TAMS 0x0000000080d00000, 0x0000000080c00000| Untracked 
|  13|0x0000000080d00000, 0x0000000080e00000, 0x0000000080e00000|100%| O|  |TAMS 0x0000000080e00000, 0x0000000080d00000| Untracked 
|  14|0x0000000080e00000, 0x0000000080f00000, 0x0000000080f00000|100%|HS|  |TAMS 0x0000000080f00000, 0x0000000080e00000| Complete 
|  15|0x0000000080f00000, 0x0000000081000000, 0x0000000081000000|100%|HC|  |TAMS 0x0000000081000000, 0x0000000080f00000| Complete 
|  16|0x0000000081000000, 0x0000000081100000, 0x0000000081100000|100%|HS|  |TAMS 0x0000000081100000, 0x0000000081000000| Complete 
|  17|0x0000000081100000, 0x0000000081200000, 0x0000000081200000|100%|HC|  |TAMS 0x0000000081200000, 0x0000000081100000| Complete 
|  18|0x0000000081200000, 0x0000000081300000, 0x0000000081300000|100%|HC|  |TAMS 0x0000000081300000, 0x0000000081200000| Complete 
|  19|0x0000000081300000, 0x0000000081400000, 0x0000000081400000|100%|HS|  |TAMS 0x0000000081400000, 0x0000000081300000| Complete 
|  20|0x0000000081400000, 0x0000000081500000, 0x0000000081500000|100%|HC|  |TAMS 0x0000000081500000, 0x0000000081400000| Complete 
|  21|0x0000000081500000, 0x0000000081600000, 0x0000000081600000|100%|HC|  |TAMS 0x0000000081600000, 0x0000000081500000| Complete 
|  22|0x0000000081600000, 0x0000000081700000, 0x0000000081700000|100%|HC|  |TAMS 0x0000000081700000, 0x0000000081600000| Complete 
|  23|0x0000000081700000, 0x0000000081800000, 0x0000000081800000|100%| O|  |TAMS 0x0000000081800000, 0x0000000081700000| Untracked 
|  24|0x0000000081800000, 0x0000000081900000, 0x0000000081900000|100%| O|  |TAMS 0x0000000081900000, 0x0000000081800000| Untracked 
|  25|0x0000000081900000, 0x0000000081a00000, 0x0000000081a00000|100%| O|  |TAMS 0x0000000081a00000, 0x0000000081900000| Untracked 
|  26|0x0000000081a00000, 0x0000000081b00000, 0x0000000081b00000|100%| O|  |TAMS 0x0000000081b00000, 0x0000000081a00000| Untracked 
|  27|0x0000000081b00000, 0x0000000081c00000, 0x0000000081c00000|100%| O|  |TAMS 0x0000000081c00000, 0x0000000081b00000| Untracked 
|  28|0x0000000081c00000, 0x0000000081d00000, 0x0000000081d00000|100%| O|  |TAMS 0x0000000081d00000, 0x0000000081c00000| Untracked 
|  29|0x0000000081d00000, 0x0000000081e00000, 0x0000000081e00000|100%|HS|  |TAMS 0x0000000081e00000, 0x0000000081d00000| Complete 
|  30|0x0000000081e00000, 0x0000000081f00000, 0x0000000081f00000|100%|HC|  |TAMS 0x0000000081f00000, 0x0000000081e00000| Complete 
|  31|0x0000000081f00000, 0x0000000082000000, 0x0000000082000000|100%|HC|  |TAMS 0x0000000082000000, 0x0000000081f00000| Complete 
|  32|0x0000000082000000, 0x0000000082100000, 0x0000000082100000|100%| O|  |TAMS 0x0000000082100000, 0x0000000082000000| Untracked 
|  33|0x0000000082100000, 0x0000000082200000, 0x0000000082200000|100%| O|  |TAMS 0x0000000082200000, 0x0000000082100000| Untracked 
|  34|0x0000000082200000, 0x0000000082300000, 0x0000000082300000|100%| O|  |TAMS 0x0000000082300000, 0x0000000082200000| Untracked 
|  35|0x0000000082300000, 0x0000000082400000, 0x0000000082400000|100%| O|  |TAMS 0x0000000082400000, 0x0000000082300000| Untracked 
|  36|0x0000000082400000, 0x0000000082500000, 0x0000000082500000|100%| O|  |TAMS 0x0000000082500000, 0x0000000082400000| Untracked 
|  37|0x0000000082500000, 0x0000000082600000, 0x0000000082600000|100%| O|  |TAMS 0x0000000082600000, 0x0000000082500000| Untracked 
|  38|0x0000000082600000, 0x0000000082700000, 0x0000000082700000|100%|HS|  |TAMS 0x0000000082700000, 0x0000000082600000| Complete 
|  39|0x0000000082700000, 0x0000000082800000, 0x0000000082800000|100%| O|  |TAMS 0x0000000082800000, 0x0000000082700000| Untracked 
|  40|0x0000000082800000, 0x0000000082900000, 0x0000000082900000|100%| O|  |TAMS 0x0000000082900000, 0x0000000082800000| Untracked 
|  41|0x0000000082900000, 0x0000000082a00000, 0x0000000082a00000|100%| O|  |TAMS 0x0000000082a00000, 0x0000000082900000| Untracked 
|  42|0x0000000082a00000, 0x0000000082b00000, 0x0000000082b00000|100%| O|  |TAMS 0x0000000082b00000, 0x0000000082a00000| Untracked 
|  43|0x0000000082b00000, 0x0000000082c00000, 0x0000000082c00000|100%|HS|  |TAMS 0x0000000082c00000, 0x0000000082b00000| Complete 
|  44|0x0000000082c00000, 0x0000000082d00000, 0x0000000082d00000|100%|HC|  |TAMS 0x0000000082d00000, 0x0000000082c00000| Complete 
|  45|0x0000000082d00000, 0x0000000082e00000, 0x0000000082e00000|100%|HC|  |TAMS 0x0000000082e00000, 0x0000000082d00000| Complete 
|  46|0x0000000082e00000, 0x0000000082f00000, 0x0000000082f00000|100%|HC|  |TAMS 0x0000000082f00000, 0x0000000082e00000| Complete 
|  47|0x0000000082f00000, 0x0000000083000000, 0x0000000083000000|100%|HS|  |TAMS 0x0000000083000000, 0x0000000082f00000| Complete 
|  48|0x0000000083000000, 0x0000000083100000, 0x0000000083100000|100%|HS|  |TAMS 0x0000000083100000, 0x0000000083000000| Complete 
|  49|0x0000000083100000, 0x0000000083200000, 0x0000000083200000|100%|HS|  |TAMS 0x0000000083200000, 0x0000000083100000| Complete 
|  50|0x0000000083200000, 0x0000000083300000, 0x0000000083300000|100%|HS|  |TAMS 0x0000000083300000, 0x0000000083200000| Complete 
|  51|0x0000000083300000, 0x0000000083400000, 0x0000000083400000|100%|HC|  |TAMS 0x0000000083400000, 0x0000000083300000| Complete 
|  52|0x0000000083400000, 0x0000000083500000, 0x0000000083500000|100%|HC|  |TAMS 0x0000000083500000, 0x0000000083400000| Complete 
|  53|0x0000000083500000, 0x0000000083600000, 0x0000000083600000|100%|HS|  |TAMS 0x0000000083600000, 0x0000000083500000| Complete 
|  54|0x0000000083600000, 0x0000000083700000, 0x0000000083700000|100%|HC|  |TAMS 0x0000000083700000, 0x0000000083600000| Complete 
|  55|0x0000000083700000, 0x0000000083800000, 0x0000000083800000|100%| O|  |TAMS 0x0000000083800000, 0x0000000083700000| Untracked 
|  56|0x0000000083800000, 0x0000000083900000, 0x0000000083900000|100%| O|  |TAMS 0x0000000083900000, 0x0000000083800000| Untracked 
|  57|0x0000000083900000, 0x0000000083a00000, 0x0000000083a00000|100%| O|  |TAMS 0x0000000083a00000, 0x0000000083900000| Untracked 
|  58|0x0000000083a00000, 0x0000000083b00000, 0x0000000083b00000|100%| O|  |TAMS 0x0000000083b00000, 0x0000000083a00000| Untracked 
|  59|0x0000000083b00000, 0x0000000083c00000, 0x0000000083c00000|100%| O|  |TAMS 0x0000000083c00000, 0x0000000083b00000| Untracked 
|  60|0x0000000083c00000, 0x0000000083d00000, 0x0000000083d00000|100%| O|  |TAMS 0x0000000083d00000, 0x0000000083c00000| Untracked 
|  61|0x0000000083d00000, 0x0000000083e00000, 0x0000000083e00000|100%| O|  |TAMS 0x0000000083e00000, 0x0000000083d00000| Untracked 
|  62|0x0000000083e00000, 0x0000000083f00000, 0x0000000083f00000|100%| O|  |TAMS 0x0000000083f00000, 0x0000000083e00000| Untracked 
|  63|0x0000000083f00000, 0x0000000084000000, 0x0000000084000000|100%| O|  |TAMS 0x0000000084000000, 0x0000000083f00000| Untracked 
|  64|0x0000000084000000, 0x0000000084100000, 0x0000000084100000|100%| O|  |TAMS 0x0000000084100000, 0x0000000084000000| Untracked 
|  65|0x0000000084100000, 0x0000000084200000, 0x0000000084200000|100%| O|  |TAMS 0x0000000084200000, 0x0000000084100000| Untracked 
|  66|0x0000000084200000, 0x0000000084300000, 0x0000000084300000|100%| O|  |TAMS 0x0000000084300000, 0x0000000084200000| Untracked 
|  67|0x0000000084300000, 0x0000000084400000, 0x0000000084400000|100%| O|  |TAMS 0x0000000084400000, 0x0000000084300000| Untracked 
|  68|0x0000000084400000, 0x0000000084500000, 0x0000000084500000|100%| O|  |TAMS 0x0000000084500000, 0x0000000084400000| Untracked 
|  69|0x0000000084500000, 0x0000000084600000, 0x0000000084600000|100%| O|  |TAMS 0x0000000084600000, 0x0000000084500000| Untracked 
|  70|0x0000000084600000, 0x0000000084700000, 0x0000000084700000|100%| O|  |TAMS 0x0000000084700000, 0x0000000084600000| Untracked 
|  71|0x0000000084700000, 0x0000000084800000, 0x0000000084800000|100%| O|  |TAMS 0x0000000084800000, 0x0000000084700000| Untracked 
|  72|0x0000000084800000, 0x0000000084900000, 0x0000000084900000|100%| O|  |TAMS 0x0000000084900000, 0x0000000084800000| Untracked 
|  73|0x0000000084900000, 0x0000000084a00000, 0x0000000084a00000|100%| O|  |TAMS 0x0000000084a00000, 0x0000000084900000| Untracked 
|  74|0x0000000084a00000, 0x0000000084b00000, 0x0000000084b00000|100%| O|  |TAMS 0x0000000084b00000, 0x0000000084a00000| Untracked 
|  75|0x0000000084b00000, 0x0000000084c00000, 0x0000000084c00000|100%| O|  |TAMS 0x0000000084c00000, 0x0000000084b00000| Untracked 
|  76|0x0000000084c00000, 0x0000000084d00000, 0x0000000084d00000|100%| O|  |TAMS 0x0000000084d00000, 0x0000000084c00000| Untracked 
|  77|0x0000000084d00000, 0x0000000084e00000, 0x0000000084e00000|100%| O|  |TAMS 0x0000000084e00000, 0x0000000084d00000| Untracked 
|  78|0x0000000084e00000, 0x0000000084f00000, 0x0000000084f00000|100%| O|  |TAMS 0x0000000084f00000, 0x0000000084e00000| Untracked 
|  79|0x0000000084f00000, 0x0000000085000000, 0x0000000085000000|100%| O|  |TAMS 0x0000000085000000, 0x0000000084f00000| Untracked 
|  80|0x0000000085000000, 0x0000000085100000, 0x0000000085100000|100%| O|  |TAMS 0x0000000085100000, 0x0000000085000000| Untracked 
|  81|0x0000000085100000, 0x0000000085200000, 0x0000000085200000|100%| O|  |TAMS 0x0000000085200000, 0x0000000085100000| Untracked 
|  82|0x0000000085200000, 0x0000000085300000, 0x0000000085300000|100%| O|  |TAMS 0x0000000085300000, 0x0000000085200000| Untracked 
|  83|0x0000000085300000, 0x0000000085400000, 0x0000000085400000|100%| O|  |TAMS 0x0000000085400000, 0x0000000085300000| Untracked 
|  84|0x0000000085400000, 0x0000000085500000, 0x0000000085500000|100%| O|  |TAMS 0x0000000085500000, 0x0000000085400000| Untracked 
|  85|0x0000000085500000, 0x0000000085600000, 0x0000000085600000|100%| O|  |TAMS 0x0000000085600000, 0x0000000085500000| Untracked 
|  86|0x0000000085600000, 0x0000000085700000, 0x0000000085700000|100%| O|  |TAMS 0x0000000085700000, 0x0000000085600000| Untracked 
|  87|0x0000000085700000, 0x0000000085800000, 0x0000000085800000|100%|HS|  |TAMS 0x0000000085800000, 0x0000000085700000| Complete 
|  88|0x0000000085800000, 0x0000000085900000, 0x0000000085900000|100%|HC|  |TAMS 0x0000000085900000, 0x0000000085800000| Complete 
|  89|0x0000000085900000, 0x0000000085a00000, 0x0000000085a00000|100%|HS|  |TAMS 0x0000000085a00000, 0x0000000085900000| Complete 
|  90|0x0000000085a00000, 0x0000000085b00000, 0x0000000085b00000|100%|HC|  |TAMS 0x0000000085b00000, 0x0000000085a00000| Complete 
|  91|0x0000000085b00000, 0x0000000085c00000, 0x0000000085c00000|100%|HC|  |TAMS 0x0000000085c00000, 0x0000000085b00000| Complete 
|  92|0x0000000085c00000, 0x0000000085d00000, 0x0000000085d00000|100%|HS|  |TAMS 0x0000000085d00000, 0x0000000085c00000| Complete 
|  93|0x0000000085d00000, 0x0000000085e00000, 0x0000000085e00000|100%|HC|  |TAMS 0x0000000085e00000, 0x0000000085d00000| Complete 
|  94|0x0000000085e00000, 0x0000000085f00000, 0x0000000085f00000|100%|HC|  |TAMS 0x0000000085f00000, 0x0000000085e00000| Complete 
|  95|0x0000000085f00000, 0x0000000086000000, 0x0000000086000000|100%|HC|  |TAMS 0x0000000086000000, 0x0000000085f00000| Complete 
|  96|0x0000000086000000, 0x0000000086100000, 0x0000000086100000|100%| O|  |TAMS 0x0000000086100000, 0x0000000086000000| Untracked 
|  97|0x0000000086100000, 0x0000000086200000, 0x0000000086200000|100%| O|  |TAMS 0x0000000086200000, 0x0000000086100000| Untracked 
|  98|0x0000000086200000, 0x0000000086300000, 0x0000000086300000|100%| O|  |TAMS 0x0000000086300000, 0x0000000086200000| Untracked 
|  99|0x0000000086300000, 0x0000000086400000, 0x0000000086400000|100%| O|  |TAMS 0x0000000086400000, 0x0000000086300000| Untracked 
| 100|0x0000000086400000, 0x0000000086500000, 0x0000000086500000|100%| O|  |TAMS 0x0000000086500000, 0x0000000086400000| Untracked 
| 101|0x0000000086500000, 0x0000000086600000, 0x0000000086600000|100%| O|  |TAMS 0x0000000086600000, 0x0000000086500000| Untracked 
| 102|0x0000000086600000, 0x0000000086700000, 0x0000000086700000|100%| O|  |TAMS 0x0000000086700000, 0x0000000086600000| Untracked 
| 103|0x0000000086700000, 0x0000000086800000, 0x0000000086800000|100%| O|  |TAMS 0x0000000086800000, 0x0000000086700000| Untracked 
| 104|0x0000000086800000, 0x0000000086900000, 0x0000000086900000|100%| O|  |TAMS 0x0000000086900000, 0x0000000086800000| Untracked 
| 105|0x0000000086900000, 0x0000000086a00000, 0x0000000086a00000|100%| O|  |TAMS 0x0000000086a00000, 0x0000000086900000| Untracked 
| 106|0x0000000086a00000, 0x0000000086a00000, 0x0000000086b00000|  0%| F|  |TAMS 0x0000000086a00000, 0x0000000086a00000| Untracked 
| 107|0x0000000086b00000, 0x0000000086b00000, 0x0000000086c00000|  0%| F|  |TAMS 0x0000000086b00000, 0x0000000086b00000| Untracked 
| 108|0x0000000086c00000, 0x0000000086c00000, 0x0000000086d00000|  0%| F|  |TAMS 0x0000000086c00000, 0x0000000086c00000| Untracked 
| 109|0x0000000086d00000, 0x0000000086d00000, 0x0000000086e00000|  0%| F|  |TAMS 0x0000000086d00000, 0x0000000086d00000| Untracked 
| 110|0x0000000086e00000, 0x0000000086e00000, 0x0000000086f00000|  0%| F|  |TAMS 0x0000000086e00000, 0x0000000086e00000| Untracked 
| 111|0x0000000086f00000, 0x0000000086f00000, 0x0000000087000000|  0%| F|  |TAMS 0x0000000086f00000, 0x0000000086f00000| Untracked 
| 112|0x0000000087000000, 0x0000000087000000, 0x0000000087100000|  0%| F|  |TAMS 0x0000000087000000, 0x0000000087000000| Untracked 
| 113|0x0000000087100000, 0x0000000087100000, 0x0000000087200000|  0%| F|  |TAMS 0x0000000087100000, 0x0000000087100000| Untracked 
| 114|0x0000000087200000, 0x0000000087200000, 0x0000000087300000|  0%| F|  |TAMS 0x0000000087200000, 0x0000000087200000| Untracked 
| 115|0x0000000087300000, 0x0000000087300000, 0x0000000087400000|  0%| F|  |TAMS 0x0000000087300000, 0x0000000087300000| Untracked 
| 116|0x0000000087400000, 0x0000000087400000, 0x0000000087500000|  0%| F|  |TAMS 0x0000000087400000, 0x0000000087400000| Untracked 
| 117|0x0000000087500000, 0x0000000087500000, 0x0000000087600000|  0%| F|  |TAMS 0x0000000087500000, 0x0000000087500000| Untracked 
| 118|0x0000000087600000, 0x0000000087600000, 0x0000000087700000|  0%| F|  |TAMS 0x0000000087600000, 0x0000000087600000| Untracked 
| 119|0x0000000087700000, 0x0000000087700000, 0x0000000087800000|  0%| F|  |TAMS 0x0000000087700000, 0x0000000087700000| Untracked 
| 120|0x0000000087800000, 0x0000000087800000, 0x0000000087900000|  0%| F|  |TAMS 0x0000000087800000, 0x0000000087800000| Untracked 
| 121|0x0000000087900000, 0x0000000087900000, 0x0000000087a00000|  0%| F|  |TAMS 0x0000000087900000, 0x0000000087900000| Untracked 
| 122|0x0000000087a00000, 0x0000000087a00000, 0x0000000087b00000|  0%| F|  |TAMS 0x0000000087a00000, 0x0000000087a00000| Untracked 
| 123|0x0000000087b00000, 0x0000000087b00000, 0x0000000087c00000|  0%| F|  |TAMS 0x0000000087b00000, 0x0000000087b00000| Untracked 
| 124|0x0000000087c00000, 0x0000000087c00000, 0x0000000087d00000|  0%| F|  |TAMS 0x0000000087c00000, 0x0000000087c00000| Untracked 
| 125|0x0000000087d00000, 0x0000000087d00000, 0x0000000087e00000|  0%| F|  |TAMS 0x0000000087d00000, 0x0000000087d00000| Untracked 
| 126|0x0000000087e00000, 0x0000000087e00000, 0x0000000087f00000|  0%| F|  |TAMS 0x0000000087e00000, 0x0000000087e00000| Untracked 
| 127|0x0000000087f00000, 0x0000000087f00000, 0x0000000088000000|  0%| F|  |TAMS 0x0000000087f00000, 0x0000000087f00000| Untracked 
| 128|0x0000000088000000, 0x0000000088000000, 0x0000000088100000|  0%| F|  |TAMS 0x0000000088000000, 0x0000000088000000| Untracked 
| 129|0x0000000088100000, 0x0000000088100000, 0x0000000088200000|  0%| F|  |TAMS 0x0000000088100000, 0x0000000088100000| Untracked 
| 130|0x0000000088200000, 0x0000000088200000, 0x0000000088300000|  0%| F|  |TAMS 0x0000000088200000, 0x0000000088200000| Untracked 
| 131|0x0000000088300000, 0x0000000088300000, 0x0000000088400000|  0%| F|  |TAMS 0x0000000088300000, 0x0000000088300000| Untracked 
| 132|0x0000000088400000, 0x0000000088400000, 0x0000000088500000|  0%| F|  |TAMS 0x0000000088400000, 0x0000000088400000| Untracked 
| 133|0x0000000088500000, 0x0000000088500000, 0x0000000088600000|  0%| F|  |TAMS 0x0000000088500000, 0x0000000088500000| Untracked 
| 134|0x0000000088600000, 0x0000000088600000, 0x0000000088700000|  0%| F|  |TAMS 0x0000000088600000, 0x0000000088600000| Untracked 
| 135|0x0000000088700000, 0x0000000088700000, 0x0000000088800000|  0%| F|  |TAMS 0x0000000088700000, 0x0000000088700000| Untracked 
| 136|0x0000000088800000, 0x0000000088800000, 0x0000000088900000|  0%| F|  |TAMS 0x0000000088800000, 0x0000000088800000| Untracked 
| 137|0x0000000088900000, 0x0000000088900000, 0x0000000088a00000|  0%| F|  |TAMS 0x0000000088900000, 0x0000000088900000| Untracked 
| 138|0x0000000088a00000, 0x0000000088a00000, 0x0000000088b00000|  0%| F|  |TAMS 0x0000000088a00000, 0x0000000088a00000| Untracked 
| 139|0x0000000088b00000, 0x0000000088b4aa70, 0x0000000088c00000| 29%| S|CS|TAMS 0x0000000088b00000, 0x0000000088b00000| Complete 
| 140|0x0000000088c00000, 0x0000000088d00000, 0x0000000088d00000|100%| S|CS|TAMS 0x0000000088c00000, 0x0000000088c00000| Complete 
| 141|0x0000000088d00000, 0x0000000088e00000, 0x0000000088e00000|100%| S|CS|TAMS 0x0000000088d00000, 0x0000000088d00000| Complete 
| 142|0x0000000088e00000, 0x0000000088f00000, 0x0000000088f00000|100%| S|CS|TAMS 0x0000000088e00000, 0x0000000088e00000| Complete 
| 143|0x0000000088f00000, 0x0000000088f00000, 0x0000000089000000|  0%| F|  |TAMS 0x0000000088f00000, 0x0000000088f00000| Untracked 
| 144|0x0000000089000000, 0x0000000089000000, 0x0000000089100000|  0%| F|  |TAMS 0x0000000089000000, 0x0000000089000000| Untracked 
| 145|0x0000000089100000, 0x0000000089100000, 0x0000000089200000|  0%| F|  |TAMS 0x0000000089100000, 0x0000000089100000| Untracked 
| 146|0x0000000089200000, 0x0000000089280800, 0x0000000089300000| 50%| E|  |TAMS 0x0000000089200000, 0x0000000089200000| Complete 
| 147|0x0000000089300000, 0x0000000089400000, 0x0000000089400000|100%| E|CS|TAMS 0x0000000089300000, 0x0000000089300000| Complete 
| 148|0x0000000089400000, 0x0000000089500000, 0x0000000089500000|100%| E|CS|TAMS 0x0000000089400000, 0x0000000089400000| Complete 
| 149|0x0000000089500000, 0x0000000089600000, 0x0000000089600000|100%| E|CS|TAMS 0x0000000089500000, 0x0000000089500000| Complete 
| 150|0x0000000089600000, 0x0000000089700000, 0x0000000089700000|100%| E|CS|TAMS 0x0000000089600000, 0x0000000089600000| Complete 
| 151|0x0000000089700000, 0x0000000089800000, 0x0000000089800000|100%| E|CS|TAMS 0x0000000089700000, 0x0000000089700000| Complete 
| 152|0x0000000089800000, 0x0000000089900000, 0x0000000089900000|100%| E|CS|TAMS 0x0000000089800000, 0x0000000089800000| Complete 
| 153|0x0000000089900000, 0x0000000089a00000, 0x0000000089a00000|100%| E|CS|TAMS 0x0000000089900000, 0x0000000089900000| Complete 
| 154|0x0000000089a00000, 0x0000000089b00000, 0x0000000089b00000|100%| E|CS|TAMS 0x0000000089a00000, 0x0000000089a00000| Complete 
| 155|0x0000000089b00000, 0x0000000089c00000, 0x0000000089c00000|100%| E|CS|TAMS 0x0000000089b00000, 0x0000000089b00000| Complete 
| 156|0x0000000089c00000, 0x0000000089d00000, 0x0000000089d00000|100%| E|CS|TAMS 0x0000000089c00000, 0x0000000089c00000| Complete 
| 157|0x0000000089d00000, 0x0000000089e00000, 0x0000000089e00000|100%| E|CS|TAMS 0x0000000089d00000, 0x0000000089d00000| Complete 
| 158|0x0000000089e00000, 0x0000000089f00000, 0x0000000089f00000|100%| E|CS|TAMS 0x0000000089e00000, 0x0000000089e00000| Complete 
| 159|0x0000000089f00000, 0x000000008a000000, 0x000000008a000000|100%| E|CS|TAMS 0x0000000089f00000, 0x0000000089f00000| Complete 
| 160|0x000000008a000000, 0x000000008a100000, 0x000000008a100000|100%| E|CS|TAMS 0x000000008a000000, 0x000000008a000000| Complete 
| 161|0x000000008a100000, 0x000000008a200000, 0x000000008a200000|100%| E|CS|TAMS 0x000000008a100000, 0x000000008a100000| Complete 
| 162|0x000000008a200000, 0x000000008a300000, 0x000000008a300000|100%| E|CS|TAMS 0x000000008a200000, 0x000000008a200000| Complete 
| 163|0x000000008a300000, 0x000000008a400000, 0x000000008a400000|100%| E|CS|TAMS 0x000000008a300000, 0x000000008a300000| Complete 
| 164|0x000000008a400000, 0x000000008a500000, 0x000000008a500000|100%| E|CS|TAMS 0x000000008a400000, 0x000000008a400000| Complete 
| 165|0x000000008a500000, 0x000000008a600000, 0x000000008a600000|100%| E|CS|TAMS 0x000000008a500000, 0x000000008a500000| Complete 
| 166|0x000000008a600000, 0x000000008a700000, 0x000000008a700000|100%| E|CS|TAMS 0x000000008a600000, 0x000000008a600000| Complete 
| 167|0x000000008a700000, 0x000000008a800000, 0x000000008a800000|100%| E|CS|TAMS 0x000000008a700000, 0x000000008a700000| Complete 
| 168|0x000000008a800000, 0x000000008a900000, 0x000000008a900000|100%| E|CS|TAMS 0x000000008a800000, 0x000000008a800000| Complete 
| 169|0x000000008a900000, 0x000000008aa00000, 0x000000008aa00000|100%| E|CS|TAMS 0x000000008a900000, 0x000000008a900000| Complete 
| 170|0x000000008aa00000, 0x000000008ab00000, 0x000000008ab00000|100%| E|CS|TAMS 0x000000008aa00000, 0x000000008aa00000| Complete 
| 171|0x000000008ab00000, 0x000000008ac00000, 0x000000008ac00000|100%| E|CS|TAMS 0x000000008ab00000, 0x000000008ab00000| Complete 
| 172|0x000000008ac00000, 0x000000008ad00000, 0x000000008ad00000|100%| E|CS|TAMS 0x000000008ac00000, 0x000000008ac00000| Complete 
| 173|0x000000008ad00000, 0x000000008ae00000, 0x000000008ae00000|100%| E|CS|TAMS 0x000000008ad00000, 0x000000008ad00000| Complete 
| 174|0x000000008ae00000, 0x000000008af00000, 0x000000008af00000|100%| E|CS|TAMS 0x000000008ae00000, 0x000000008ae00000| Complete 
| 175|0x000000008af00000, 0x000000008b000000, 0x000000008b000000|100%| E|CS|TAMS 0x000000008af00000, 0x000000008af00000| Complete 
| 176|0x000000008b000000, 0x000000008b100000, 0x000000008b100000|100%| E|CS|TAMS 0x000000008b000000, 0x000000008b000000| Complete 
| 177|0x000000008b100000, 0x000000008b200000, 0x000000008b200000|100%| E|CS|TAMS 0x000000008b100000, 0x000000008b100000| Complete 
| 178|0x000000008b200000, 0x000000008b300000, 0x000000008b300000|100%| E|CS|TAMS 0x000000008b200000, 0x000000008b200000| Complete 
| 179|0x000000008b300000, 0x000000008b400000, 0x000000008b400000|100%| E|CS|TAMS 0x000000008b300000, 0x000000008b300000| Complete 
| 180|0x000000008b400000, 0x000000008b500000, 0x000000008b500000|100%| E|CS|TAMS 0x000000008b400000, 0x000000008b400000| Complete 
| 181|0x000000008b500000, 0x000000008b600000, 0x000000008b600000|100%| E|CS|TAMS 0x000000008b500000, 0x000000008b500000| Complete 
| 182|0x000000008b600000, 0x000000008b700000, 0x000000008b700000|100%| E|CS|TAMS 0x000000008b600000, 0x000000008b600000| Complete 
| 183|0x000000008b700000, 0x000000008b800000, 0x000000008b800000|100%| E|CS|TAMS 0x000000008b700000, 0x000000008b700000| Complete 

Card table byte_map: [0x000001af34f50000,0x000001af35350000] _byte_map_base: 0x000001af34b50000

Marking Bits (Prev, Next): (CMBitMap*) 0x000001af21d60bd0, (CMBitMap*) 0x000001af21d60b98
 Prev Bits: [0x000001af37750000, 0x000001af39750000)
 Next Bits: [0x000001af35750000, 0x000001af37750000)

Polling page: 0x000001af1fc40000

Metaspace:

Usage:
  Non-class:     83.40 MB capacity,    81.90 MB ( 98%) used,     1.26 MB (  2%) free+waste,   249.50 KB ( <1%) overhead. 
      Class:     12.91 MB capacity,    12.15 MB ( 94%) used,   670.29 KB (  5%) free+waste,   114.69 KB ( <1%) overhead. 
       Both:     96.32 MB capacity,    94.05 MB ( 98%) used,     1.91 MB (  2%) free+waste,   364.19 KB ( <1%) overhead. 

Virtual space:
  Non-class space:       84.00 MB reserved,      83.50 MB (>99%) committed 
      Class space:        1.00 GB reserved,      13.00 MB (  1%) committed 
             Both:        1.08 GB reserved,      96.50 MB (  9%) committed 

Chunk freelists:
   Non-Class:  34.00 KB
       Class:  26.00 KB
        Both:  60.00 KB

MaxMetaspaceSize: 17179869184.00 GB
CompressedClassSpaceSize: 1.00 GB

CodeHeap 'non-profiled nmethods': size=120000Kb used=6296Kb max_used=6296Kb free=113703Kb
 bounds [0x000001af2d2f0000, 0x000001af2d920000, 0x000001af34820000]
CodeHeap 'profiled nmethods': size=120000Kb used=21108Kb max_used=21108Kb free=98891Kb
 bounds [0x000001af25dc0000, 0x000001af27260000, 0x000001af2d2f0000]
CodeHeap 'non-nmethods': size=5760Kb used=2306Kb max_used=2366Kb free=3453Kb
 bounds [0x000001af25820000, 0x000001af25a90000, 0x000001af25dc0000]
 total_blobs=10677 nmethods=9762 adapters=826
 compilation: enabled
              stopped_count=0, restarted_count=0
 full_count=0

Compilation events (20 events):
Event: 14.326 Thread 0x000001af3cb1e000 nmethod 9734 0x000001af2d912b90 code [0x000001af2d912d40, 0x000001af2d912df8]
Event: 14.326 Thread 0x000001af3cb1e000 9723       1       org.gradle.internal.component.external.model.AbstractRealisedModuleComponentResolveMetadata$ImmutableRealisedVariantImpl::getName (5 bytes)
Event: 14.326 Thread 0x000001af3cb1e000 nmethod 9723 0x000001af2d912e90 code [0x000001af2d913040, 0x000001af2d9130f8]
Event: 14.326 Thread 0x000001af3cb1e000 9732       1       org.gradle.internal.component.external.model.AbstractRealisedModuleComponentResolveMetadata$ImmutableRealisedVariantImpl::getDependencyMetadata (5 bytes)
Event: 14.326 Thread 0x000001af3cb1e000 nmethod 9732 0x000001af2d913190 code [0x000001af2d913340, 0x000001af2d9133f8]
Event: 14.326 Thread 0x000001af3cb1e000 9733       1       org.gradle.internal.component.external.model.AbstractRealisedModuleComponentResolveMetadata$ImmutableRealisedVariantImpl::getAttributes (5 bytes)
Event: 14.326 Thread 0x000001af3cb1e000 nmethod 9733 0x000001af2d913490 code [0x000001af2d913640, 0x000001af2d9136f8]
Event: 14.327 Thread 0x000001af3cb1e000 9745       3       org.gradle.api.internal.artifacts.ivyservice.resolveengine.result.DesugaredAttributeContainerSerializer::write (237 bytes)
Event: 14.328 Thread 0x000001af3cb1e000 nmethod 9745 0x000001af2723e810 code [0x000001af2723eb40, 0x000001af27240148]
Event: 14.329 Thread 0x000001af3cb1e000 9746       3       org.gradle.api.internal.artifacts.ivyservice.resolveengine.result.ComponentSelectionReasonSerializer::writeDescription (28 bytes)
Event: 14.329 Thread 0x000001af3cb1e000 nmethod 9746 0x000001af27240590 code [0x000001af272407a0, 0x000001af27240c88]
Event: 14.329 Thread 0x000001af3cb1e000 9747       3       org.gradle.api.internal.artifacts.ivyservice.resolveengine.result.DefaultComponentSelectionDescriptor::getDescription (10 bytes)
Event: 14.330 Thread 0x000001af3cb1e000 nmethod 9747 0x000001af27240e90 code [0x000001af27241040, 0x000001af27241208]
Event: 14.330 Thread 0x000001af3cb1e000 9748       3       org.gradle.internal.component.external.model.RealisedVariantBackedConfigurationMetadata$ComponentAttributesAwareVariant::getAttributes (5 bytes)
Event: 14.330 Thread 0x000001af3cb1e000 nmethod 9748 0x000001af27241310 code [0x000001af27241500, 0x000001af272419c8]
Event: 14.330 Thread 0x000001af3cb1e000 9750       3       org.gradle.internal.component.model.DefaultSelectedByVariantMatchingConfigurationMetadata::getAttributes (10 bytes)
Event: 14.331 Thread 0x000001af3cb1e000 nmethod 9750 0x000001af27241b90 code [0x000001af27241d40, 0x000001af27241f08]
Event: 14.331 Thread 0x000001af3cb1e000 9749       3       org.gradle.internal.component.external.model.RealisedVariantBackedConfigurationMetadata$ComponentAttributesAwareVariant::getAttributes (29 bytes)
Event: 14.331 Thread 0x000001af3cb1e000 nmethod 9749 0x000001af27242010 code [0x000001af27242200, 0x000001af27242668]
Event: 14.331 Thread 0x000001af3cb1e000 9754       3       java.util.ArrayDeque::contains (80 bytes)

GC Heap History (20 events):
Event: 9.105 GC heap before
{Heap before GC invocations=14 (full 0):
 garbage-first heap   total 188416K, used 136854K [0x0000000080000000, 0x0000000100000000)
  region size 1024K, 72 young (73728K), 11 survivors (11264K)
 Metaspace       used 59921K, capacity 61659K, committed 61824K, reserved 1103872K
  class space    used 7722K, capacity 8302K, committed 8320K, reserved 1048576K
}
Event: 9.113 GC heap after
{Heap after GC invocations=15 (full 0):
 garbage-first heap   total 188416K, used 77799K [0x0000000080000000, 0x0000000100000000)
  region size 1024K, 3 young (3072K), 3 survivors (3072K)
 Metaspace       used 59921K, capacity 61659K, committed 61824K, reserved 1103872K
  class space    used 7722K, capacity 8302K, committed 8320K, reserved 1048576K
}
Event: 9.985 GC heap before
{Heap before GC invocations=15 (full 0):
 garbage-first heap   total 188416K, used 140263K [0x0000000080000000, 0x0000000100000000)
  region size 1024K, 65 young (66560K), 3 survivors (3072K)
 Metaspace       used 68227K, capacity 70141K, committed 70400K, reserved 1110016K
  class space    used 8747K, capacity 9399K, committed 9472K, reserved 1048576K
}
Event: 9.992 GC heap after
{Heap after GC invocations=16 (full 0):
 garbage-first heap   total 188416K, used 81703K [0x0000000080000000, 0x0000000100000000)
  region size 1024K, 7 young (7168K), 7 survivors (7168K)
 Metaspace       used 68227K, capacity 70141K, committed 70400K, reserved 1110016K
  class space    used 8747K, capacity 9399K, committed 9472K, reserved 1048576K
}
Event: 10.086 GC heap before
{Heap before GC invocations=16 (full 0):
 garbage-first heap   total 188416K, used 89895K [0x0000000080000000, 0x0000000100000000)
  region size 1024K, 16 young (16384K), 7 survivors (7168K)
 Metaspace       used 69051K, capacity 70900K, committed 71040K, reserved 1110016K
  class space    used 8848K, capacity 9499K, committed 9600K, reserved 1048576K
}
Event: 10.094 GC heap after
{Heap after GC invocations=17 (full 0):
 garbage-first heap   total 188416K, used 82560K [0x0000000080000000, 0x0000000100000000)
  region size 1024K, 6 young (6144K), 6 survivors (6144K)
 Metaspace       used 69051K, capacity 70900K, committed 71040K, reserved 1110016K
  class space    used 8848K, capacity 9499K, committed 9600K, reserved 1048576K
}
Event: 10.769 GC heap before
{Heap before GC invocations=18 (full 0):
 garbage-first heap   total 188416K, used 134784K [0x0000000080000000, 0x0000000100000000)
  region size 1024K, 56 young (57344K), 6 survivors (6144K)
 Metaspace       used 73300K, capacity 75188K, committed 75392K, reserved 1114112K
  class space    used 9379K, capacity 10025K, committed 10112K, reserved 1048576K
}
Event: 10.779 GC heap after
{Heap after GC invocations=19 (full 0):
 garbage-first heap   total 188416K, used 85360K [0x0000000080000000, 0x0000000100000000)
  region size 1024K, 4 young (4096K), 4 survivors (4096K)
 Metaspace       used 73300K, capacity 75188K, committed 75392K, reserved 1114112K
  class space    used 9379K, capacity 10025K, committed 10112K, reserved 1048576K
}
Event: 11.282 GC heap before
{Heap before GC invocations=20 (full 0):
 garbage-first heap   total 188416K, used 138608K [0x0000000080000000, 0x0000000100000000)
  region size 1024K, 56 young (57344K), 4 survivors (4096K)
 Metaspace       used 75280K, capacity 77257K, committed 77440K, reserved 1116160K
  class space    used 9623K, capacity 10328K, committed 10368K, reserved 1048576K
}
Event: 11.290 GC heap after
{Heap after GC invocations=21 (full 0):
 garbage-first heap   total 188416K, used 89088K [0x0000000080000000, 0x0000000100000000)
  region size 1024K, 7 young (7168K), 7 survivors (7168K)
 Metaspace       used 75280K, capacity 77257K, committed 77440K, reserved 1116160K
  class space    used 9623K, capacity 10328K, committed 10368K, reserved 1048576K
}
Event: 12.018 GC heap before
{Heap before GC invocations=21 (full 0):
 garbage-first heap   total 188416K, used 143360K [0x0000000080000000, 0x0000000100000000)
  region size 1024K, 60 young (61440K), 7 survivors (7168K)
 Metaspace       used 80891K, capacity 82987K, committed 83072K, reserved 1120256K
  class space    used 10565K, capacity 11316K, committed 11392K, reserved 1048576K
}
Event: 12.030 GC heap after
{Heap after GC invocations=22 (full 0):
 garbage-first heap   total 188416K, used 92741K [0x0000000080000000, 0x0000000100000000)
  region size 1024K, 8 young (8192K), 8 survivors (8192K)
 Metaspace       used 80891K, capacity 82987K, committed 83072K, reserved 1120256K
  class space    used 10565K, capacity 11316K, committed 11392K, reserved 1048576K
}
Event: 12.136 GC heap before
{Heap before GC invocations=22 (full 0):
 garbage-first heap   total 188416K, used 97861K [0x0000000080000000, 0x0000000100000000)
  region size 1024K, 14 young (14336K), 8 survivors (8192K)
 Metaspace       used 81750K, capacity 83860K, committed 83968K, reserved 1122304K
  class space    used 10667K, capacity 11414K, committed 11520K, reserved 1048576K
}
Event: 12.146 GC heap after
{Heap after GC invocations=23 (full 0):
 garbage-first heap   total 188416K, used 93139K [0x0000000080000000, 0x0000000100000000)
  region size 1024K, 4 young (4096K), 4 survivors (4096K)
 Metaspace       used 81750K, capacity 83860K, committed 83968K, reserved 1122304K
  class space    used 10667K, capacity 11414K, committed 11520K, reserved 1048576K
}
Event: 12.750 GC heap before
{Heap before GC invocations=24 (full 0):
 garbage-first heap   total 188416K, used 156627K [0x0000000080000000, 0x0000000100000000)
  region size 1024K, 57 young (58368K), 4 survivors (4096K)
 Metaspace       used 84771K, capacity 87025K, committed 87168K, reserved 1124352K
  class space    used 11068K, capacity 11859K, committed 11904K, reserved 1048576K
}
Event: 12.759 GC heap after
{Heap after GC invocations=25 (full 0):
 garbage-first heap   total 188416K, used 107873K [0x0000000080000000, 0x0000000100000000)
  region size 1024K, 8 young (8192K), 8 survivors (8192K)
 Metaspace       used 84771K, capacity 87025K, committed 87168K, reserved 1124352K
  class space    used 11068K, capacity 11859K, committed 11904K, reserved 1048576K
}
Event: 13.031 GC heap before
{Heap before GC invocations=25 (full 0):
 garbage-first heap   total 188416K, used 138593K [0x0000000080000000, 0x0000000100000000)
  region size 1024K, 40 young (40960K), 8 survivors (8192K)
 Metaspace       used 87103K, capacity 89332K, committed 89472K, reserved 1126400K
  class space    used 11366K, capacity 12156K, committed 12160K, reserved 1048576K
}
Event: 13.040 GC heap after
{Heap after GC invocations=26 (full 0):
 garbage-first heap   total 188416K, used 111365K [0x0000000080000000, 0x0000000100000000)
  region size 1024K, 3 young (3072K), 3 survivors (3072K)
 Metaspace       used 87103K, capacity 89332K, committed 89472K, reserved 1126400K
  class space    used 11366K, capacity 12156K, committed 12160K, reserved 1048576K
}
Event: 13.682 GC heap before
{Heap before GC invocations=27 (full 0):
 garbage-first heap   total 188416K, used 151301K [0x0000000080000000, 0x0000000100000000)
  region size 1024K, 41 young (41984K), 3 survivors (3072K)
 Metaspace       used 93143K, capacity 95407K, committed 95616K, reserved 1132544K
  class space    used 12100K, capacity 12888K, committed 12928K, reserved 1048576K
}
Event: 13.687 GC heap after
{Heap after GC invocations=28 (full 0):
 garbage-first heap   total 188416K, used 111914K [0x0000000080000000, 0x0000000100000000)
  region size 1024K, 4 young (4096K), 4 survivors (4096K)
 Metaspace       used 93143K, capacity 95407K, committed 95616K, reserved 1132544K
  class space    used 12100K, capacity 12888K, committed 12928K, reserved 1048576K
}

Deoptimization events (20 events):
Event: 14.064 Thread 0x000001af3f6c1000 Uncommon trap: trap_request=0xffffffde fr.pc=0x000001af2d800068 relative=0x0000000000000388
Event: 14.064 Thread 0x000001af3f6c1000 Uncommon trap: reason=class_check action=maybe_recompile pc=0x000001af2d800068 method=com.google.common.collect.ImmutableCollection$Builder.addAll(Ljava/lang/Iterable;)Lcom/google/common/collect/ImmutableCollection$Builder; @ 1 c2
Event: 14.064 Thread 0x000001af3f6c1000 DEOPT PACKING pc=0x000001af2d800068 sp=0x0000007dc0af7e30
Event: 14.064 Thread 0x000001af3f6c1000 DEOPT UNPACKING pc=0x000001af2584662f sp=0x0000007dc0af7e00 mode 2
Event: 14.064 Thread 0x000001af3f6c1000 Uncommon trap: trap_request=0xffffffde fr.pc=0x000001af2d800068 relative=0x0000000000000388
Event: 14.064 Thread 0x000001af3f6c1000 Uncommon trap: reason=class_check action=maybe_recompile pc=0x000001af2d800068 method=com.google.common.collect.ImmutableCollection$Builder.addAll(Ljava/lang/Iterable;)Lcom/google/common/collect/ImmutableCollection$Builder; @ 1 c2
Event: 14.064 Thread 0x000001af3f6c1000 DEOPT PACKING pc=0x000001af2d800068 sp=0x0000007dc0af7e30
Event: 14.064 Thread 0x000001af3f6c1000 DEOPT UNPACKING pc=0x000001af2584662f sp=0x0000007dc0af7e00 mode 2
Event: 14.064 Thread 0x000001af3f6c1000 Uncommon trap: trap_request=0xffffffde fr.pc=0x000001af2d800068 relative=0x0000000000000388
Event: 14.064 Thread 0x000001af3f6c1000 Uncommon trap: reason=class_check action=maybe_recompile pc=0x000001af2d800068 method=com.google.common.collect.ImmutableCollection$Builder.addAll(Ljava/lang/Iterable;)Lcom/google/common/collect/ImmutableCollection$Builder; @ 1 c2
Event: 14.064 Thread 0x000001af3f6c1000 DEOPT PACKING pc=0x000001af2d800068 sp=0x0000007dc0af7e30
Event: 14.064 Thread 0x000001af3f6c1000 DEOPT UNPACKING pc=0x000001af2584662f sp=0x0000007dc0af7e00 mode 2
Event: 14.245 Thread 0x000001af3f6c1000 Uncommon trap: trap_request=0xffffff4d fr.pc=0x000001af2d5f6c90 relative=0x0000000000002430
Event: 14.245 Thread 0x000001af3f6c1000 Uncommon trap: reason=unstable_if action=reinterpret pc=0x000001af2d5f6c90 method=com.esotericsoftware.kryo.io.Output.writeString(Ljava/lang/String;)V @ 93 c2
Event: 14.245 Thread 0x000001af3f6c1000 DEOPT PACKING pc=0x000001af2d5f6c90 sp=0x0000007dc0af7a50
Event: 14.245 Thread 0x000001af3f6c1000 DEOPT UNPACKING pc=0x000001af2584662f sp=0x0000007dc0af79b0 mode 2
Event: 14.263 Thread 0x000001af3f6c1000 Uncommon trap: trap_request=0xffffff4d fr.pc=0x000001af2d85df10 relative=0x00000000000014b0
Event: 14.263 Thread 0x000001af3f6c1000 Uncommon trap: reason=unstable_if action=reinterpret pc=0x000001af2d85df10 method=com.esotericsoftware.kryo.io.Input.readAscii()Ljava/lang/String; @ 23 c2
Event: 14.263 Thread 0x000001af3f6c1000 DEOPT PACKING pc=0x000001af2d85df10 sp=0x0000007dc0af7260
Event: 14.263 Thread 0x000001af3f6c1000 DEOPT UNPACKING pc=0x000001af2584662f sp=0x0000007dc0af71b8 mode 2

Classes redefined (0 events):
No events

Internal exceptions (20 events):
Event: 12.790 Thread 0x000001af3f6c1000 Exception <a 'java/lang/ClassNotFoundException'{0x000000008affdc18}: org/gradle/api/tasks/SourceSetBeanInfo> (0x000000008affdc18) thrown at [./src/hotspot/share/classfile/systemDictionary.cpp, line 231]
Event: 12.791 Thread 0x000001af3f6c1000 Exception <a 'java/lang/ClassNotFoundException'{0x000000008ae19c70}: org/gradle/api/tasks/SourceSetCustomizer> (0x000000008ae19c70) thrown at [./src/hotspot/share/classfile/systemDictionary.cpp, line 231]
Event: 12.793 Thread 0x000001af3f6c1000 Exception <a 'java/lang/ClassNotFoundException'{0x000000008ae93c20}: java/util/LinkedHashMapBeanInfo> (0x000000008ae93c20) thrown at [./src/hotspot/share/classfile/systemDictionary.cpp, line 231]
Event: 12.793 Thread 0x000001af3f6c1000 Exception <a 'java/lang/ClassNotFoundException'{0x000000008ae9c480}: java/util/HashMapBeanInfo> (0x000000008ae9c480) thrown at [./src/hotspot/share/classfile/systemDictionary.cpp, line 231]
Event: 12.794 Thread 0x000001af3f6c1000 Exception <a 'java/lang/ClassNotFoundException'{0x000000008aea5518}: java/util/AbstractMapBeanInfo> (0x000000008aea5518) thrown at [./src/hotspot/share/classfile/systemDictionary.cpp, line 231]
Event: 12.794 Thread 0x000001af3f6c1000 Exception <a 'java/lang/ClassNotFoundException'{0x000000008aeae668}: java/util/AbstractMapCustomizer> (0x000000008aeae668) thrown at [./src/hotspot/share/classfile/systemDictionary.cpp, line 231]
Event: 12.795 Thread 0x000001af3f6c1000 Exception <a 'java/lang/ClassNotFoundException'{0x000000008aec11a8}: java/util/HashMapCustomizer> (0x000000008aec11a8) thrown at [./src/hotspot/share/classfile/systemDictionary.cpp, line 231]
Event: 12.796 Thread 0x000001af3f6c1000 Exception <a 'java/lang/ClassNotFoundException'{0x000000008aee1cd0}: java/util/LinkedHashMapCustomizer> (0x000000008aee1cd0) thrown at [./src/hotspot/share/classfile/systemDictionary.cpp, line 231]
Event: 13.163 Thread 0x000001af3f6c1000 Exception <a 'sun/nio/fs/WindowsException'{0x000000008b3c4700}> (0x000000008b3c4700) thrown at [./src/hotspot/share/prims/jni.cpp, line 615]
Event: 13.163 Thread 0x000001af3f6c1000 Exception <a 'sun/nio/fs/WindowsException'{0x000000008b3c4ad8}> (0x000000008b3c4ad8) thrown at [./src/hotspot/share/prims/jni.cpp, line 615]
Event: 13.262 Thread 0x000001af3f6c1000 Exception <a 'java/lang/NullPointerException'{0x000000008a93f3d0}> (0x000000008a93f3d0) thrown at [./src/hotspot/share/interpreter/linkResolver.cpp, line 1440]
Event: 13.335 Thread 0x000001af3f6c1000 Implicit null exception at 0x000001af2d734318 to 0x000001af2d73645c
Event: 13.371 Thread 0x000001af3f6c1000 Implicit null exception at 0x000001af2d73b4e7 to 0x000001af2d73d3b4
Event: 13.486 Thread 0x000001af3f6c1000 Exception <a 'java/lang/NoSuchMethodError'{0x0000000089aaf2c0}: 'int java.lang.invoke.DirectMethodHandle$Holder.invokeStatic(java.lang.Object, java.lang.Object, int, java.lang.Object)'> (0x0000000089aaf2c0) thrown at [./src/hotspot/share/interpreter/linkResolver.cpp, line 773]
Event: 13.549 Thread 0x000001af3f6c1000 Exception <a 'sun/nio/fs/WindowsException'{0x00000000899e0538}> (0x00000000899e0538) thrown at [./src/hotspot/share/prims/jni.cpp, line 615]
Event: 13.550 Thread 0x000001af3f6c1000 Exception <a 'sun/nio/fs/WindowsException'{0x00000000899e1608}> (0x00000000899e1608) thrown at [./src/hotspot/share/prims/jni.cpp, line 615]
Event: 13.550 Thread 0x000001af3f6c1000 Exception <a 'sun/nio/fs/WindowsException'{0x00000000899e2728}> (0x00000000899e2728) thrown at [./src/hotspot/share/prims/jni.cpp, line 615]
Event: 13.550 Thread 0x000001af3f6c1000 Exception <a 'sun/nio/fs/WindowsException'{0x00000000899e3848}> (0x00000000899e3848) thrown at [./src/hotspot/share/prims/jni.cpp, line 615]
Event: 13.785 Thread 0x000001af3f6c1000 Exception <a 'java/lang/reflect/InvocationTargetException'{0x000000008b132b88}> (0x000000008b132b88) thrown at [./src/hotspot/share/runtime/reflection.cpp, line 1247]
Event: 13.864 Thread 0x000001af3f6c1000 Implicit null exception at 0x000001af2d8bd671 to 0x000001af2d8bec14

Events (20 events):
Event: 14.131 loading class org/gradle/api/attributes/CompatibilityCheckDetails
Event: 14.131 loading class org/gradle/api/attributes/CompatibilityCheckDetails done
Event: 14.230 loading class org/gradle/internal/component/external/model/ForcedDependencyMetadataWrapper
Event: 14.230 loading class org/gradle/internal/component/external/model/ForcedDependencyMetadataWrapper done
Event: 14.268 loading class org/gradle/api/artifacts/result/DependencyResult
Event: 14.268 loading class org/gradle/api/artifacts/result/DependencyResult done
Event: 14.269 loading class org/gradle/api/artifacts/result/ResolvedDependencyResult
Event: 14.269 loading class org/gradle/api/artifacts/result/ResolvedDependencyResult done
Event: 14.269 loading class com/android/build/gradle/internal/dependency/ConstraintHandler$execute$1$1
Event: 14.269 loading class com/android/build/gradle/internal/dependency/ConstraintHandler$execute$1$1 done
Event: 14.270 loading class org/gradle/api/artifacts/dsl/DependencyConstraintHandler
Event: 14.270 loading class org/gradle/api/artifacts/dsl/DependencyConstraintHandler done
Event: 14.274 loading class org/gradle/api/artifacts/DependencyConstraint
Event: 14.274 loading class org/gradle/api/artifacts/DependencyConstraint done
Event: 14.274 loading class com/android/build/gradle/internal/dependency/ConstraintHandler$execute$1$1$1
Event: 14.274 loading class com/android/build/gradle/internal/dependency/ConstraintHandler$execute$1$1$1 done
Event: 14.275 loading class org/gradle/api/artifacts/MutableVersionConstraint
Event: 14.275 loading class org/gradle/api/artifacts/MutableVersionConstraint done
Event: 14.304 loading class org/gradle/api/internal/artifacts/ivyservice/ivyresolve/strategy/InverseVersionSelector
Event: 14.304 loading class org/gradle/api/internal/artifacts/ivyservice/ivyresolve/strategy/InverseVersionSelector done


Dynamic libraries:
0x00007ff7b15f0000 - 0x00007ff7b15fa000 	C:\Program Files\Android\Android Studio\jre\bin\java.exe
0x00007ffc2f210000 - 0x00007ffc2f405000 	C:\WINDOWS\SYSTEM32\ntdll.dll
0x00007ffc2e480000 - 0x00007ffc2e53e000 	C:\WINDOWS\System32\KERNEL32.DLL
0x00007ffc2cc70000 - 0x00007ffc2cf38000 	C:\WINDOWS\System32\KERNELBASE.dll
0x00007ffc2cb10000 - 0x00007ffc2cc10000 	C:\WINDOWS\System32\ucrtbase.dll
0x00007ffc225f0000 - 0x00007ffc22609000 	C:\Program Files\Android\Android Studio\jre\bin\jli.dll
0x00007ffc224e0000 - 0x00007ffc224f7000 	C:\Program Files\Android\Android Studio\jre\bin\VCRUNTIME140.dll
0x00007ffc2ea50000 - 0x00007ffc2ebf0000 	C:\WINDOWS\System32\USER32.dll
0x00007ffc2cc10000 - 0x00007ffc2cc32000 	C:\WINDOWS\System32\win32u.dll
0x00007ffc101d0000 - 0x00007ffc1046a000 	C:\WINDOWS\WinSxS\amd64_microsoft.windows.common-controls_6595b64144ccf1df_6.0.19041.1110_none_60b5254171f9507e\COMCTL32.dll
0x00007ffc2ebf0000 - 0x00007ffc2ec1b000 	C:\WINDOWS\System32\GDI32.dll
0x00007ffc2edd0000 - 0x00007ffc2ee6e000 	C:\WINDOWS\System32\msvcrt.dll
0x00007ffc2d0b0000 - 0x00007ffc2d1bd000 	C:\WINDOWS\System32\gdi32full.dll
0x00007ffc2d1c0000 - 0x00007ffc2d25d000 	C:\WINDOWS\System32\msvcp_win.dll
0x00007ffc2e3e0000 - 0x00007ffc2e410000 	C:\WINDOWS\System32\IMM32.DLL
0x00007ffc16d10000 - 0x00007ffc16dad000 	C:\Program Files\Android\Android Studio\jre\bin\msvcp140.dll
0x00007ffbeed80000 - 0x00007ffbef855000 	C:\Program Files\Android\Android Studio\jre\bin\server\jvm.dll
0x00007ffc2e9a0000 - 0x00007ffc2ea4e000 	C:\WINDOWS\System32\ADVAPI32.dll
0x00007ffc2e340000 - 0x00007ffc2e3dc000 	C:\WINDOWS\System32\sechost.dll
0x00007ffc2e210000 - 0x00007ffc2e335000 	C:\WINDOWS\System32\RPCRT4.dll
0x00007ffc2e200000 - 0x00007ffc2e208000 	C:\WINDOWS\System32\PSAPI.DLL
0x00007ffc1d160000 - 0x00007ffc1d187000 	C:\WINDOWS\SYSTEM32\WINMM.dll
0x00007ffc124b0000 - 0x00007ffc124b9000 	C:\WINDOWS\SYSTEM32\WSOCK32.dll
0x00007ffc1f540000 - 0x00007ffc1f54a000 	C:\WINDOWS\SYSTEM32\VERSION.dll
0x00007ffc2e410000 - 0x00007ffc2e47b000 	C:\WINDOWS\System32\WS2_32.dll
0x00007ffc2b1a0000 - 0x00007ffc2b1b2000 	C:\WINDOWS\SYSTEM32\kernel.appcore.dll
0x00007ffbfb210000 - 0x00007ffbfb221000 	C:\Program Files\Android\Android Studio\jre\bin\verify.dll
0x00007ffc2a710000 - 0x00007ffc2a8f4000 	C:\WINDOWS\SYSTEM32\DBGHELP.DLL
0x00007ffc0f570000 - 0x00007ffc0f59c000 	C:\WINDOWS\SYSTEM32\dbgcore.DLL
0x00007ffc2c920000 - 0x00007ffc2c9a2000 	C:\WINDOWS\System32\bcryptPrimitives.dll
0x00007ffbfb1e0000 - 0x00007ffbfb209000 	C:\Program Files\Android\Android Studio\jre\bin\java.dll
0x00007ffc1ce60000 - 0x00007ffc1ce6b000 	C:\Program Files\Android\Android Studio\jre\bin\jimage.dll
0x00007ffbfb1c0000 - 0x00007ffbfb1d8000 	C:\Program Files\Android\Android Studio\jre\bin\zip.dll
0x00007ffc2d430000 - 0x00007ffc2db74000 	C:\WINDOWS\System32\SHELL32.dll
0x00007ffc2a900000 - 0x00007ffc2b094000 	C:\WINDOWS\SYSTEM32\windows.storage.dll
0x00007ffc2ee70000 - 0x00007ffc2f1c5000 	C:\WINDOWS\System32\combase.dll
0x00007ffc2c370000 - 0x00007ffc2c39e000 	C:\WINDOWS\SYSTEM32\Wldp.dll
0x00007ffc2e150000 - 0x00007ffc2e1fd000 	C:\WINDOWS\System32\SHCORE.dll
0x00007ffc2d260000 - 0x00007ffc2d2b5000 	C:\WINDOWS\System32\shlwapi.dll
0x00007ffc2c860000 - 0x00007ffc2c87f000 	C:\WINDOWS\SYSTEM32\profapi.dll
0x00007ffbfb0f0000 - 0x00007ffbfb10a000 	C:\Program Files\Android\Android Studio\jre\bin\net.dll
0x00007ffc22e40000 - 0x00007ffc22f4c000 	C:\WINDOWS\SYSTEM32\WINHTTP.dll
0x00007ffc2c0d0000 - 0x00007ffc2c13a000 	C:\WINDOWS\system32\mswsock.dll
0x00007ffbfb0d0000 - 0x00007ffbfb0e4000 	C:\Program Files\Android\Android Studio\jre\bin\nio.dll
0x00007ffbf0320000 - 0x00007ffbf0347000 	C:\Users\kndrc\.gradle\native\e1d6ef7f7dcc3fd88c89a11ec53ec762bb8ba0a96d01ffa2cd45eb1d1d8dd5c5\windows-amd64\native-platform.dll
0x00007ffbefa10000 - 0x00007ffbefb54000 	C:\Users\kndrc\.gradle\native\5664cfc778a61ccfe75a443a1ab52a65af34e5dc3c78e0209fed803814484fcb\windows-amd64\native-platform-file-events.dll
0x00007ffc13f70000 - 0x00007ffc13f7a000 	C:\Program Files\Android\Android Studio\jre\bin\management.dll
0x00007ffc11750000 - 0x00007ffc1175d000 	C:\Program Files\Android\Android Studio\jre\bin\management_ext.dll
0x00007ffc2c2c0000 - 0x00007ffc2c2d8000 	C:\WINDOWS\SYSTEM32\CRYPTSP.dll
0x00007ffc2b9e0000 - 0x00007ffc2ba14000 	C:\WINDOWS\system32\rsaenh.dll
0x00007ffc2cc40000 - 0x00007ffc2cc67000 	C:\WINDOWS\System32\bcrypt.dll
0x00007ffc2c820000 - 0x00007ffc2c84e000 	C:\WINDOWS\SYSTEM32\USERENV.dll
0x00007ffc2c2e0000 - 0x00007ffc2c2ec000 	C:\WINDOWS\SYSTEM32\CRYPTBASE.dll
0x00007ffc2bd70000 - 0x00007ffc2bdab000 	C:\WINDOWS\SYSTEM32\IPHLPAPI.DLL
0x00007ffc2e0d0000 - 0x00007ffc2e0d8000 	C:\WINDOWS\System32\NSI.dll
0x00007ffc1f520000 - 0x00007ffc1f537000 	C:\WINDOWS\SYSTEM32\dhcpcsvc6.DLL
0x00007ffc20860000 - 0x00007ffc2087d000 	C:\WINDOWS\SYSTEM32\dhcpcsvc.DLL
0x00007ffc2bdc0000 - 0x00007ffc2be8b000 	C:\WINDOWS\SYSTEM32\DNSAPI.dll

dbghelp: loaded successfully - version: 4.0.5 - missing functions: none
symbol engine: initialized successfully - sym options: 0x614 - pdb path: .;C:\Program Files\Android\Android Studio\jre\bin;C:\WINDOWS\SYSTEM32;C:\WINDOWS\WinSxS\amd64_microsoft.windows.common-controls_6595b64144ccf1df_6.0.19041.1110_none_60b5254171f9507e;C:\Program Files\Android\Android Studio\jre\bin\server;C:\Users\kndrc\.gradle\native\e1d6ef7f7dcc3fd88c89a11ec53ec762bb8ba0a96d01ffa2cd45eb1d1d8dd5c5\windows-amd64;C:\Users\kndrc\.gradle\native\5664cfc778a61ccfe75a443a1ab52a65af34e5dc3c78e0209fed803814484fcb\windows-amd64

VM Arguments:
jvm_args: --add-opens=java.base/java.util=ALL-UNNAMED --add-opens=java.base/java.lang=ALL-UNNAMED --add-opens=java.base/java.lang.invoke=ALL-UNNAMED --add-opens=java.base/java.util=ALL-UNNAMED --add-opens=java.prefs/java.util.prefs=ALL-UNNAMED --add-opens=java.prefs/java.util.prefs=ALL-UNNAMED --add-opens=java.base/java.nio.charset=ALL-UNNAMED --add-opens=java.base/java.net=ALL-UNNAMED --add-opens=java.base/java.util.concurrent.atomic=ALL-UNNAMED -Xmx2048m -Dfile.encoding=UTF-8 -Duser.country=US -Duser.language=en -Duser.variant 
java_command: org.gradle.launcher.daemon.bootstrap.GradleDaemon 7.2
java_class_path (initial): C:\Users\kndrc\.gradle\wrapper\dists\gradle-7.2-bin\2dnblmf4td7x66yl1d74lt32g\gradle-7.2\lib\gradle-launcher-7.2.jar
Launcher Type: SUN_STANDARD

[Global flags]
     intx CICompilerCount                          = 4                                         {product} {ergonomic}
     uint ConcGCThreads                            = 2                                         {product} {ergonomic}
     uint G1ConcRefinementThreads                  = 8                                         {product} {ergonomic}
   size_t G1HeapRegionSize                         = 1048576                                   {product} {ergonomic}
    uintx GCDrainStackTargetSize                   = 64                                        {product} {ergonomic}
   size_t InitialHeapSize                          = 132120576                                 {product} {ergonomic}
   size_t MarkStackSize                            = 4194304                                   {product} {ergonomic}
   size_t MaxHeapSize                              = 2147483648                                {product} {command line}
   size_t MaxNewSize                               = 1287651328                                {product} {ergonomic}
   size_t MinHeapDeltaBytes                        = 1048576                                   {product} {ergonomic}
    uintx NonNMethodCodeHeapSize                   = 5836300                                {pd product} {ergonomic}
    uintx NonProfiledCodeHeapSize                  = 122910970                              {pd product} {ergonomic}
    uintx ProfiledCodeHeapSize                     = 122910970                              {pd product} {ergonomic}
    uintx ReservedCodeCacheSize                    = 251658240                              {pd product} {ergonomic}
     bool SegmentedCodeCache                       = true                                      {product} {ergonomic}
     bool UseCompressedClassPointers               = true                                 {lp64_product} {ergonomic}
     bool UseCompressedOops                        = true                                 {lp64_product} {ergonomic}
     bool UseG1GC                                  = true                                      {product} {ergonomic}
     bool UseLargePagesIndividualAllocation        = false                                  {pd product} {ergonomic}

Logging:
Log output configuration:
 #0: stdout all=warning uptime,level,tags
 #1: stderr all=off uptime,level,tags

Environment Variables:
PATH=C:\Program Files\Common Files\Oracle\Java\javapath;C:\Program Files (x86)\Common Files\Intel\Shared Libraries\redist\intel64\compiler;C:\WINDOWS\system32;C:\WINDOWS;C:\WINDOWS\System32\Wbem;C:\WINDOWS\System32\WindowsPowerShell\v1.0\;C:\WINDOWS\System32\OpenSSH\;C:\Users\kndrc\AppData\Local\Programs\Python\Python38;C:\Users\kndrc\AppData\Local\Programs\Python\Python38\Scripts;C:\Program Files\Git\cmd;C:\Program Files\nodejs\;C:\Program Files\heroku\bin;C:\Users\kndrc\.cargo\bin;C:\Program Files\MySQL\MySQL Shell 8.0\bin\;C:\Users\kndrc\AppData\Local\Microsoft\WindowsApps;C:\Users\kndrc\AppData\Local\Programs\Microsoft VS Code\bin;C:\Program Files\Azure Data Studio\bin;C:\Users\kndrc\AppData\Local\Microsoft\WindowsApps;;C:\Program Files\JetBrains\IntelliJ IDEA Community Edition 2021.1\bin;;C:\Users\kndrc\AppData\Roaming\npm;C:\Program Files\heroku\bin
USERNAME=kndrc
OS=Windows_NT
PROCESSOR_IDENTIFIER=Intel64 Family 6 Model 142 Stepping 12, GenuineIntel



---------------  S Y S T E M  ---------------

OS: Windows 10 , 64 bit Build 19041 (10.0.19041.1503)
OS uptime: 0 days 1:40 hours

CPU:total 8 (initial active 8) (4 cores per cpu, 2 threads per core) family 6 model 142 stepping 12 microcode 0xec, cmov, cx8, fxsr, mmx, sse, sse2, sse3, ssse3, sse4.1, sse4.2, popcnt, avx, avx2, aes, clmul, erms, 3dnowpref, lzcnt, ht, tsc, tscinvbit, bmi1, bmi2, adx, fma

Memory: 4k page, system-wide physical 7964M (408M free)
TotalPageFile size 9864M (AvailPageFile size 8M)
current process WorkingSet (physical memory assigned to process): 467M, peak: 470M
current process commit charge ("private bytes"): 507M, peak: 511M

vm_info: OpenJDK 64-Bit Server VM (11.0.11+9-b60-7590822) for windows-amd64 JRE (11.0.11+9-b60-7590822), built on Jul 29 2021 21:43:44 by "builder" with MS VC++ 14.0 (VS2015)

END.
