#
# There is insufficient memory for the Java Runtime Environment to continue.
# Native memory allocation (malloc) failed to allocate 1152816 bytes for Chunk::new
# Possible reasons:
#   The system is out of physical RAM or swap space
#   The process is running with CompressedOops enabled, and the Java Heap may be blocking the growth of the native heap
# Possible solutions:
#   Reduce memory load on the system
#   Increase physical memory or swap space
#   Check if swap backing store is full
#   Decrease Java heap size (-Xmx/-Xms)
#   Decrease number of Java threads
#   Decrease Java thread stack sizes (-Xss)
#   Set larger code cache with -XX:ReservedCodeCacheSize=
#   JVM is running with Unscaled Compressed Oops mode in which the Java heap is
#     placed in the first 4GB address space. The Java Heap base address is the
#     maximum limit for the native heap growth. Please use -XX:HeapBaseMinAddress
#     to set the Java Heap base and to place the Java Heap above 4GB virtual address.
# This output file may be truncated or incomplete.
#
#  Out of Memory Error (./src/hotspot/share/memory/arena.cpp:197), pid=7936, tid=14208
#
# JRE version: OpenJDK Runtime Environment (11.0.11+9) (build 11.0.11+9-b60-7590822)
# Java VM: OpenJDK 64-Bit Server VM (11.0.11+9-b60-7590822, mixed mode, tiered, compressed oops, g1 gc, windows-amd64)
# No core dump will be written. Minidumps are not enabled by default on client versions of Windows
#

---------------  S U M M A R Y ------------

Command Line: --add-opens=java.base/java.util=ALL-UNNAMED --add-opens=java.base/java.lang=ALL-UNNAMED --add-opens=java.base/java.lang.invoke=ALL-UNNAMED --add-opens=java.base/java.util=ALL-UNNAMED --add-opens=java.prefs/java.util.prefs=ALL-UNNAMED --add-opens=java.prefs/java.util.prefs=ALL-UNNAMED --add-opens=java.base/java.nio.charset=ALL-UNNAMED --add-opens=java.base/java.net=ALL-UNNAMED --add-opens=java.base/java.util.concurrent.atomic=ALL-UNNAMED -Xmx2048m -Dfile.encoding=UTF-8 -Duser.country=US -Duser.language=en -Duser.variant org.gradle.launcher.daemon.bootstrap.GradleDaemon 7.2

Host: Intel(R) Core(TM) i5-8265U CPU @ 1.60GHz, 8 cores, 7G,  Windows 10 , 64 bit Build 19041 (10.0.19041.1503)
Time: Thu Feb 17 13:11:21 2022 Mountain Standard Time elapsed time: 11.763758 seconds (0d 0h 0m 11s)

---------------  T H R E A D  ---------------

Current thread (0x00000223a3f0f800):  JavaThread "C2 CompilerThread1" daemon [_thread_in_native, id=14208, stack(0x000000acae700000,0x000000acae800000)]


Current CompileTask:
C2:  11763 7070       4       sun.reflect.generics.parser.SignatureParser::parsePackageNameAndSimpleClassTypeSignature (119 bytes)

Stack: [0x000000acae700000,0x000000acae800000]
Native frames: (J=compiled Java code, j=interpreted, Vv=VM code, C=native code)
V  [jvm.dll+0x5f214a]
V  [jvm.dll+0x726fb5]
V  [jvm.dll+0x7285cd]
V  [jvm.dll+0x728c83]
V  [jvm.dll+0x243278]
V  [jvm.dll+0xbc53c]
V  [jvm.dll+0xbca3c]
V  [jvm.dll+0x353e7d]
V  [jvm.dll+0x19875c]
V  [jvm.dll+0x1fc2ee]
V  [jvm.dll+0x1fb3d4]
V  [jvm.dll+0x183d6c]
V  [jvm.dll+0x209a57]
V  [jvm.dll+0x2082a1]
V  [jvm.dll+0x6ef58f]
V  [jvm.dll+0x6e80b5]
V  [jvm.dll+0x5f1036]
C  [ucrtbase.dll+0x21bb2]
C  [KERNEL32.DLL+0x17034]
C  [ntdll.dll+0x52651]


---------------  P R O C E S S  ---------------

Threads class SMR info:
_java_thread_list=0x00000223a4dabc10, length=123, elements={
0x00000223860a4000, 0x00000223a0512000, 0x00000223a0515800, 0x00000223a0e97000,
0x00000223a0e98000, 0x00000223a0e9c800, 0x00000223a0e9e000, 0x00000223a0ea0000,
0x00000223a0530000, 0x00000223a1004000, 0x00000223a26b5800, 0x00000223a34aa000,
0x00000223a3ae8800, 0x00000223a42f3800, 0x00000223a3f2e000, 0x00000223a3a90000,
0x00000223a3034800, 0x00000223a317c800, 0x00000223a3bdc000, 0x00000223a2da4800,
0x00000223a2da8000, 0x00000223a2da7000, 0x00000223a2da3800, 0x00000223a2da5800,
0x00000223a2da6000, 0x00000223a2da2000, 0x00000223a2da8800, 0x00000223a3f09000,
0x00000223a3f07800, 0x00000223a3f05000, 0x00000223a3f06800, 0x00000223a3f0a000,
0x00000223a3f08000, 0x00000223a3f06000, 0x00000223a3f04000, 0x00000223a3f0e000,
0x00000223a3f0e800, 0x00000223a3f0b800, 0x00000223a3f0f800, 0x00000223a3f11000,
0x00000223a3f13000, 0x00000223a2da3000, 0x00000223a622e000, 0x00000223a622b800,
0x00000223a622d800, 0x00000223a6228800, 0x00000223a622c800, 0x00000223a622f000,
0x00000223a6229000, 0x00000223a622f800, 0x00000223a622a000, 0x00000223a6230800,
0x00000223a622b000, 0x00000223a6234000, 0x00000223a6234800, 0x00000223a6235800,
0x00000223a6236000, 0x00000223a6232000, 0x00000223a6237000, 0x00000223a6231800,
0x00000223a6233000, 0x00000223a6205000, 0x00000223a6202800, 0x00000223a6206000,
0x00000223a6202000, 0x00000223a6203800, 0x00000223a6204800, 0x00000223a6200000,
0x00000223a6207000, 0x00000223a6201000, 0x00000223a620b000, 0x00000223a620b800,
0x00000223a620d800, 0x00000223a6209000, 0x00000223a620a000, 0x00000223a6208800,
0x00000223a620c800, 0x00000223a6207800, 0x00000223a620e000, 0x00000223a620f000,
0x00000223a61d6000, 0x00000223a61da800, 0x00000223a61da000, 0x00000223a61db800,
0x00000223a61d7800, 0x00000223a61dc800, 0x00000223a61d6800, 0x00000223a61dd000,
0x00000223a61de000, 0x00000223a61d8800, 0x00000223a61df000, 0x00000223a61d9000,
0x00000223a61e2000, 0x00000223a61df800, 0x00000223a61e1800, 0x00000223a61e3800,
0x00000223a61e3000, 0x00000223a61e0800, 0x00000223a61e4800, 0x00000223a6848000,
0x00000223a6846800, 0x00000223a684c800, 0x00000223a684b800, 0x00000223a6849000,
0x00000223a684d000, 0x00000223a684a000, 0x00000223a684a800, 0x00000223a6847800,
0x00000223a684f000, 0x00000223a684f800, 0x00000223a684e000, 0x00000223a6852000,
0x00000223a6853800, 0x00000223a6855800, 0x00000223a6854800, 0x00000223a6850800,
0x00000223a6851000, 0x00000223a6853000, 0x00000223a7fb3800, 0x00000223a7faf800,
0x00000223a7fb2800, 0x00000223a7fae800, 0x00000223a7fb1800
}

Java Threads: ( => current thread )
  0x00000223860a4000 JavaThread "main" [_thread_blocked, id=4360, stack(0x000000acac200000,0x000000acac300000)]
  0x00000223a0512000 JavaThread "Reference Handler" daemon [_thread_blocked, id=9868, stack(0x000000acac900000,0x000000acaca00000)]
  0x00000223a0515800 JavaThread "Finalizer" daemon [_thread_blocked, id=12680, stack(0x000000acaca00000,0x000000acacb00000)]
  0x00000223a0e97000 JavaThread "Signal Dispatcher" daemon [_thread_blocked, id=4344, stack(0x000000acacb00000,0x000000acacc00000)]
  0x00000223a0e98000 JavaThread "Attach Listener" daemon [_thread_blocked, id=2084, stack(0x000000acacc00000,0x000000acacd00000)]
  0x00000223a0e9c800 JavaThread "Service Thread" daemon [_thread_blocked, id=12628, stack(0x000000acacd00000,0x000000acace00000)]
  0x00000223a0e9e000 JavaThread "C2 CompilerThread0" daemon [_thread_in_native, id=13704, stack(0x000000acace00000,0x000000acacf00000)]
  0x00000223a0ea0000 JavaThread "C1 CompilerThread0" daemon [_thread_blocked, id=1312, stack(0x000000acacf00000,0x000000acad000000)]
  0x00000223a0530000 JavaThread "Sweeper thread" daemon [_thread_blocked, id=11028, stack(0x000000acad000000,0x000000acad100000)]
  0x00000223a1004000 JavaThread "Common-Cleaner" daemon [_thread_blocked, id=432, stack(0x000000acad100000,0x000000acad200000)]
  0x00000223a26b5800 JavaThread "Daemon health stats" [_thread_blocked, id=13384, stack(0x000000acad600000,0x000000acad700000)]
  0x00000223a34aa000 JavaThread "Incoming local TCP Connector on port 51779" [_thread_in_native, id=516, stack(0x000000acad300000,0x000000acad400000)]
  0x00000223a3ae8800 JavaThread "Daemon periodic checks" [_thread_blocked, id=10388, stack(0x000000acad700000,0x000000acad800000)]
  0x00000223a42f3800 JavaThread "Daemon" [_thread_blocked, id=3336, stack(0x000000acae000000,0x000000acae100000)]
  0x00000223a3f2e000 JavaThread "Handler for socket connection from /127.0.0.1:51779 to /127.0.0.1:51780" [_thread_in_native, id=13148, stack(0x000000acae100000,0x000000acae200000)]
  0x00000223a3a90000 JavaThread "Cancel handler" [_thread_blocked, id=10724, stack(0x000000acae200000,0x000000acae300000)]
  0x00000223a3034800 JavaThread "Daemon worker" [_thread_in_vm, id=148, stack(0x000000acae300000,0x000000acae400000)]
  0x00000223a317c800 JavaThread "Asynchronous log dispatcher for DefaultDaemonConnection: socket connection from /127.0.0.1:51779 to /127.0.0.1:51780" [_thread_blocked, id=12204, stack(0x000000acae400000,0x000000acae500000)]
  0x00000223a3bdc000 JavaThread "Stdin handler" [_thread_blocked, id=5984, stack(0x000000acae500000,0x000000acae600000)]
  0x00000223a2da4800 JavaThread "Daemon client event forwarder" [_thread_blocked, id=13668, stack(0x000000acae600000,0x000000acae700000)]
  0x00000223a2da8000 JavaThread "Cache worker for journal cache (C:\Users\kndrc\.gradle\caches\journal-1)" [_thread_blocked, id=12808, stack(0x000000acae800000,0x000000acae900000)]
  0x00000223a2da7000 JavaThread "File lock request listener" [_thread_in_native, id=532, stack(0x000000acae900000,0x000000acaea00000)]
  0x00000223a2da3800 JavaThread "Cache worker for file hash cache (C:\Users\kndrc\.gradle\caches\7.2\fileHashes)" [_thread_blocked, id=8444, stack(0x000000acaea00000,0x000000acaeb00000)]
  0x00000223a2da5800 JavaThread "Cache worker for file hash cache (C:\Users\kndrc\AndroidStudioProjects\ToDoList\.gradle\7.2\fileHashes)" [_thread_blocked, id=10960, stack(0x000000acaec00000,0x000000acaed00000)]
  0x00000223a2da6000 JavaThread "File watcher server" daemon [_thread_in_native, id=9952, stack(0x000000acaed00000,0x000000acaee00000)]
  0x00000223a2da2000 JavaThread "File watcher consumer" daemon [_thread_blocked, id=10824, stack(0x000000acaee00000,0x000000acaef00000)]
  0x00000223a2da8800 JavaThread "jar transforms" [_thread_blocked, id=8908, stack(0x000000acaef00000,0x000000acaf000000)]
  0x00000223a3f09000 JavaThread "jar transforms Thread 2" [_thread_blocked, id=3808, stack(0x000000acaf000000,0x000000acaf100000)]
  0x00000223a3f07800 JavaThread "jar transforms Thread 3" [_thread_blocked, id=11008, stack(0x000000acaf100000,0x000000acaf200000)]
  0x00000223a3f05000 JavaThread "jar transforms Thread 4" [_thread_blocked, id=8676, stack(0x000000acaf200000,0x000000acaf300000)]
  0x00000223a3f06800 JavaThread "jar transforms Thread 5" [_thread_blocked, id=5276, stack(0x000000acaf300000,0x000000acaf400000)]
  0x00000223a3f0a000 JavaThread "jar transforms Thread 6" [_thread_blocked, id=12404, stack(0x000000acaf400000,0x000000acaf500000)]
  0x00000223a3f08000 JavaThread "jar transforms Thread 7" [_thread_blocked, id=10832, stack(0x000000acaf500000,0x000000acaf600000)]
  0x00000223a3f06000 JavaThread "jar transforms Thread 8" [_thread_blocked, id=9520, stack(0x000000acaf600000,0x000000acaf700000)]
  0x00000223a3f04000 JavaThread "Cache worker for checksums cache (C:\Users\kndrc\AndroidStudioProjects\ToDoList\.gradle\checksums)" [_thread_blocked, id=10472, stack(0x000000acaf700000,0x000000acaf800000)]
  0x00000223a3f0e000 JavaThread "Cache worker for cache directory md-supplier (C:\Users\kndrc\.gradle\caches\7.2\md-supplier)" [_thread_blocked, id=11928, stack(0x000000acaf800000,0x000000acaf900000)]
  0x00000223a3f0e800 JavaThread "Cache worker for cache directory md-rule (C:\Users\kndrc\.gradle\caches\7.2\md-rule)" [_thread_blocked, id=2540, stack(0x000000acaf900000,0x000000acafa00000)]
  0x00000223a3f0b800 JavaThread "Cache worker for execution history cache (C:\Users\kndrc\.gradle\caches\7.2\executionHistory)" [_thread_blocked, id=12516, stack(0x000000acafa00000,0x000000acafb00000)]
=>0x00000223a3f0f800 JavaThread "C2 CompilerThread1" daemon [_thread_in_native, id=14208, stack(0x000000acae700000,0x000000acae800000)]
  0x00000223a3f11000 JavaThread "Cache worker for file content cache (C:\Users\kndrc\.gradle\caches\7.2\fileContent)" [_thread_blocked, id=12940, stack(0x000000acafb00000,0x000000acafc00000)]
  0x00000223a3f13000 JavaThread "Cache worker for dependencies-accessors (C:\Users\kndrc\AndroidStudioProjects\ToDoList\.gradle\7.2\dependencies-accessors)" [_thread_blocked, id=13748, stack(0x000000acafc00000,0x000000acafd00000)]
  0x00000223a2da3000 JavaThread "Cache worker for Build Output Cleanup Cache (C:\Users\kndrc\AndroidStudioProjects\ToDoList\.gradle\buildOutputCleanup)" [_thread_blocked, id=11172, stack(0x000000acafd00000,0x000000acafe00000)]
  0x00000223a622e000 JavaThread "Unconstrained build operations" [_thread_blocked, id=3352, stack(0x000000acafe00000,0x000000acaff00000)]
  0x00000223a622b800 JavaThread "Unconstrained build operations Thread 2" [_thread_blocked, id=1124, stack(0x000000acaff00000,0x000000acb0000000)]
  0x00000223a622d800 JavaThread "Unconstrained build operations Thread 3" [_thread_blocked, id=6592, stack(0x000000acb0000000,0x000000acb0100000)]
  0x00000223a6228800 JavaThread "Unconstrained build operations Thread 4" [_thread_blocked, id=13560, stack(0x000000acb0100000,0x000000acb0200000)]
  0x00000223a622c800 JavaThread "Unconstrained build operations Thread 5" [_thread_blocked, id=2696, stack(0x000000acb0200000,0x000000acb0300000)]
  0x00000223a622f000 JavaThread "Unconstrained build operations Thread 6" [_thread_blocked, id=12464, stack(0x000000acb0300000,0x000000acb0400000)]
  0x00000223a6229000 JavaThread "Unconstrained build operations Thread 7" [_thread_blocked, id=5060, stack(0x000000acb0400000,0x000000acb0500000)]
  0x00000223a622f800 JavaThread "Unconstrained build operations Thread 8" [_thread_blocked, id=5616, stack(0x000000acb0500000,0x000000acb0600000)]
  0x00000223a622a000 JavaThread "Unconstrained build operations Thread 9" [_thread_blocked, id=9932, stack(0x000000acb0600000,0x000000acb0700000)]
  0x00000223a6230800 JavaThread "Unconstrained build operations Thread 10" [_thread_blocked, id=3032, stack(0x000000acb0700000,0x000000acb0800000)]
  0x00000223a622b000 JavaThread "Unconstrained build operations Thread 11" [_thread_blocked, id=6420, stack(0x000000acb0800000,0x000000acb0900000)]
  0x00000223a6234000 JavaThread "Unconstrained build operations Thread 12" [_thread_blocked, id=6952, stack(0x000000acb0900000,0x000000acb0a00000)]
  0x00000223a6234800 JavaThread "Unconstrained build operations Thread 13" [_thread_blocked, id=11944, stack(0x000000acb0a00000,0x000000acb0b00000)]
  0x00000223a6235800 JavaThread "Unconstrained build operations Thread 14" [_thread_blocked, id=6604, stack(0x000000acb0b00000,0x000000acb0c00000)]
  0x00000223a6236000 JavaThread "Unconstrained build operations Thread 15" [_thread_blocked, id=8756, stack(0x000000acb0c00000,0x000000acb0d00000)]
  0x00000223a6232000 JavaThread "Unconstrained build operations Thread 16" [_thread_blocked, id=5100, stack(0x000000acb0d00000,0x000000acb0e00000)]
  0x00000223a6237000 JavaThread "Unconstrained build operations Thread 17" [_thread_blocked, id=7172, stack(0x000000acb0e00000,0x000000acb0f00000)]
  0x00000223a6231800 JavaThread "Unconstrained build operations Thread 18" [_thread_blocked, id=11640, stack(0x000000acb0f00000,0x000000acb1000000)]
  0x00000223a6233000 JavaThread "Unconstrained build operations Thread 19" [_thread_blocked, id=11140, stack(0x000000acb1000000,0x000000acb1100000)]
  0x00000223a6205000 JavaThread "Unconstrained build operations Thread 20" [_thread_blocked, id=14280, stack(0x000000acb1100000,0x000000acb1200000)]
  0x00000223a6202800 JavaThread "Unconstrained build operations Thread 21" [_thread_blocked, id=684, stack(0x000000acb1200000,0x000000acb1300000)]
  0x00000223a6206000 JavaThread "Unconstrained build operations Thread 22" [_thread_blocked, id=11088, stack(0x000000acb1300000,0x000000acb1400000)]
  0x00000223a6202000 JavaThread "Unconstrained build operations Thread 23" [_thread_blocked, id=3732, stack(0x000000acb1400000,0x000000acb1500000)]
  0x00000223a6203800 JavaThread "Unconstrained build operations Thread 24" [_thread_blocked, id=7856, stack(0x000000acb1500000,0x000000acb1600000)]
  0x00000223a6204800 JavaThread "Unconstrained build operations Thread 25" [_thread_blocked, id=12384, stack(0x000000acb1600000,0x000000acb1700000)]
  0x00000223a6200000 JavaThread "Unconstrained build operations Thread 26" [_thread_blocked, id=4088, stack(0x000000acb1700000,0x000000acb1800000)]
  0x00000223a6207000 JavaThread "Unconstrained build operations Thread 27" [_thread_blocked, id=9308, stack(0x000000acb1800000,0x000000acb1900000)]
  0x00000223a6201000 JavaThread "Unconstrained build operations Thread 28" [_thread_blocked, id=12952, stack(0x000000acb1900000,0x000000acb1a00000)]
  0x00000223a620b000 JavaThread "Unconstrained build operations Thread 29" [_thread_blocked, id=10672, stack(0x000000acb1a00000,0x000000acb1b00000)]
  0x00000223a620b800 JavaThread "Unconstrained build operations Thread 30" [_thread_blocked, id=12596, stack(0x000000acb1b00000,0x000000acb1c00000)]
  0x00000223a620d800 JavaThread "Unconstrained build operations Thread 31" [_thread_blocked, id=6212, stack(0x000000acb1c00000,0x000000acb1d00000)]
  0x00000223a6209000 JavaThread "Unconstrained build operations Thread 32" [_thread_blocked, id=11260, stack(0x000000acb1d00000,0x000000acb1e00000)]
  0x00000223a620a000 JavaThread "Unconstrained build operations Thread 33" [_thread_blocked, id=11992, stack(0x000000acb1e00000,0x000000acb1f00000)]
  0x00000223a6208800 JavaThread "Unconstrained build operations Thread 34" [_thread_blocked, id=1840, stack(0x000000acb1f00000,0x000000acb2000000)]
  0x00000223a620c800 JavaThread "Unconstrained build operations Thread 35" [_thread_blocked, id=12192, stack(0x000000acb2000000,0x000000acb2100000)]
  0x00000223a6207800 JavaThread "Unconstrained build operations Thread 36" [_thread_blocked, id=13036, stack(0x000000acb2100000,0x000000acb2200000)]
  0x00000223a620e000 JavaThread "Unconstrained build operations Thread 37" [_thread_blocked, id=2496, stack(0x000000acb2200000,0x000000acb2300000)]
  0x00000223a620f000 JavaThread "Unconstrained build operations Thread 38" [_thread_blocked, id=9808, stack(0x000000acb2300000,0x000000acb2400000)]
  0x00000223a61d6000 JavaThread "Unconstrained build operations Thread 39" [_thread_blocked, id=2292, stack(0x000000acb2400000,0x000000acb2500000)]
  0x00000223a61da800 JavaThread "Unconstrained build operations Thread 40" [_thread_blocked, id=11840, stack(0x000000acb2500000,0x000000acb2600000)]
  0x00000223a61da000 JavaThread "Unconstrained build operations Thread 41" [_thread_blocked, id=288, stack(0x000000acb2600000,0x000000acb2700000)]
  0x00000223a61db800 JavaThread "Unconstrained build operations Thread 42" [_thread_blocked, id=3104, stack(0x000000acb2700000,0x000000acb2800000)]
  0x00000223a61d7800 JavaThread "Unconstrained build operations Thread 43" [_thread_blocked, id=14232, stack(0x000000acb2800000,0x000000acb2900000)]
  0x00000223a61dc800 JavaThread "Unconstrained build operations Thread 44" [_thread_blocked, id=5136, stack(0x000000acb2900000,0x000000acb2a00000)]
  0x00000223a61d6800 JavaThread "Unconstrained build operations Thread 45" [_thread_blocked, id=12784, stack(0x000000acb2a00000,0x000000acb2b00000)]
  0x00000223a61dd000 JavaThread "Unconstrained build operations Thread 46" [_thread_blocked, id=4712, stack(0x000000acb2b00000,0x000000acb2c00000)]
  0x00000223a61de000 JavaThread "Unconstrained build operations Thread 47" [_thread_blocked, id=1728, stack(0x000000acb2c00000,0x000000acb2d00000)]
  0x00000223a61d8800 JavaThread "Unconstrained build operations Thread 48" [_thread_blocked, id=11236, stack(0x000000acb2d00000,0x000000acb2e00000)]
  0x00000223a61df000 JavaThread "Unconstrained build operations Thread 49" [_thread_blocked, id=4696, stack(0x000000acb2e00000,0x000000acb2f00000)]
  0x00000223a61d9000 JavaThread "Unconstrained build operations Thread 50" [_thread_blocked, id=9648, stack(0x000000acb2f00000,0x000000acb3000000)]
  0x00000223a61e2000 JavaThread "Unconstrained build operations Thread 51" [_thread_blocked, id=4376, stack(0x000000acb3000000,0x000000acb3100000)]
  0x00000223a61df800 JavaThread "Unconstrained build operations Thread 52" [_thread_blocked, id=872, stack(0x000000acb3100000,0x000000acb3200000)]
  0x00000223a61e1800 JavaThread "Unconstrained build operations Thread 53" [_thread_blocked, id=9660, stack(0x000000acb3200000,0x000000acb3300000)]
  0x00000223a61e3800 JavaThread "Unconstrained build operations Thread 54" [_thread_blocked, id=12604, stack(0x000000acb3300000,0x000000acb3400000)]
  0x00000223a61e3000 JavaThread "Unconstrained build operations Thread 55" [_thread_blocked, id=13164, stack(0x000000acb3400000,0x000000acb3500000)]
  0x00000223a61e0800 JavaThread "Unconstrained build operations Thread 56" [_thread_blocked, id=11748, stack(0x000000acb3500000,0x000000acb3600000)]
  0x00000223a61e4800 JavaThread "Unconstrained build operations Thread 57" [_thread_blocked, id=11196, stack(0x000000acb3600000,0x000000acb3700000)]
  0x00000223a6848000 JavaThread "Unconstrained build operations Thread 58" [_thread_blocked, id=7732, stack(0x000000acb3700000,0x000000acb3800000)]
  0x00000223a6846800 JavaThread "Unconstrained build operations Thread 59" [_thread_blocked, id=2484, stack(0x000000acb3800000,0x000000acb3900000)]
  0x00000223a684c800 JavaThread "Unconstrained build operations Thread 60" [_thread_blocked, id=7900, stack(0x000000acb3900000,0x000000acb3a00000)]
  0x00000223a684b800 JavaThread "Unconstrained build operations Thread 61" [_thread_blocked, id=7708, stack(0x000000acb3a00000,0x000000acb3b00000)]
  0x00000223a6849000 JavaThread "Unconstrained build operations Thread 62" [_thread_blocked, id=1980, stack(0x000000acb3b00000,0x000000acb3c00000)]
  0x00000223a684d000 JavaThread "Unconstrained build operations Thread 63" [_thread_blocked, id=6460, stack(0x000000acb3c00000,0x000000acb3d00000)]
  0x00000223a684a000 JavaThread "Unconstrained build operations Thread 64" [_thread_blocked, id=13092, stack(0x000000acb3d00000,0x000000acb3e00000)]
  0x00000223a684a800 JavaThread "Unconstrained build operations Thread 65" [_thread_blocked, id=13240, stack(0x000000acb3e00000,0x000000acb3f00000)]
  0x00000223a6847800 JavaThread "Unconstrained build operations Thread 66" [_thread_blocked, id=2488, stack(0x000000acb3f00000,0x000000acb4000000)]
  0x00000223a684f000 JavaThread "Unconstrained build operations Thread 67" [_thread_blocked, id=13152, stack(0x000000acb4000000,0x000000acb4100000)]
  0x00000223a684f800 JavaThread "Unconstrained build operations Thread 68" [_thread_blocked, id=8224, stack(0x000000acb4100000,0x000000acb4200000)]
  0x00000223a684e000 JavaThread "Unconstrained build operations Thread 69" [_thread_blocked, id=7640, stack(0x000000acb4200000,0x000000acb4300000)]
  0x00000223a6852000 JavaThread "Unconstrained build operations Thread 70" [_thread_blocked, id=6264, stack(0x000000acb4300000,0x000000acb4400000)]
  0x00000223a6853800 JavaThread "Unconstrained build operations Thread 71" [_thread_blocked, id=13500, stack(0x000000acb4400000,0x000000acb4500000)]
  0x00000223a6855800 JavaThread "Unconstrained build operations Thread 72" [_thread_blocked, id=3128, stack(0x000000acb4500000,0x000000acb4600000)]
  0x00000223a6854800 JavaThread "Unconstrained build operations Thread 73" [_thread_blocked, id=7948, stack(0x000000acb4600000,0x000000acb4700000)]
  0x00000223a6850800 JavaThread "Unconstrained build operations Thread 74" [_thread_blocked, id=2328, stack(0x000000acb4700000,0x000000acb4800000)]
  0x00000223a6851000 JavaThread "Unconstrained build operations Thread 75" [_thread_blocked, id=12828, stack(0x000000acb4800000,0x000000acb4900000)]
  0x00000223a6853000 JavaThread "Unconstrained build operations Thread 76" [_thread_blocked, id=680, stack(0x000000acb4900000,0x000000acb4a00000)]
  0x00000223a7fb3800 JavaThread "Unconstrained build operations Thread 77" [_thread_blocked, id=13008, stack(0x000000acb4a00000,0x000000acb4b00000)]
  0x00000223a7faf800 JavaThread "Unconstrained build operations Thread 78" [_thread_blocked, id=8604, stack(0x000000acb4b00000,0x000000acb4c00000)]
  0x00000223a7fb2800 JavaThread "Unconstrained build operations Thread 79" [_thread_blocked, id=4484, stack(0x000000acb4c00000,0x000000acb4d00000)]
  0x00000223a7fae800 JavaThread "Unconstrained build operations Thread 80" [_thread_blocked, id=2188, stack(0x000000acb4d00000,0x000000acb4e00000)]
  0x00000223a7fb1800 JavaThread "Memory manager" [_thread_blocked, id=11312, stack(0x000000acb4e00000,0x000000acb4f00000)]

Other Threads:
  0x00000223a050d800 VMThread "VM Thread" [stack: 0x000000acac800000,0x000000acac900000] [id=9196]
  0x00000223a101d000 WatcherThread [stack: 0x000000acad200000,0x000000acad300000] [id=1588]
  0x00000223860b8000 GCTaskThread "GC Thread#0" [stack: 0x000000acac300000,0x000000acac400000] [id=4684]
  0x00000223a1df3800 GCTaskThread "GC Thread#1" [stack: 0x000000acad400000,0x000000acad500000] [id=13428]
  0x00000223a218e800 GCTaskThread "GC Thread#2" [stack: 0x000000acad500000,0x000000acad600000] [id=13504]
  0x00000223a2ee7000 GCTaskThread "GC Thread#3" [stack: 0x000000acad800000,0x000000acad900000] [id=10152]
  0x00000223a3115800 GCTaskThread "GC Thread#4" [stack: 0x000000acad900000,0x000000acada00000] [id=7588]
  0x00000223a1f6b000 GCTaskThread "GC Thread#5" [stack: 0x000000acada00000,0x000000acadb00000] [id=10068]
  0x00000223a1f6c000 GCTaskThread "GC Thread#6" [stack: 0x000000acadb00000,0x000000acadc00000] [id=13716]
  0x00000223a4439800 GCTaskThread "GC Thread#7" [stack: 0x000000acadc00000,0x000000acadd00000] [id=4900]
  0x00000223860e9800 ConcurrentGCThread "G1 Main Marker" [stack: 0x000000acac400000,0x000000acac500000] [id=12928]
  0x00000223860ea800 ConcurrentGCThread "G1 Conc#0" [stack: 0x000000acac500000,0x000000acac600000] [id=688]
  0x00000223a3794800 ConcurrentGCThread "G1 Conc#1" [stack: 0x000000acaeb00000,0x000000acaec00000] [id=1948]
  0x00000223a0360800 ConcurrentGCThread "G1 Refine#0" [stack: 0x000000acac600000,0x000000acac700000] [id=9292]
  0x00000223a2ea3000 ConcurrentGCThread "G1 Refine#1" [stack: 0x000000acadd00000,0x000000acade00000] [id=4180]
  0x00000223a1bd5800 ConcurrentGCThread "G1 Refine#2" [stack: 0x000000acade00000,0x000000acadf00000] [id=10488]
  0x00000223a211e000 ConcurrentGCThread "G1 Refine#3" [stack: 0x000000acadf00000,0x000000acae000000] [id=13156]
  0x00000223a0361800 ConcurrentGCThread "G1 Young RemSet Sampling" [stack: 0x000000acac700000,0x000000acac800000] [id=8584]

Threads with active compile tasks:
C2 CompilerThread0  11794 7129   !   4       com.google.common.reflect.TypeVisitor::visit (244 bytes)
C2 CompilerThread1  11794 7070       4       sun.reflect.generics.parser.SignatureParser::parsePackageNameAndSimpleClassTypeSignature (119 bytes)

VM state:not at safepoint (normal execution)

VM Mutex/Monitor currently owned by a thread: None

Heap address: 0x0000000080000000, size: 2048 MB, Compressed Oops mode: 32-bit
Narrow klass base: 0x0000000000000000, Narrow klass shift: 3
Compressed class space size: 1073741824 Address: 0x0000000100000000

Heap:
 garbage-first heap   total 187392K, used 124644K [0x0000000080000000, 0x0000000100000000)
  region size 1024K, 48 young (49152K), 3 survivors (3072K)
 Metaspace       used 70012K, capacity 71838K, committed 72004K, reserved 1112064K
  class space    used 8940K, capacity 9576K, committed 9600K, reserved 1048576K
Heap Regions: E=young(eden), S=young(survivor), O=old, HS=humongous(starts), HC=humongous(continues), CS=collection set, F=free, A=archive, TAMS=top-at-mark-start (previous, next)
|   0|0x0000000080000000, 0x0000000080100000, 0x0000000080100000|100%| O|  |TAMS 0x0000000080100000, 0x0000000080000000| Untracked 
|   1|0x0000000080100000, 0x0000000080200000, 0x0000000080200000|100%| O|  |TAMS 0x0000000080200000, 0x0000000080100000| Untracked 
|   2|0x0000000080200000, 0x0000000080300000, 0x0000000080300000|100%| O|  |TAMS 0x0000000080300000, 0x0000000080200000| Untracked 
|   3|0x0000000080300000, 0x0000000080400000, 0x0000000080400000|100%|HS|  |TAMS 0x0000000080400000, 0x0000000080300000| Complete 
|   4|0x0000000080400000, 0x0000000080500000, 0x0000000080500000|100%|HC|  |TAMS 0x0000000080500000, 0x0000000080400000| Complete 
|   5|0x0000000080500000, 0x0000000080600000, 0x0000000080600000|100%|HC|  |TAMS 0x0000000080600000, 0x0000000080500000| Complete 
|   6|0x0000000080600000, 0x0000000080700000, 0x0000000080700000|100%| O|  |TAMS 0x0000000080700000, 0x0000000080600000| Untracked 
|   7|0x0000000080700000, 0x0000000080800000, 0x0000000080800000|100%| O|  |TAMS 0x0000000080800000, 0x0000000080700000| Untracked 
|   8|0x0000000080800000, 0x0000000080900000, 0x0000000080900000|100%| O|  |TAMS 0x0000000080900000, 0x0000000080800000| Untracked 
|   9|0x0000000080900000, 0x0000000080a00000, 0x0000000080a00000|100%| O|  |TAMS 0x0000000080a00000, 0x0000000080900000| Untracked 
|  10|0x0000000080a00000, 0x0000000080b00000, 0x0000000080b00000|100%| O|  |TAMS 0x0000000080b00000, 0x0000000080a00000| Untracked 
|  11|0x0000000080b00000, 0x0000000080c00000, 0x0000000080c00000|100%| O|  |TAMS 0x0000000080c00000, 0x0000000080b00000| Untracked 
|  12|0x0000000080c00000, 0x0000000080d00000, 0x0000000080d00000|100%| O|  |TAMS 0x0000000080d00000, 0x0000000080c00000| Untracked 
|  13|0x0000000080d00000, 0x0000000080e00000, 0x0000000080e00000|100%| O|  |TAMS 0x0000000080e00000, 0x0000000080d00000| Untracked 
|  14|0x0000000080e00000, 0x0000000080f00000, 0x0000000080f00000|100%| O|  |TAMS 0x0000000080f00000, 0x0000000080e00000| Untracked 
|  15|0x0000000080f00000, 0x0000000081000000, 0x0000000081000000|100%| O|  |TAMS 0x0000000081000000, 0x0000000080f00000| Untracked 
|  16|0x0000000081000000, 0x0000000081100000, 0x0000000081100000|100%|HS|  |TAMS 0x0000000081100000, 0x0000000081000000| Complete 
|  17|0x0000000081100000, 0x0000000081200000, 0x0000000081200000|100%|HC|  |TAMS 0x0000000081200000, 0x0000000081100000| Complete 
|  18|0x0000000081200000, 0x0000000081300000, 0x0000000081300000|100%|HS|  |TAMS 0x0000000081300000, 0x0000000081200000| Complete 
|  19|0x0000000081300000, 0x0000000081400000, 0x0000000081400000|100%|HC|  |TAMS 0x0000000081400000, 0x0000000081300000| Complete 
|  20|0x0000000081400000, 0x0000000081500000, 0x0000000081500000|100%|HC|  |TAMS 0x0000000081500000, 0x0000000081400000| Complete 
|  21|0x0000000081500000, 0x0000000081600000, 0x0000000081600000|100%|HS|  |TAMS 0x0000000081600000, 0x0000000081500000| Complete 
|  22|0x0000000081600000, 0x0000000081700000, 0x0000000081700000|100%|HC|  |TAMS 0x0000000081700000, 0x0000000081600000| Complete 
|  23|0x0000000081700000, 0x0000000081800000, 0x0000000081800000|100%|HC|  |TAMS 0x0000000081800000, 0x0000000081700000| Complete 
|  24|0x0000000081800000, 0x0000000081900000, 0x0000000081900000|100%|HC|  |TAMS 0x0000000081900000, 0x0000000081800000| Complete 
|  25|0x0000000081900000, 0x0000000081a00000, 0x0000000081a00000|100%| O|  |TAMS 0x0000000081a00000, 0x0000000081900000| Untracked 
|  26|0x0000000081a00000, 0x0000000081b00000, 0x0000000081b00000|100%| O|  |TAMS 0x0000000081b00000, 0x0000000081a00000| Untracked 
|  27|0x0000000081b00000, 0x0000000081c00000, 0x0000000081c00000|100%| O|  |TAMS 0x0000000081c00000, 0x0000000081b00000| Untracked 
|  28|0x0000000081c00000, 0x0000000081d00000, 0x0000000081d00000|100%| O|  |TAMS 0x0000000081d00000, 0x0000000081c00000| Untracked 
|  29|0x0000000081d00000, 0x0000000081e00000, 0x0000000081e00000|100%| O|  |TAMS 0x0000000081e00000, 0x0000000081d00000| Untracked 
|  30|0x0000000081e00000, 0x0000000081f00000, 0x0000000081f00000|100%| O|  |TAMS 0x0000000081f00000, 0x0000000081e00000| Untracked 
|  31|0x0000000081f00000, 0x0000000082000000, 0x0000000082000000|100%| O|  |TAMS 0x0000000082000000, 0x0000000081f00000| Untracked 
|  32|0x0000000082000000, 0x0000000082100000, 0x0000000082100000|100%| O|  |TAMS 0x0000000082100000, 0x0000000082000000| Untracked 
|  33|0x0000000082100000, 0x0000000082200000, 0x0000000082200000|100%| O|  |TAMS 0x0000000082200000, 0x0000000082100000| Untracked 
|  34|0x0000000082200000, 0x0000000082300000, 0x0000000082300000|100%| O|  |TAMS 0x0000000082300000, 0x0000000082200000| Untracked 
|  35|0x0000000082300000, 0x0000000082400000, 0x0000000082400000|100%| O|  |TAMS 0x0000000082400000, 0x0000000082300000| Untracked 
|  36|0x0000000082400000, 0x0000000082500000, 0x0000000082500000|100%| O|  |TAMS 0x0000000082500000, 0x0000000082400000| Untracked 
|  37|0x0000000082500000, 0x0000000082600000, 0x0000000082600000|100%|HS|  |TAMS 0x0000000082600000, 0x0000000082500000| Complete 
|  38|0x0000000082600000, 0x0000000082700000, 0x0000000082700000|100%|HC|  |TAMS 0x0000000082700000, 0x0000000082600000| Complete 
|  39|0x0000000082700000, 0x0000000082800000, 0x0000000082800000|100%|HC|  |TAMS 0x0000000082800000, 0x0000000082700000| Complete 
|  40|0x0000000082800000, 0x0000000082900000, 0x0000000082900000|100%| O|  |TAMS 0x0000000082900000, 0x0000000082800000| Untracked 
|  41|0x0000000082900000, 0x0000000082a00000, 0x0000000082a00000|100%| O|  |TAMS 0x0000000082a00000, 0x0000000082900000| Untracked 
|  42|0x0000000082a00000, 0x0000000082b00000, 0x0000000082b00000|100%| O|  |TAMS 0x0000000082b00000, 0x0000000082a00000| Untracked 
|  43|0x0000000082b00000, 0x0000000082c00000, 0x0000000082c00000|100%| O|  |TAMS 0x0000000082c00000, 0x0000000082b00000| Untracked 
|  44|0x0000000082c00000, 0x0000000082d00000, 0x0000000082d00000|100%|HS|  |TAMS 0x0000000082d00000, 0x0000000082c00000| Complete 
|  45|0x0000000082d00000, 0x0000000082e00000, 0x0000000082e00000|100%|HC|  |TAMS 0x0000000082e00000, 0x0000000082d00000| Complete 
|  46|0x0000000082e00000, 0x0000000082f00000, 0x0000000082f00000|100%|HC|  |TAMS 0x0000000082f00000, 0x0000000082e00000| Complete 
|  47|0x0000000082f00000, 0x0000000083000000, 0x0000000083000000|100%|HC|  |TAMS 0x0000000083000000, 0x0000000082f00000| Complete 
|  48|0x0000000083000000, 0x0000000083100000, 0x0000000083100000|100%| O|  |TAMS 0x0000000083100000, 0x0000000083000000| Untracked 
|  49|0x0000000083100000, 0x0000000083200000, 0x0000000083200000|100%| O|  |TAMS 0x0000000083200000, 0x0000000083100000| Untracked 
|  50|0x0000000083200000, 0x0000000083300000, 0x0000000083300000|100%|HS|  |TAMS 0x0000000083300000, 0x0000000083200000| Complete 
|  51|0x0000000083300000, 0x0000000083400000, 0x0000000083400000|100%|HS|  |TAMS 0x0000000083400000, 0x0000000083300000| Complete 
|  52|0x0000000083400000, 0x0000000083500000, 0x0000000083500000|100%|HS|  |TAMS 0x0000000083500000, 0x0000000083400000| Complete 
|  53|0x0000000083500000, 0x0000000083600000, 0x0000000083600000|100%|HS|  |TAMS 0x0000000083600000, 0x0000000083500000| Complete 
|  54|0x0000000083600000, 0x0000000083700000, 0x0000000083700000|100%|HS|  |TAMS 0x0000000083700000, 0x0000000083600000| Complete 
|  55|0x0000000083700000, 0x0000000083800000, 0x0000000083800000|100%|HC|  |TAMS 0x0000000083800000, 0x0000000083700000| Complete 
|  56|0x0000000083800000, 0x0000000083900000, 0x0000000083900000|100%|HC|  |TAMS 0x0000000083900000, 0x0000000083800000| Complete 
|  57|0x0000000083900000, 0x0000000083a00000, 0x0000000083a00000|100%|HS|  |TAMS 0x0000000083a00000, 0x0000000083900000| Complete 
|  58|0x0000000083a00000, 0x0000000083b00000, 0x0000000083b00000|100%|HC|  |TAMS 0x0000000083b00000, 0x0000000083a00000| Complete 
|  59|0x0000000083b00000, 0x0000000083c00000, 0x0000000083c00000|100%| O|  |TAMS 0x0000000083c00000, 0x0000000083b00000| Untracked 
|  60|0x0000000083c00000, 0x0000000083d00000, 0x0000000083d00000|100%| O|  |TAMS 0x0000000083d00000, 0x0000000083c00000| Untracked 
|  61|0x0000000083d00000, 0x0000000083e00000, 0x0000000083e00000|100%| O|  |TAMS 0x0000000083e00000, 0x0000000083d00000| Untracked 
|  62|0x0000000083e00000, 0x0000000083f00000, 0x0000000083f00000|100%| O|  |TAMS 0x0000000083f00000, 0x0000000083e00000| Untracked 
|  63|0x0000000083f00000, 0x0000000084000000, 0x0000000084000000|100%| O|  |TAMS 0x0000000084000000, 0x0000000083f00000| Untracked 
|  64|0x0000000084000000, 0x0000000084100000, 0x0000000084100000|100%| O|  |TAMS 0x0000000084100000, 0x0000000084000000| Untracked 
|  65|0x0000000084100000, 0x0000000084200000, 0x0000000084200000|100%| O|  |TAMS 0x0000000084200000, 0x0000000084100000| Untracked 
|  66|0x0000000084200000, 0x0000000084300000, 0x0000000084300000|100%| O|  |TAMS 0x0000000084300000, 0x0000000084200000| Untracked 
|  67|0x0000000084300000, 0x0000000084400000, 0x0000000084400000|100%| O|  |TAMS 0x0000000084400000, 0x0000000084300000| Untracked 
|  68|0x0000000084400000, 0x0000000084500000, 0x0000000084500000|100%| O|  |TAMS 0x0000000084500000, 0x0000000084400000| Untracked 
|  69|0x0000000084500000, 0x0000000084600000, 0x0000000084600000|100%| O|  |TAMS 0x0000000084600000, 0x0000000084500000| Untracked 
|  70|0x0000000084600000, 0x0000000084700000, 0x0000000084700000|100%| O|  |TAMS 0x0000000084700000, 0x0000000084600000| Untracked 
|  71|0x0000000084700000, 0x0000000084800000, 0x0000000084800000|100%| O|  |TAMS 0x0000000084800000, 0x0000000084700000| Untracked 
|  72|0x0000000084800000, 0x0000000084900000, 0x0000000084900000|100%| O|  |TAMS 0x0000000084900000, 0x0000000084800000| Untracked 
|  73|0x0000000084900000, 0x0000000084a00000, 0x0000000084a00000|100%| O|  |TAMS 0x0000000084a00000, 0x0000000084900000| Untracked 
|  74|0x0000000084a00000, 0x0000000084b00000, 0x0000000084b00000|100%| O|  |TAMS 0x0000000084b00000, 0x0000000084a00000| Untracked 
|  75|0x0000000084b00000, 0x0000000084be6400, 0x0000000084c00000| 89%| O|  |TAMS 0x0000000084be6400, 0x0000000084b00000| Untracked 
|  76|0x0000000084c00000, 0x0000000084c00000, 0x0000000084d00000|  0%| F|  |TAMS 0x0000000084c00000, 0x0000000084c00000| Untracked 
|  77|0x0000000084d00000, 0x0000000084d00000, 0x0000000084e00000|  0%| F|  |TAMS 0x0000000084d00000, 0x0000000084d00000| Untracked 
|  78|0x0000000084e00000, 0x0000000084e00000, 0x0000000084f00000|  0%| F|  |TAMS 0x0000000084e00000, 0x0000000084e00000| Untracked 
|  79|0x0000000084f00000, 0x0000000084f00000, 0x0000000085000000|  0%| F|  |TAMS 0x0000000084f00000, 0x0000000084f00000| Untracked 
|  80|0x0000000085000000, 0x0000000085000000, 0x0000000085100000|  0%| F|  |TAMS 0x0000000085000000, 0x0000000085000000| Untracked 
|  81|0x0000000085100000, 0x0000000085100000, 0x0000000085200000|  0%| F|  |TAMS 0x0000000085100000, 0x0000000085100000| Untracked 
|  82|0x0000000085200000, 0x0000000085200000, 0x0000000085300000|  0%| F|  |TAMS 0x0000000085200000, 0x0000000085200000| Untracked 
|  83|0x0000000085300000, 0x0000000085300000, 0x0000000085400000|  0%| F|  |TAMS 0x0000000085300000, 0x0000000085300000| Untracked 
|  84|0x0000000085400000, 0x0000000085400000, 0x0000000085500000|  0%| F|  |TAMS 0x0000000085400000, 0x0000000085400000| Untracked 
|  85|0x0000000085500000, 0x0000000085500000, 0x0000000085600000|  0%| F|  |TAMS 0x0000000085500000, 0x0000000085500000| Untracked 
|  86|0x0000000085600000, 0x0000000085600000, 0x0000000085700000|  0%| F|  |TAMS 0x0000000085600000, 0x0000000085600000| Untracked 
|  87|0x0000000085700000, 0x0000000085700000, 0x0000000085800000|  0%| F|  |TAMS 0x0000000085700000, 0x0000000085700000| Untracked 
|  88|0x0000000085800000, 0x0000000085800000, 0x0000000085900000|  0%| F|  |TAMS 0x0000000085800000, 0x0000000085800000| Untracked 
|  89|0x0000000085900000, 0x0000000085900000, 0x0000000085a00000|  0%| F|  |TAMS 0x0000000085900000, 0x0000000085900000| Untracked 
|  90|0x0000000085a00000, 0x0000000085a00000, 0x0000000085b00000|  0%| F|  |TAMS 0x0000000085a00000, 0x0000000085a00000| Untracked 
|  91|0x0000000085b00000, 0x0000000085b00000, 0x0000000085c00000|  0%| F|  |TAMS 0x0000000085b00000, 0x0000000085b00000| Untracked 
|  92|0x0000000085c00000, 0x0000000085c00000, 0x0000000085d00000|  0%| F|  |TAMS 0x0000000085c00000, 0x0000000085c00000| Untracked 
|  93|0x0000000085d00000, 0x0000000085d00000, 0x0000000085e00000|  0%| F|  |TAMS 0x0000000085d00000, 0x0000000085d00000| Untracked 
|  94|0x0000000085e00000, 0x0000000085e00000, 0x0000000085f00000|  0%| F|  |TAMS 0x0000000085e00000, 0x0000000085e00000| Untracked 
|  95|0x0000000085f00000, 0x0000000085f00000, 0x0000000086000000|  0%| F|  |TAMS 0x0000000085f00000, 0x0000000085f00000| Untracked 
|  96|0x0000000086000000, 0x0000000086000000, 0x0000000086100000|  0%| F|  |TAMS 0x0000000086000000, 0x0000000086000000| Untracked 
|  97|0x0000000086100000, 0x0000000086100000, 0x0000000086200000|  0%| F|  |TAMS 0x0000000086100000, 0x0000000086100000| Untracked 
|  98|0x0000000086200000, 0x0000000086200000, 0x0000000086300000|  0%| F|  |TAMS 0x0000000086200000, 0x0000000086200000| Untracked 
|  99|0x0000000086300000, 0x0000000086300000, 0x0000000086400000|  0%| F|  |TAMS 0x0000000086300000, 0x0000000086300000| Untracked 
| 100|0x0000000086400000, 0x0000000086400000, 0x0000000086500000|  0%| F|  |TAMS 0x0000000086400000, 0x0000000086400000| Untracked 
| 101|0x0000000086500000, 0x0000000086500000, 0x0000000086600000|  0%| F|  |TAMS 0x0000000086500000, 0x0000000086500000| Untracked 
| 102|0x0000000086600000, 0x0000000086600000, 0x0000000086700000|  0%| F|  |TAMS 0x0000000086600000, 0x0000000086600000| Untracked 
| 103|0x0000000086700000, 0x0000000086700000, 0x0000000086800000|  0%| F|  |TAMS 0x0000000086700000, 0x0000000086700000| Untracked 
| 104|0x0000000086800000, 0x0000000086800000, 0x0000000086900000|  0%| F|  |TAMS 0x0000000086800000, 0x0000000086800000| Untracked 
| 105|0x0000000086900000, 0x0000000086900000, 0x0000000086a00000|  0%| F|  |TAMS 0x0000000086900000, 0x0000000086900000| Untracked 
| 106|0x0000000086a00000, 0x0000000086a00000, 0x0000000086b00000|  0%| F|  |TAMS 0x0000000086a00000, 0x0000000086a00000| Untracked 
| 107|0x0000000086b00000, 0x0000000086b00000, 0x0000000086c00000|  0%| F|  |TAMS 0x0000000086b00000, 0x0000000086b00000| Untracked 
| 108|0x0000000086c00000, 0x0000000086c00000, 0x0000000086d00000|  0%| F|  |TAMS 0x0000000086c00000, 0x0000000086c00000| Untracked 
| 109|0x0000000086d00000, 0x0000000086d00000, 0x0000000086e00000|  0%| F|  |TAMS 0x0000000086d00000, 0x0000000086d00000| Untracked 
| 110|0x0000000086e00000, 0x0000000086e00000, 0x0000000086f00000|  0%| F|  |TAMS 0x0000000086e00000, 0x0000000086e00000| Untracked 
| 111|0x0000000086f00000, 0x0000000086f00000, 0x0000000087000000|  0%| F|  |TAMS 0x0000000086f00000, 0x0000000086f00000| Untracked 
| 112|0x0000000087000000, 0x0000000087000000, 0x0000000087100000|  0%| F|  |TAMS 0x0000000087000000, 0x0000000087000000| Untracked 
| 113|0x0000000087100000, 0x0000000087100000, 0x0000000087200000|  0%| F|  |TAMS 0x0000000087100000, 0x0000000087100000| Untracked 
| 114|0x0000000087200000, 0x0000000087200000, 0x0000000087300000|  0%| F|  |TAMS 0x0000000087200000, 0x0000000087200000| Untracked 
| 115|0x0000000087300000, 0x0000000087300000, 0x0000000087400000|  0%| F|  |TAMS 0x0000000087300000, 0x0000000087300000| Untracked 
| 116|0x0000000087400000, 0x0000000087400000, 0x0000000087500000|  0%| F|  |TAMS 0x0000000087400000, 0x0000000087400000| Untracked 
| 117|0x0000000087500000, 0x0000000087500000, 0x0000000087600000|  0%| F|  |TAMS 0x0000000087500000, 0x0000000087500000| Untracked 
| 118|0x0000000087600000, 0x0000000087600000, 0x0000000087700000|  0%| F|  |TAMS 0x0000000087600000, 0x0000000087600000| Untracked 
| 119|0x0000000087700000, 0x0000000087700000, 0x0000000087800000|  0%| F|  |TAMS 0x0000000087700000, 0x0000000087700000| Untracked 
| 120|0x0000000087800000, 0x0000000087800000, 0x0000000087900000|  0%| F|  |TAMS 0x0000000087800000, 0x0000000087800000| Untracked 
| 121|0x0000000087900000, 0x0000000087900000, 0x0000000087a00000|  0%| F|  |TAMS 0x0000000087900000, 0x0000000087900000| Untracked 
| 122|0x0000000087a00000, 0x0000000087a00000, 0x0000000087b00000|  0%| F|  |TAMS 0x0000000087a00000, 0x0000000087a00000| Untracked 
| 123|0x0000000087b00000, 0x0000000087b00000, 0x0000000087c00000|  0%| F|  |TAMS 0x0000000087b00000, 0x0000000087b00000| Untracked 
| 124|0x0000000087c00000, 0x0000000087c00000, 0x0000000087d00000|  0%| F|  |TAMS 0x0000000087c00000, 0x0000000087c00000| Untracked 
| 125|0x0000000087d00000, 0x0000000087d00000, 0x0000000087e00000|  0%| F|  |TAMS 0x0000000087d00000, 0x0000000087d00000| Untracked 
| 126|0x0000000087e00000, 0x0000000087e00000, 0x0000000087f00000|  0%| F|  |TAMS 0x0000000087e00000, 0x0000000087e00000| Untracked 
| 127|0x0000000087f00000, 0x0000000087f00000, 0x0000000088000000|  0%| F|  |TAMS 0x0000000087f00000, 0x0000000087f00000| Untracked 
| 128|0x0000000088000000, 0x0000000088000000, 0x0000000088100000|  0%| F|  |TAMS 0x0000000088000000, 0x0000000088000000| Untracked 
| 129|0x0000000088100000, 0x0000000088100000, 0x0000000088200000|  0%| F|  |TAMS 0x0000000088100000, 0x0000000088100000| Untracked 
| 130|0x0000000088200000, 0x0000000088200000, 0x0000000088300000|  0%| F|  |TAMS 0x0000000088200000, 0x0000000088200000| Untracked 
| 131|0x0000000088300000, 0x0000000088300000, 0x0000000088400000|  0%| F|  |TAMS 0x0000000088300000, 0x0000000088300000| Untracked 
| 132|0x0000000088400000, 0x0000000088400000, 0x0000000088500000|  0%| F|  |TAMS 0x0000000088400000, 0x0000000088400000| Untracked 
| 133|0x0000000088500000, 0x0000000088500000, 0x0000000088600000|  0%| F|  |TAMS 0x0000000088500000, 0x0000000088500000| Untracked 
| 134|0x0000000088600000, 0x0000000088600000, 0x0000000088700000|  0%| F|  |TAMS 0x0000000088600000, 0x0000000088600000| Untracked 
| 135|0x0000000088700000, 0x00000000887b5d70, 0x0000000088800000| 71%| E|  |TAMS 0x0000000088700000, 0x0000000088700000| Complete 
| 136|0x0000000088800000, 0x0000000088900000, 0x0000000088900000|100%| E|CS|TAMS 0x0000000088800000, 0x0000000088800000| Complete 
| 137|0x0000000088900000, 0x0000000088a00000, 0x0000000088a00000|100%| E|CS|TAMS 0x0000000088900000, 0x0000000088900000| Complete 
| 138|0x0000000088a00000, 0x0000000088b00000, 0x0000000088b00000|100%| E|CS|TAMS 0x0000000088a00000, 0x0000000088a00000| Complete 
| 139|0x0000000088b00000, 0x0000000088c00000, 0x0000000088c00000|100%| E|CS|TAMS 0x0000000088b00000, 0x0000000088b00000| Complete 
| 140|0x0000000088c00000, 0x0000000088d00000, 0x0000000088d00000|100%| E|CS|TAMS 0x0000000088c00000, 0x0000000088c00000| Complete 
| 141|0x0000000088d00000, 0x0000000088e00000, 0x0000000088e00000|100%| E|CS|TAMS 0x0000000088d00000, 0x0000000088d00000| Complete 
| 142|0x0000000088e00000, 0x0000000088f00000, 0x0000000088f00000|100%| E|CS|TAMS 0x0000000088e00000, 0x0000000088e00000| Complete 
| 143|0x0000000088f00000, 0x0000000089000000, 0x0000000089000000|100%| E|CS|TAMS 0x0000000088f00000, 0x0000000088f00000| Complete 
| 144|0x0000000089000000, 0x0000000089100000, 0x0000000089100000|100%| E|CS|TAMS 0x0000000089000000, 0x0000000089000000| Complete 
| 145|0x0000000089100000, 0x0000000089200000, 0x0000000089200000|100%| E|CS|TAMS 0x0000000089100000, 0x0000000089100000| Complete 
| 146|0x0000000089200000, 0x0000000089300000, 0x0000000089300000|100%| E|CS|TAMS 0x0000000089200000, 0x0000000089200000| Complete 
| 147|0x0000000089300000, 0x0000000089400000, 0x0000000089400000|100%| E|CS|TAMS 0x0000000089300000, 0x0000000089300000| Complete 
| 148|0x0000000089400000, 0x0000000089500000, 0x0000000089500000|100%| E|CS|TAMS 0x0000000089400000, 0x0000000089400000| Complete 
| 149|0x0000000089500000, 0x0000000089600000, 0x0000000089600000|100%| E|CS|TAMS 0x0000000089500000, 0x0000000089500000| Complete 
| 150|0x0000000089600000, 0x0000000089700000, 0x0000000089700000|100%| E|CS|TAMS 0x0000000089600000, 0x0000000089600000| Complete 
| 151|0x0000000089700000, 0x0000000089800000, 0x0000000089800000|100%| E|CS|TAMS 0x0000000089700000, 0x0000000089700000| Complete 
| 152|0x0000000089800000, 0x0000000089900000, 0x0000000089900000|100%| E|CS|TAMS 0x0000000089800000, 0x0000000089800000| Complete 
| 153|0x0000000089900000, 0x0000000089a00000, 0x0000000089a00000|100%| E|CS|TAMS 0x0000000089900000, 0x0000000089900000| Complete 
| 154|0x0000000089a00000, 0x0000000089b00000, 0x0000000089b00000|100%| E|CS|TAMS 0x0000000089a00000, 0x0000000089a00000| Complete 
| 155|0x0000000089b00000, 0x0000000089c00000, 0x0000000089c00000|100%| E|CS|TAMS 0x0000000089b00000, 0x0000000089b00000| Complete 
| 156|0x0000000089c00000, 0x0000000089d00000, 0x0000000089d00000|100%| E|CS|TAMS 0x0000000089c00000, 0x0000000089c00000| Complete 
| 157|0x0000000089d00000, 0x0000000089e00000, 0x0000000089e00000|100%| E|CS|TAMS 0x0000000089d00000, 0x0000000089d00000| Complete 
| 158|0x0000000089e00000, 0x0000000089f00000, 0x0000000089f00000|100%| E|CS|TAMS 0x0000000089e00000, 0x0000000089e00000| Complete 
| 159|0x0000000089f00000, 0x000000008a000000, 0x000000008a000000|100%| E|CS|TAMS 0x0000000089f00000, 0x0000000089f00000| Complete 
| 160|0x000000008a000000, 0x000000008a100000, 0x000000008a100000|100%| E|CS|TAMS 0x000000008a000000, 0x000000008a000000| Complete 
| 161|0x000000008a100000, 0x000000008a200000, 0x000000008a200000|100%| E|CS|TAMS 0x000000008a100000, 0x000000008a100000| Complete 
| 162|0x000000008a200000, 0x000000008a300000, 0x000000008a300000|100%| E|CS|TAMS 0x000000008a200000, 0x000000008a200000| Complete 
| 163|0x000000008a300000, 0x000000008a400000, 0x000000008a400000|100%| E|CS|TAMS 0x000000008a300000, 0x000000008a300000| Complete 
| 164|0x000000008a400000, 0x000000008a500000, 0x000000008a500000|100%| E|CS|TAMS 0x000000008a400000, 0x000000008a400000| Complete 
| 165|0x000000008a500000, 0x000000008a600000, 0x000000008a600000|100%| E|CS|TAMS 0x000000008a500000, 0x000000008a500000| Complete 
| 166|0x000000008a600000, 0x000000008a700000, 0x000000008a700000|100%| E|CS|TAMS 0x000000008a600000, 0x000000008a600000| Complete 
| 167|0x000000008a700000, 0x000000008a800000, 0x000000008a800000|100%| E|CS|TAMS 0x000000008a700000, 0x000000008a700000| Complete 
| 168|0x000000008a800000, 0x000000008a900000, 0x000000008a900000|100%| E|CS|TAMS 0x000000008a800000, 0x000000008a800000| Complete 
| 169|0x000000008a900000, 0x000000008aa00000, 0x000000008aa00000|100%| E|  |TAMS 0x000000008a900000, 0x000000008a900000| Complete 
| 170|0x000000008aa00000, 0x000000008ab00000, 0x000000008ab00000|100%| E|CS|TAMS 0x000000008aa00000, 0x000000008aa00000| Complete 
| 171|0x000000008ab00000, 0x000000008abd2c80, 0x000000008ac00000| 82%| S|CS|TAMS 0x000000008ab00000, 0x000000008ab00000| Complete 
| 172|0x000000008ac00000, 0x000000008ad00000, 0x000000008ad00000|100%| S|CS|TAMS 0x000000008ac00000, 0x000000008ac00000| Complete 
| 173|0x000000008ad00000, 0x000000008ae00000, 0x000000008ae00000|100%| S|CS|TAMS 0x000000008ad00000, 0x000000008ad00000| Complete 
| 174|0x000000008ae00000, 0x000000008af00000, 0x000000008af00000|100%| E|CS|TAMS 0x000000008ae00000, 0x000000008ae00000| Complete 
| 175|0x000000008af00000, 0x000000008b000000, 0x000000008b000000|100%| E|CS|TAMS 0x000000008af00000, 0x000000008af00000| Complete 
| 176|0x000000008b000000, 0x000000008b100000, 0x000000008b100000|100%| E|CS|TAMS 0x000000008b000000, 0x000000008b000000| Complete 
| 177|0x000000008b100000, 0x000000008b200000, 0x000000008b200000|100%| E|CS|TAMS 0x000000008b100000, 0x000000008b100000| Complete 
| 178|0x000000008b200000, 0x000000008b300000, 0x000000008b300000|100%| E|CS|TAMS 0x000000008b200000, 0x000000008b200000| Complete 
| 179|0x000000008b300000, 0x000000008b400000, 0x000000008b400000|100%| E|CS|TAMS 0x000000008b300000, 0x000000008b300000| Complete 
| 180|0x000000008b400000, 0x000000008b500000, 0x000000008b500000|100%| E|CS|TAMS 0x000000008b400000, 0x000000008b400000| Complete 
| 181|0x000000008b500000, 0x000000008b600000, 0x000000008b600000|100%| E|CS|TAMS 0x000000008b500000, 0x000000008b500000| Complete 
| 182|0x000000008b600000, 0x000000008b700000, 0x000000008b700000|100%| E|CS|TAMS 0x000000008b600000, 0x000000008b600000| Complete 

Card table byte_map: [0x00000223992d0000,0x00000223996d0000] _byte_map_base: 0x0000022398ed0000

Marking Bits (Prev, Next): (CMBitMap*) 0x00000223860e0c48, (CMBitMap*) 0x00000223860e0c80
 Prev Bits: [0x0000022399ad0000, 0x000002239bad0000)
 Next Bits: [0x000002239bad0000, 0x000002239dad0000)

Polling page: 0x0000022384010000

Metaspace:

Usage:
  Non-class:     60.80 MB capacity,    59.67 MB ( 98%) used,   976.18 KB (  2%) free+waste,   184.13 KB ( <1%) overhead. 
      Class:      9.35 MB capacity,     8.74 MB ( 93%) used,   542.20 KB (  6%) free+waste,    87.06 KB ( <1%) overhead. 
       Both:     70.15 MB capacity,    68.41 MB ( 98%) used,     1.48 MB (  2%) free+waste,   271.19 KB ( <1%) overhead. 

Virtual space:
  Non-class space:       62.00 MB reserved,      60.94 MB ( 98%) committed 
      Class space:        1.00 GB reserved,       9.38 MB ( <1%) committed 
             Both:        1.06 GB reserved,      70.32 MB (  6%) committed 

Chunk freelists:
   Non-Class:  78.00 KB
       Class:  24.00 KB
        Both:  102.00 KB

MaxMetaspaceSize: 17179869184.00 GB
CompressedClassSpaceSize: 1.00 GB

CodeHeap 'non-profiled nmethods': size=120000Kb used=3951Kb max_used=3951Kb free=116048Kb
 bounds [0x0000022391670000, 0x0000022391a50000, 0x0000022398ba0000]
CodeHeap 'profiled nmethods': size=120000Kb used=15033Kb max_used=15033Kb free=104966Kb
 bounds [0x000002238a140000, 0x000002238aff0000, 0x0000022391670000]
CodeHeap 'non-nmethods': size=5760Kb used=2268Kb max_used=2302Kb free=3491Kb
 bounds [0x0000022389ba0000, 0x0000022389e10000, 0x000002238a140000]
 total_blobs=8023 nmethods=7158 adapters=776
 compilation: enabled
              stopped_count=0, restarted_count=0
 full_count=0

Compilation events (20 events):
Event: 11.696 Thread 0x00000223a0ea0000 7207       3       org.objectweb.asm.commons.GeneratorAdapter::fieldInsn (19 bytes)
Event: 11.697 Thread 0x00000223a0ea0000 nmethod 7207 0x000002238afe0510 code [0x000002238afe0700, 0x000002238afe09e8]
Event: 11.697 Thread 0x00000223a0ea0000 7208       3       org.objectweb.asm.MethodWriter::visitFieldInsn (258 bytes)
Event: 11.698 Thread 0x00000223a0ea0000 nmethod 7208 0x000002238afe0b90 code [0x000002238afe0e00, 0x000002238afe1a68]
Event: 11.698 Thread 0x00000223a0ea0000 7211       3       org.objectweb.asm.AnnotationWriter::putAnnotations (67 bytes)
Event: 11.698 Thread 0x00000223a0ea0000 nmethod 7211 0x000002238afe1e90 code [0x000002238afe20c0, 0x000002238afe24f8]
Event: 11.698 Thread 0x00000223a0ea0000 7209       3       org.objectweb.asm.SymbolTable::addConstantFieldref (10 bytes)
Event: 11.698 Thread 0x00000223a0ea0000 nmethod 7209 0x000002238afe2790 code [0x000002238afe2940, 0x000002238afe2a88]
Event: 11.698 Thread 0x00000223a0ea0000 7210       3       org.objectweb.asm.MethodWriter::endCurrentBasicBlockWithNoSuccessor (94 bytes)
Event: 11.699 Thread 0x00000223a0ea0000 nmethod 7210 0x000002238afe2b90 code [0x000002238afe2da0, 0x000002238afe33e8]
Event: 11.700 Thread 0x00000223a0ea0000 7212       3       org.gradle.internal.instantiation.generator.AsmBackedClassGenerator$ClassBuilderImpl::applyConventionMappingToSetter (177 bytes)
Event: 11.701 Thread 0x00000223a0e9e000 nmethod 7125 0x0000022391a45590 code [0x0000022391a45940, 0x0000022391a48f40]
Event: 11.701 Thread 0x00000223a0e9e000 7129   !   4       com.google.common.reflect.TypeVisitor::visit (244 bytes)
Event: 11.702 Thread 0x00000223a0ea0000 nmethod 7212 0x000002238afe3610 code [0x000002238afe39e0, 0x000002238afe5028]
Event: 11.707 Thread 0x00000223a0ea0000 7214       1       kotlin.reflect.jvm.internal.pcollections.ConsPStack::size (5 bytes)
Event: 11.707 Thread 0x00000223a0ea0000 nmethod 7214 0x0000022391a4ad90 code [0x0000022391a4af40, 0x0000022391a4aff8]
Event: 11.721 Thread 0x00000223a0ea0000 7216       3       org.gradle.internal.reflect.JavaPropertyReflectionUtil::getAnnotation (7 bytes)
Event: 11.721 Thread 0x00000223a0ea0000 nmethod 7216 0x000002238afe5890 code [0x000002238afe5a40, 0x000002238afe5b48]
Event: 11.736 Thread 0x00000223a0ea0000 7217   !   3       org.gradle.internal.instantiation.generator.AsmBackedClassGenerator$ClassBuilderImpl::getAnnotationParameterValue (16 bytes)
Event: 11.737 Thread 0x00000223a0ea0000 nmethod 7217 0x000002238afe5c10 code [0x000002238afe5e40, 0x000002238afe6448]

GC Heap History (20 events):
Event: 3.517 GC heap before
{Heap before GC invocations=5 (full 0):
 garbage-first heap   total 129024K, used 87900K [0x0000000080000000, 0x0000000100000000)
  region size 1024K, 61 young (62464K), 4 survivors (4096K)
 Metaspace       used 31829K, capacity 32790K, committed 32896K, reserved 1077248K
  class space    used 4313K, capacity 4654K, committed 4736K, reserved 1048576K
}
Event: 3.522 GC heap after
{Heap after GC invocations=6 (full 0):
 garbage-first heap   total 129024K, used 34196K [0x0000000080000000, 0x0000000100000000)
  region size 1024K, 8 young (8192K), 8 survivors (8192K)
 Metaspace       used 31829K, capacity 32790K, committed 32896K, reserved 1077248K
  class space    used 4313K, capacity 4654K, committed 4736K, reserved 1048576K
}
Event: 3.741 GC heap before
{Heap before GC invocations=6 (full 0):
 garbage-first heap   total 129024K, used 44436K [0x0000000080000000, 0x0000000100000000)
  region size 1024K, 19 young (19456K), 8 survivors (8192K)
 Metaspace       used 34728K, capacity 35714K, committed 35840K, reserved 1081344K
  class space    used 4557K, capacity 4927K, committed 4992K, reserved 1048576K
}
Event: 3.751 GC heap after
{Heap after GC invocations=7 (full 0):
 garbage-first heap   total 129024K, used 36008K [0x0000000080000000, 0x0000000100000000)
  region size 1024K, 2 young (2048K), 2 survivors (2048K)
 Metaspace       used 34728K, capacity 35714K, committed 35840K, reserved 1081344K
  class space    used 4557K, capacity 4927K, committed 4992K, reserved 1048576K
}
Event: 4.356 GC heap before
{Heap before GC invocations=8 (full 0):
 garbage-first heap   total 129024K, used 73896K [0x0000000080000000, 0x0000000100000000)
  region size 1024K, 40 young (40960K), 2 survivors (2048K)
 Metaspace       used 38631K, capacity 39707K, committed 40064K, reserved 1083392K
  class space    used 5008K, capacity 5401K, committed 5504K, reserved 1048576K
}
Event: 4.371 GC heap after
{Heap after GC invocations=9 (full 0):
 garbage-first heap   total 155648K, used 39824K [0x0000000080000000, 0x0000000100000000)
  region size 1024K, 5 young (5120K), 5 survivors (5120K)
 Metaspace       used 38631K, capacity 39707K, committed 40064K, reserved 1083392K
  class space    used 5008K, capacity 5401K, committed 5504K, reserved 1048576K
}
Event: 5.377 GC heap before
{Heap before GC invocations=10 (full 0):
 garbage-first heap   total 155648K, used 95120K [0x0000000080000000, 0x0000000100000000)
  region size 1024K, 53 young (54272K), 5 survivors (5120K)
 Metaspace       used 43096K, capacity 44329K, committed 44416K, reserved 1087488K
  class space    used 5547K, capacity 5994K, committed 6016K, reserved 1048576K
}
Event: 5.389 GC heap after
{Heap after GC invocations=11 (full 0):
 garbage-first heap   total 155648K, used 46470K [0x0000000080000000, 0x0000000100000000)
  region size 1024K, 7 young (7168K), 7 survivors (7168K)
 Metaspace       used 43096K, capacity 44329K, committed 44416K, reserved 1087488K
  class space    used 5547K, capacity 5994K, committed 6016K, reserved 1048576K
}
Event: 6.114 GC heap before
{Heap before GC invocations=11 (full 0):
 garbage-first heap   total 155648K, used 97670K [0x0000000080000000, 0x0000000100000000)
  region size 1024K, 56 young (57344K), 7 survivors (7168K)
 Metaspace       used 46280K, capacity 47556K, committed 47872K, reserved 1091584K
  class space    used 5866K, capacity 6298K, committed 6400K, reserved 1048576K
}
Event: 6.123 GC heap after
{Heap after GC invocations=12 (full 0):
 garbage-first heap   total 155648K, used 50243K [0x0000000080000000, 0x0000000100000000)
  region size 1024K, 7 young (7168K), 7 survivors (7168K)
 Metaspace       used 46280K, capacity 47556K, committed 47872K, reserved 1091584K
  class space    used 5866K, capacity 6298K, committed 6400K, reserved 1048576K
}
Event: 6.990 GC heap before
{Heap before GC invocations=12 (full 0):
 garbage-first heap   total 155648K, used 105539K [0x0000000080000000, 0x0000000100000000)
  region size 1024K, 57 young (58368K), 7 survivors (7168K)
 Metaspace       used 49468K, capacity 50953K, committed 51200K, reserved 1093632K
  class space    used 6376K, capacity 6855K, committed 6912K, reserved 1048576K
}
Event: 6.998 GC heap after
{Heap after GC invocations=13 (full 0):
 garbage-first heap   total 155648K, used 57097K [0x0000000080000000, 0x0000000100000000)
  region size 1024K, 7 young (7168K), 7 survivors (7168K)
 Metaspace       used 49468K, capacity 50953K, committed 51200K, reserved 1093632K
  class space    used 6376K, capacity 6855K, committed 6912K, reserved 1048576K
}
Event: 8.110 GC heap before
{Heap before GC invocations=13 (full 0):
 garbage-first heap   total 155648K, used 115465K [0x0000000080000000, 0x0000000100000000)
  region size 1024K, 56 young (57344K), 7 survivors (7168K)
 Metaspace       used 50722K, capacity 52246K, committed 52352K, reserved 1095680K
  class space    used 6501K, capacity 6999K, committed 7040K, reserved 1048576K
}
Event: 8.127 GC heap after
{Heap after GC invocations=14 (full 0):
 garbage-first heap   total 187392K, used 74243K [0x0000000080000000, 0x0000000100000000)
  region size 1024K, 7 young (7168K), 7 survivors (7168K)
 Metaspace       used 50722K, capacity 52246K, committed 52352K, reserved 1095680K
  class space    used 6501K, capacity 6999K, committed 7040K, reserved 1048576K
}
Event: 9.596 GC heap before
{Heap before GC invocations=14 (full 0):
 garbage-first heap   total 187392K, used 129539K [0x0000000080000000, 0x0000000100000000)
  region size 1024K, 61 young (62464K), 7 survivors (7168K)
 Metaspace       used 56509K, capacity 58189K, committed 58368K, reserved 1099776K
  class space    used 7296K, capacity 7869K, committed 7936K, reserved 1048576K
}
Event: 9.605 GC heap after
{Heap after GC invocations=15 (full 0):
 garbage-first heap   total 187392K, used 77921K [0x0000000080000000, 0x0000000100000000)
  region size 1024K, 4 young (4096K), 4 survivors (4096K)
 Metaspace       used 56509K, capacity 58189K, committed 58368K, reserved 1099776K
  class space    used 7296K, capacity 7869K, committed 7936K, reserved 1048576K
}
Event: 10.754 GC heap before
{Heap before GC invocations=15 (full 0):
 garbage-first heap   total 187392K, used 134241K [0x0000000080000000, 0x0000000100000000)
  region size 1024K, 59 young (60416K), 4 survivors (4096K)
 Metaspace       used 64018K, capacity 65893K, committed 66048K, reserved 1105920K
  class space    used 8232K, capacity 8836K, committed 8960K, reserved 1048576K
}
Event: 10.761 GC heap after
{Heap after GC invocations=16 (full 0):
 garbage-first heap   total 187392K, used 79633K [0x0000000080000000, 0x0000000100000000)
  region size 1024K, 5 young (5120K), 5 survivors (5120K)
 Metaspace       used 64018K, capacity 65893K, committed 66048K, reserved 1105920K
  class space    used 8232K, capacity 8836K, committed 8960K, reserved 1048576K
}
Event: 10.983 GC heap before
{Heap before GC invocations=16 (full 0):
 garbage-first heap   total 187392K, used 87825K [0x0000000080000000, 0x0000000100000000)
  region size 1024K, 14 young (14336K), 5 survivors (5120K)
 Metaspace       used 65667K, capacity 67484K, committed 67628K, reserved 1107968K
  class space    used 8450K, capacity 9112K, committed 9216K, reserved 1048576K
}
Event: 10.994 GC heap after
{Heap after GC invocations=17 (full 0):
 garbage-first heap   total 187392K, used 80612K [0x0000000080000000, 0x0000000100000000)
  region size 1024K, 3 young (3072K), 3 survivors (3072K)
 Metaspace       used 65667K, capacity 67484K, committed 67628K, reserved 1107968K
  class space    used 8450K, capacity 9112K, committed 9216K, reserved 1048576K
}

Deoptimization events (20 events):
Event: 11.239 Thread 0x00000223a3034800 DEOPT PACKING pc=0x000002238a2e5857 sp=0x000000acae3f4010
Event: 11.239 Thread 0x00000223a3034800 DEOPT UNPACKING pc=0x0000022389bc6dde sp=0x000000acae3f35c0 mode 0
Event: 11.240 Thread 0x00000223a3034800 DEOPT PACKING pc=0x000002238a2e5857 sp=0x000000acae3f4010
Event: 11.240 Thread 0x00000223a3034800 DEOPT UNPACKING pc=0x0000022389bc6dde sp=0x000000acae3f35c0 mode 0
Event: 11.253 Thread 0x00000223a3034800 Uncommon trap: trap_request=0xffffffc6 fr.pc=0x00000223919b47ac relative=0x0000000000001cac
Event: 11.253 Thread 0x00000223a3034800 Uncommon trap: reason=bimorphic_or_optimized_type_check action=maybe_recompile pc=0x00000223919b47ac method=jdk.internal.loader.Resource.getBytes()[B @ 115 c2
Event: 11.253 Thread 0x00000223a3034800 DEOPT PACKING pc=0x00000223919b47ac sp=0x000000acae3f4690
Event: 11.253 Thread 0x00000223a3034800 DEOPT UNPACKING pc=0x0000022389bc662f sp=0x000000acae3f46a0 mode 2
Event: 11.255 Thread 0x00000223a3034800 Uncommon trap: trap_request=0xffffffc6 fr.pc=0x00000223919b47ac relative=0x0000000000001cac
Event: 11.255 Thread 0x00000223a3034800 Uncommon trap: reason=bimorphic_or_optimized_type_check action=maybe_recompile pc=0x00000223919b47ac method=jdk.internal.loader.Resource.getBytes()[B @ 115 c2
Event: 11.255 Thread 0x00000223a3034800 DEOPT PACKING pc=0x00000223919b47ac sp=0x000000acae3f1390
Event: 11.255 Thread 0x00000223a3034800 DEOPT UNPACKING pc=0x0000022389bc662f sp=0x000000acae3f13a0 mode 2
Event: 11.255 Thread 0x00000223a3034800 Uncommon trap: trap_request=0xffffff4d fr.pc=0x000002239196793c relative=0x000000000000009c
Event: 11.255 Thread 0x00000223a3034800 Uncommon trap: reason=unstable_if action=reinterpret pc=0x000002239196793c method=java.security.CodeSource.matchCerts(Ljava/security/CodeSource;Z)Z @ 11 c2
Event: 11.255 Thread 0x00000223a3034800 DEOPT PACKING pc=0x000002239196793c sp=0x000000acae3f11f0
Event: 11.255 Thread 0x00000223a3034800 DEOPT UNPACKING pc=0x0000022389bc662f sp=0x000000acae3f1188 mode 2
Event: 11.390 Thread 0x00000223a3034800 Uncommon trap: trap_request=0xffffff4d fr.pc=0x00000223919e51dc relative=0x000000000000303c
Event: 11.390 Thread 0x00000223a3034800 Uncommon trap: reason=unstable_if action=reinterpret pc=0x00000223919e51dc method=java.util.regex.Pattern.compile()V @ 133 c2
Event: 11.390 Thread 0x00000223a3034800 DEOPT PACKING pc=0x00000223919e51dc sp=0x000000acae3f72b0
Event: 11.390 Thread 0x00000223a3034800 DEOPT UNPACKING pc=0x0000022389bc662f sp=0x000000acae3f7298 mode 2

Classes redefined (0 events):
No events

Internal exceptions (20 events):
Event: 8.096 Thread 0x00000223a3034800 Exception <a 'java/lang/ClassNotFoundException'{0x0000000086736ed0}: org/gradle/api/tasks/DeleteCustomizer> (0x0000000086736ed0) thrown at [./src/hotspot/share/classfile/systemDictionary.cpp, line 231]
Event: 8.098 Thread 0x00000223a3034800 Exception <a 'java/lang/ClassNotFoundException'{0x0000000086776c50}: org/gradle/api/tasks/Delete_DecoratedCustomizer> (0x0000000086776c50) thrown at [./src/hotspot/share/classfile/systemDictionary.cpp, line 231]
Event: 8.186 Thread 0x00000223a3034800 Exception <a 'java/lang/NoSuchMethodError'{0x000000008b552af8}: 'void java.lang.invoke.DirectMethodHandle$Holder.invokeVirtual(java.lang.Object, java.lang.Object)'> (0x000000008b552af8) thrown at [./src/hotspot/share/interpreter/linkResolver.cpp, line 773]
Event: 9.035 Thread 0x00000223a3034800 Exception <a 'java/lang/NoSuchMethodError'{0x00000000893ee6d8}: 'void java.lang.invoke.DirectMethodHandle$Holder.invokeSpecialIFC(java.lang.Object, java.lang.Object, java.lang.Object)'> (0x00000000893ee6d8) thrown at [./src/hotspot/share/interpreter/linkResolver.cpp, line 773]
Event: 9.210 Thread 0x00000223a3034800 Exception <a 'java/lang/NoSuchMethodError'{0x0000000088eebd88}: 'int java.lang.invoke.DirectMethodHandle$Holder.invokeStatic(java.lang.Object, int, java.lang.Object, java.lang.Object)'> (0x0000000088eebd88) thrown at [./src/hotspot/share/interpreter/linkResolver.cpp, line 773]
Event: 9.467 Thread 0x00000223a3034800 Exception <a 'java/lang/ClassNotFoundException'{0x00000000887890a8}: build_ez8q9eu0kx2zjdh4cubzj1p6wBeanInfo> (0x00000000887890a8) thrown at [./src/hotspot/share/classfile/systemDictionary.cpp, line 231]
Event: 9.468 Thread 0x00000223a3034800 Exception <a 'java/lang/ClassNotFoundException'{0x0000000088794060}: build_ez8q9eu0kx2zjdh4cubzj1p6wCustomizer> (0x0000000088794060) thrown at [./src/hotspot/share/classfile/systemDictionary.cpp, line 231]
Event: 9.692 Thread 0x00000223a3034800 Exception <a 'java/lang/NoSuchMethodError'{0x000000008b2ece18}: 'java.lang.Object java.lang.invoke.DirectMethodHandle$Holder.invokeStatic(java.lang.Object, java.lang.Object, java.lang.Object, java.lang.Object, int)'> (0x000000008b2ece18) thrown at [./src/hotspot/share/interpreter/linkResolver.cpp, line 773]
Event: 9.692 Thread 0x00000223a3034800 Exception <a 'java/lang/NoSuchMethodError'{0x000000008b2f1810}: 'java.lang.Object java.lang.invoke.DirectMethodHandle$Holder.invokeSpecial(java.lang.Object, java.lang.Object, java.lang.Object, java.lang.Object, java.lang.Object, int)'> (0x000000008b2f1810) thrown at [./src/hotspot/share/interpreter/linkResolver.cpp, line 773]
Event: 9.692 Thread 0x00000223a3034800 Exception <a 'java/lang/NoSuchMethodError'{0x000000008b2f5e50}: 'java.lang.Object java.lang.invoke.Invokers$Holder.linkToTargetMethod(java.lang.Object, java.lang.Object, java.lang.Object, int, java.lang.Object)'> (0x000000008b2f5e50) thrown at [./src/hotspot/share/interpreter/linkResolver.cpp, line 773]
Event: 9.950 Thread 0x00000223a3034800 Exception <a 'java/lang/NoSuchMethodError'{0x000000008a207ba8}: 'java.lang.Object java.lang.invoke.DirectMethodHandle$Holder.invokeSpecial(java.lang.Object, java.lang.Object, int, int, java.lang.Object, java.lang.Object, java.lang.Object)'> (0x000000008a207ba8) thrown at [./src/hotspot/share/interpreter/linkResolver.cpp, line 773]
Event: 9.951 Thread 0x00000223a3034800 Exception <a 'java/lang/NoSuchMethodError'{0x000000008a20c128}: 'java.lang.Object java.lang.invoke.DelegatingMethodHandle$Holder.reinvoke_L(java.lang.Object, int, int, java.lang.Object, java.lang.Object, java.lang.Object)'> (0x000000008a20c128) thrown at [./src/hotspot/share/interpreter/linkResolver.cpp, line 773]
Event: 10.236 Thread 0x00000223a3034800 Exception <a 'java/lang/NoSuchMethodError'{0x00000000896f0f10}: 'int java.lang.invoke.DirectMethodHandle$Holder.invokeInterface(java.lang.Object, java.lang.Object, java.lang.Object, java.lang.Object)'> (0x00000000896f0f10) thrown at [./src/hotspot/share/interpreter/linkResolver.cpp, line 773]
Event: 10.666 Thread 0x00000223a3034800 Exception <a 'java/lang/NoSuchMethodError'{0x000000008867b8f8}: 'void java.lang.invoke.DirectMethodHandle$Holder.invokeInterface(java.lang.Object, java.lang.Object, java.lang.Object, java.lang.Object)'> (0x000000008867b8f8) thrown at [./src/hotspot/share/interpreter/linkResolver.cpp, line 773]
Event: 10.809 Thread 0x00000223a3034800 Exception <a 'java/lang/IncompatibleClassChangeError'{0x000000008b5ad798}: Found class java.lang.Object, but interface was expected> (0x000000008b5ad798) thrown at [./src/hotspot/share/interpreter/linkResolver.cpp, line 839]
Event: 10.900 Thread 0x00000223a3034800 Implicit null exception at 0x00000223919bbfd4 to 0x00000223919bc1b8
Event: 10.900 Thread 0x00000223a3034800 Implicit null exception at 0x00000223919ae01e to 0x00000223919aea2c
Event: 11.024 Thread 0x00000223a3034800 Implicit null exception at 0x00000223917a8d0b to 0x00000223917a8de4
Event: 11.129 Thread 0x00000223a3034800 Implicit null exception at 0x00000223917f1c2c to 0x00000223917f1dda
Event: 11.305 Thread 0x00000223a3034800 Exception <a 'sun/nio/fs/WindowsException'{0x000000008a4c8610}> (0x000000008a4c8610) thrown at [./src/hotspot/share/prims/jni.cpp, line 615]

Events (20 events):
Event: 11.753 loading class com/android/build/gradle/internal/AppModelBuilder
Event: 11.753 loading class com/android/build/gradle/internal/AppModelBuilder done
Event: 11.754 loading class com/android/build/gradle/internal/ide/ModelBuilder
Event: 11.754 loading class com/android/build/gradle/internal/ide/ModelBuilder done
Event: 11.757 loading class com/android/build/gradle/internal/ide/dependencies/ArtifactCollectionsInputs
Event: 11.757 loading class com/android/build/gradle/internal/ide/dependencies/ArtifactCollectionsInputs done
Event: 11.758 loading class com/android/build/gradle/internal/ide/dependencies/DependencyModelBuilder
Event: 11.758 loading class com/android/build/gradle/internal/ide/dependencies/DependencyModelBuilder done
Event: 11.758 loading class com/android/builder/model/ViewBindingOptions
Event: 11.758 loading class com/android/builder/model/ViewBindingOptions done
Event: 11.759 loading class com/android/builder/model/DependenciesInfo
Event: 11.759 loading class com/android/builder/model/DependenciesInfo done
Event: 11.759 loading class com/android/build/gradle/internal/ProductFlavorData
Event: 11.759 loading class com/android/build/gradle/internal/ProductFlavorData done
Event: 11.761 loading class com/android/builder/model/AndroidGradlePluginProjectFlags
Event: 11.761 loading class com/android/builder/model/AndroidGradlePluginProjectFlags done
Event: 11.761 loading class com/android/build/gradle/internal/scope/InternalArtifactType$APK_IDE_REDIRECT_FILE
Event: 11.761 loading class com/android/build/gradle/internal/scope/InternalArtifactType$APK_IDE_REDIRECT_FILE done
Event: 11.762 loading class com/android/build/gradle/internal/scope/InternalArtifactType
Event: 11.762 loading class com/android/build/gradle/internal/scope/InternalArtifactType done


Dynamic libraries:
0x00007ff77f590000 - 0x00007ff77f59a000 	C:\Program Files\Android\Android Studio\jre\bin\java.exe
0x00007ffc2f210000 - 0x00007ffc2f405000 	C:\WINDOWS\SYSTEM32\ntdll.dll
0x00007ffc2e480000 - 0x00007ffc2e53e000 	C:\WINDOWS\System32\KERNEL32.DLL
0x00007ffc2cc70000 - 0x00007ffc2cf38000 	C:\WINDOWS\System32\KERNELBASE.dll
0x00007ffc2cb10000 - 0x00007ffc2cc10000 	C:\WINDOWS\System32\ucrtbase.dll
0x00007ffc224e0000 - 0x00007ffc224f9000 	C:\Program Files\Android\Android Studio\jre\bin\jli.dll
0x00007ffc225f0000 - 0x00007ffc22607000 	C:\Program Files\Android\Android Studio\jre\bin\VCRUNTIME140.dll
0x00007ffc2ea50000 - 0x00007ffc2ebf0000 	C:\WINDOWS\System32\USER32.dll
0x00007ffc101d0000 - 0x00007ffc1046a000 	C:\WINDOWS\WinSxS\amd64_microsoft.windows.common-controls_6595b64144ccf1df_6.0.19041.1110_none_60b5254171f9507e\COMCTL32.dll
0x00007ffc2cc10000 - 0x00007ffc2cc32000 	C:\WINDOWS\System32\win32u.dll
0x00007ffc2edd0000 - 0x00007ffc2ee6e000 	C:\WINDOWS\System32\msvcrt.dll
0x00007ffc2ebf0000 - 0x00007ffc2ec1b000 	C:\WINDOWS\System32\GDI32.dll
0x00007ffc2d0b0000 - 0x00007ffc2d1bd000 	C:\WINDOWS\System32\gdi32full.dll
0x00007ffc2d1c0000 - 0x00007ffc2d25d000 	C:\WINDOWS\System32\msvcp_win.dll
0x00007ffc2e3e0000 - 0x00007ffc2e410000 	C:\WINDOWS\System32\IMM32.DLL
0x00007ffc074d0000 - 0x00007ffc0756d000 	C:\Program Files\Android\Android Studio\jre\bin\msvcp140.dll
0x00007ffbeed80000 - 0x00007ffbef855000 	C:\Program Files\Android\Android Studio\jre\bin\server\jvm.dll
0x00007ffc2e9a0000 - 0x00007ffc2ea4e000 	C:\WINDOWS\System32\ADVAPI32.dll
0x00007ffc2e340000 - 0x00007ffc2e3dc000 	C:\WINDOWS\System32\sechost.dll
0x00007ffc2e210000 - 0x00007ffc2e335000 	C:\WINDOWS\System32\RPCRT4.dll
0x00007ffc2e200000 - 0x00007ffc2e208000 	C:\WINDOWS\System32\PSAPI.DLL
0x00007ffc1d160000 - 0x00007ffc1d187000 	C:\WINDOWS\SYSTEM32\WINMM.dll
0x00007ffc124b0000 - 0x00007ffc124b9000 	C:\WINDOWS\SYSTEM32\WSOCK32.dll
0x00007ffc1f540000 - 0x00007ffc1f54a000 	C:\WINDOWS\SYSTEM32\VERSION.dll
0x00007ffc2e410000 - 0x00007ffc2e47b000 	C:\WINDOWS\System32\WS2_32.dll
0x00007ffc2b1a0000 - 0x00007ffc2b1b2000 	C:\WINDOWS\SYSTEM32\kernel.appcore.dll
0x00007ffbfb210000 - 0x00007ffbfb221000 	C:\Program Files\Android\Android Studio\jre\bin\verify.dll
0x00007ffc2a710000 - 0x00007ffc2a8f4000 	C:\WINDOWS\SYSTEM32\DBGHELP.DLL
0x00007ffc0f570000 - 0x00007ffc0f59c000 	C:\WINDOWS\SYSTEM32\dbgcore.DLL
0x00007ffc2c920000 - 0x00007ffc2c9a2000 	C:\WINDOWS\System32\bcryptPrimitives.dll
0x00007ffbfb1e0000 - 0x00007ffbfb209000 	C:\Program Files\Android\Android Studio\jre\bin\java.dll
0x00007ffc1ce60000 - 0x00007ffc1ce6b000 	C:\Program Files\Android\Android Studio\jre\bin\jimage.dll
0x00007ffbfb1c0000 - 0x00007ffbfb1d8000 	C:\Program Files\Android\Android Studio\jre\bin\zip.dll
0x00007ffc2d430000 - 0x00007ffc2db74000 	C:\WINDOWS\System32\SHELL32.dll
0x00007ffc2a900000 - 0x00007ffc2b094000 	C:\WINDOWS\SYSTEM32\windows.storage.dll
0x00007ffc2ee70000 - 0x00007ffc2f1c5000 	C:\WINDOWS\System32\combase.dll
0x00007ffc2c370000 - 0x00007ffc2c39e000 	C:\WINDOWS\SYSTEM32\Wldp.dll
0x00007ffc2e150000 - 0x00007ffc2e1fd000 	C:\WINDOWS\System32\SHCORE.dll
0x00007ffc2d260000 - 0x00007ffc2d2b5000 	C:\WINDOWS\System32\shlwapi.dll
0x00007ffc2c860000 - 0x00007ffc2c87f000 	C:\WINDOWS\SYSTEM32\profapi.dll
0x00007ffbfb0f0000 - 0x00007ffbfb10a000 	C:\Program Files\Android\Android Studio\jre\bin\net.dll
0x00007ffc22e40000 - 0x00007ffc22f4c000 	C:\WINDOWS\SYSTEM32\WINHTTP.dll
0x00007ffc2c0d0000 - 0x00007ffc2c13a000 	C:\WINDOWS\system32\mswsock.dll
0x00007ffbfb0d0000 - 0x00007ffbfb0e4000 	C:\Program Files\Android\Android Studio\jre\bin\nio.dll
0x00007ffbf0320000 - 0x00007ffbf0347000 	C:\Users\kndrc\.gradle\native\e1d6ef7f7dcc3fd88c89a11ec53ec762bb8ba0a96d01ffa2cd45eb1d1d8dd5c5\windows-amd64\native-platform.dll
0x00007ffbeff20000 - 0x00007ffbf0064000 	C:\Users\kndrc\.gradle\native\5664cfc778a61ccfe75a443a1ab52a65af34e5dc3c78e0209fed803814484fcb\windows-amd64\native-platform-file-events.dll
0x00007ffc13f70000 - 0x00007ffc13f7a000 	C:\Program Files\Android\Android Studio\jre\bin\management.dll
0x00007ffc11750000 - 0x00007ffc1175d000 	C:\Program Files\Android\Android Studio\jre\bin\management_ext.dll
0x00007ffc2c2c0000 - 0x00007ffc2c2d8000 	C:\WINDOWS\SYSTEM32\CRYPTSP.dll
0x00007ffc2b9e0000 - 0x00007ffc2ba14000 	C:\WINDOWS\system32\rsaenh.dll
0x00007ffc2cc40000 - 0x00007ffc2cc67000 	C:\WINDOWS\System32\bcrypt.dll
0x00007ffc2c820000 - 0x00007ffc2c84e000 	C:\WINDOWS\SYSTEM32\USERENV.dll
0x00007ffc2c2e0000 - 0x00007ffc2c2ec000 	C:\WINDOWS\SYSTEM32\CRYPTBASE.dll
0x00007ffc2bd70000 - 0x00007ffc2bdab000 	C:\WINDOWS\SYSTEM32\IPHLPAPI.DLL
0x00007ffc2e0d0000 - 0x00007ffc2e0d8000 	C:\WINDOWS\System32\NSI.dll
0x00007ffc1f520000 - 0x00007ffc1f537000 	C:\WINDOWS\SYSTEM32\dhcpcsvc6.DLL
0x00007ffc20860000 - 0x00007ffc2087d000 	C:\WINDOWS\SYSTEM32\dhcpcsvc.DLL
0x00007ffc2bdc0000 - 0x00007ffc2be8b000 	C:\WINDOWS\SYSTEM32\DNSAPI.dll

dbghelp: loaded successfully - version: 4.0.5 - missing functions: none
symbol engine: initialized successfully - sym options: 0x614 - pdb path: .;C:\Program Files\Android\Android Studio\jre\bin;C:\WINDOWS\SYSTEM32;C:\WINDOWS\WinSxS\amd64_microsoft.windows.common-controls_6595b64144ccf1df_6.0.19041.1110_none_60b5254171f9507e;C:\Program Files\Android\Android Studio\jre\bin\server;C:\Users\kndrc\.gradle\native\e1d6ef7f7dcc3fd88c89a11ec53ec762bb8ba0a96d01ffa2cd45eb1d1d8dd5c5\windows-amd64;C:\Users\kndrc\.gradle\native\5664cfc778a61ccfe75a443a1ab52a65af34e5dc3c78e0209fed803814484fcb\windows-amd64

VM Arguments:
jvm_args: --add-opens=java.base/java.util=ALL-UNNAMED --add-opens=java.base/java.lang=ALL-UNNAMED --add-opens=java.base/java.lang.invoke=ALL-UNNAMED --add-opens=java.base/java.util=ALL-UNNAMED --add-opens=java.prefs/java.util.prefs=ALL-UNNAMED --add-opens=java.prefs/java.util.prefs=ALL-UNNAMED --add-opens=java.base/java.nio.charset=ALL-UNNAMED --add-opens=java.base/java.net=ALL-UNNAMED --add-opens=java.base/java.util.concurrent.atomic=ALL-UNNAMED -Xmx2048m -Dfile.encoding=UTF-8 -Duser.country=US -Duser.language=en -Duser.variant 
java_command: org.gradle.launcher.daemon.bootstrap.GradleDaemon 7.2
java_class_path (initial): C:\Users\kndrc\.gradle\wrapper\dists\gradle-7.2-bin\2dnblmf4td7x66yl1d74lt32g\gradle-7.2\lib\gradle-launcher-7.2.jar
Launcher Type: SUN_STANDARD

[Global flags]
     intx CICompilerCount                          = 4                                         {product} {ergonomic}
     uint ConcGCThreads                            = 2                                         {product} {ergonomic}
     uint G1ConcRefinementThreads                  = 8                                         {product} {ergonomic}
   size_t G1HeapRegionSize                         = 1048576                                   {product} {ergonomic}
    uintx GCDrainStackTargetSize                   = 64                                        {product} {ergonomic}
   size_t InitialHeapSize                          = 132120576                                 {product} {ergonomic}
   size_t MarkStackSize                            = 4194304                                   {product} {ergonomic}
   size_t MaxHeapSize                              = 2147483648                                {product} {command line}
   size_t MaxNewSize                               = 1287651328                                {product} {ergonomic}
   size_t MinHeapDeltaBytes                        = 1048576                                   {product} {ergonomic}
    uintx NonNMethodCodeHeapSize                   = 5836300                                {pd product} {ergonomic}
    uintx NonProfiledCodeHeapSize                  = 122910970                              {pd product} {ergonomic}
    uintx ProfiledCodeHeapSize                     = 122910970                              {pd product} {ergonomic}
    uintx ReservedCodeCacheSize                    = 251658240                              {pd product} {ergonomic}
     bool SegmentedCodeCache                       = true                                      {product} {ergonomic}
     bool UseCompressedClassPointers               = true                                 {lp64_product} {ergonomic}
     bool UseCompressedOops                        = true                                 {lp64_product} {ergonomic}
     bool UseG1GC                                  = true                                      {product} {ergonomic}
     bool UseLargePagesIndividualAllocation        = false                                  {pd product} {ergonomic}

Logging:
Log output configuration:
 #0: stdout all=warning uptime,level,tags
 #1: stderr all=off uptime,level,tags

Environment Variables:
PATH=C:\Program Files\Common Files\Oracle\Java\javapath;C:\Program Files (x86)\Common Files\Intel\Shared Libraries\redist\intel64\compiler;C:\WINDOWS\system32;C:\WINDOWS;C:\WINDOWS\System32\Wbem;C:\WINDOWS\System32\WindowsPowerShell\v1.0\;C:\WINDOWS\System32\OpenSSH\;C:\Users\kndrc\AppData\Local\Programs\Python\Python38;C:\Users\kndrc\AppData\Local\Programs\Python\Python38\Scripts;C:\Program Files\Git\cmd;C:\Program Files\nodejs\;C:\Program Files\heroku\bin;C:\Users\kndrc\.cargo\bin;C:\Program Files\MySQL\MySQL Shell 8.0\bin\;C:\Users\kndrc\AppData\Local\Microsoft\WindowsApps;C:\Users\kndrc\AppData\Local\Programs\Microsoft VS Code\bin;C:\Program Files\Azure Data Studio\bin;C:\Users\kndrc\AppData\Local\Microsoft\WindowsApps;;C:\Program Files\JetBrains\IntelliJ IDEA Community Edition 2021.1\bin;;C:\Users\kndrc\AppData\Roaming\npm;C:\Program Files\heroku\bin
USERNAME=kndrc
OS=Windows_NT
PROCESSOR_IDENTIFIER=Intel64 Family 6 Model 142 Stepping 12, GenuineIntel



---------------  S Y S T E M  ---------------

OS: Windows 10 , 64 bit Build 19041 (10.0.19041.1503)
OS uptime: 0 days 1:36 hours

CPU:total 8 (initial active 8) (4 cores per cpu, 2 threads per core) family 6 model 142 stepping 12 microcode 0xec, cmov, cx8, fxsr, mmx, sse, sse2, sse3, ssse3, sse4.1, sse4.2, popcnt, avx, avx2, aes, clmul, erms, 3dnowpref, lzcnt, ht, tsc, tscinvbit, bmi1, bmi2, adx, fma

Memory: 4k page, system-wide physical 7964M (405M free)
TotalPageFile size 9864M (AvailPageFile size 6M)
current process WorkingSet (physical memory assigned to process): 401M, peak: 403M
current process commit charge ("private bytes"): 442M, peak: 444M

vm_info: OpenJDK 64-Bit Server VM (11.0.11+9-b60-7590822) for windows-amd64 JRE (11.0.11+9-b60-7590822), built on Jul 29 2021 21:43:44 by "builder" with MS VC++ 14.0 (VS2015)

END.
