#
# There is insufficient memory for the Java Runtime Environment to continue.
# Native memory allocation (mmap) failed to map 38797312 bytes for Failed to commit area from 0x000000008b700000 to 0x000000008dc00000 of length 38797312.
# Possible reasons:
#   The system is out of physical RAM or swap space
#   The process is running with CompressedOops enabled, and the Java Heap may be blocking the growth of the native heap
# Possible solutions:
#   Reduce memory load on the system
#   Increase physical memory or swap space
#   Check if swap backing store is full
#   Decrease Java heap size (-Xmx/-Xms)
#   Decrease number of Java threads
#   Decrease Java thread stack sizes (-Xss)
#   Set larger code cache with -XX:ReservedCodeCacheSize=
#   JVM is running with Unscaled Compressed Oops mode in which the Java heap is
#     placed in the first 4GB address space. The Java Heap base address is the
#     maximum limit for the native heap growth. Please use -XX:HeapBaseMinAddress
#     to set the Java Heap base and to place the Java Heap above 4GB virtual address.
# This output file may be truncated or incomplete.
#
#  Out of Memory Error (./src/hotspot/os/windows/os_windows.cpp:3301), pid=4544, tid=7204
#
# JRE version: OpenJDK Runtime Environment (11.0.11+9) (build 11.0.11+9-b60-7590822)
# Java VM: OpenJDK 64-Bit Server VM (11.0.11+9-b60-7590822, mixed mode, tiered, compressed oops, g1 gc, windows-amd64)
# No core dump will be written. Minidumps are not enabled by default on client versions of Windows
#

---------------  S U M M A R Y ------------

Command Line: --add-opens=java.base/java.util=ALL-UNNAMED --add-opens=java.base/java.lang=ALL-UNNAMED --add-opens=java.base/java.lang.invoke=ALL-UNNAMED --add-opens=java.base/java.util=ALL-UNNAMED --add-opens=java.prefs/java.util.prefs=ALL-UNNAMED --add-opens=java.prefs/java.util.prefs=ALL-UNNAMED --add-opens=java.base/java.nio.charset=ALL-UNNAMED --add-opens=java.base/java.net=ALL-UNNAMED --add-opens=java.base/java.util.concurrent.atomic=ALL-UNNAMED -Xmx2048m -Dfile.encoding=UTF-8 -Duser.country=US -Duser.language=en -Duser.variant org.gradle.launcher.daemon.bootstrap.GradleDaemon 7.2

Host: Intel(R) Core(TM) i5-8265U CPU @ 1.60GHz, 8 cores, 7G,  Windows 10 , 64 bit Build 19041 (10.0.19041.1503)
Time: Thu Feb 17 13:14:13 2022 Mountain Standard Time elapsed time: 37.033381 seconds (0d 0h 0m 37s)

---------------  T H R E A D  ---------------

Current thread (0x0000019c7efa0000):  VMThread "VM Thread" [stack: 0x0000005c02a00000,0x0000005c02b00000] [id=7204]

Stack: [0x0000005c02a00000,0x0000005c02b00000]
[error occurred during error reporting (printing stack bounds), id 0xc0000005, EXCEPTION_ACCESS_VIOLATION (0xc0000005) at pc=0x0000019c6e630f2d]

Native frames: (J=compiled Java code, j=interpreted, Vv=VM code, C=native code)
V  [jvm.dll+0x5f214a]
V  [jvm.dll+0x726fb5]
V  [jvm.dll+0x7285cd]
V  [jvm.dll+0x728be5]
V  [jvm.dll+0x728b9b]
V  [jvm.dll+0x5f14e8]
V  [jvm.dll+0x5f1c78]
C  [ntdll.dll+0xa20cf]
C  [ntdll.dll+0x51454]
C  [ntdll.dll+0xa0bfe]
C  0x0000019c6e630f2d

VM_Operation (0x0000005c059fe0e0): G1CollectForAllocation, mode: safepoint, requested by thread 0x0000019c07f0a000


---------------  P R O C E S S  ---------------

Threads class SMR info:
_java_thread_list=0x0000019c10ea0140, length=133, elements={
0x0000019c6ab2e800, 0x0000019c7efa1800, 0x0000019c7efad000, 0x0000019c7f925800,
0x0000019c7f926800, 0x0000019c7f929000, 0x0000019c7f92c000, 0x0000019c7f92d000,
0x0000019c7f930800, 0x0000019c7fa94000, 0x0000019c07408800, 0x0000019c7fcde800,
0x0000019c0626e000, 0x0000019c0795f000, 0x0000019c082e8800, 0x0000019c089f0000,
0x0000019c089ec000, 0x0000019c089ed800, 0x0000019c089ee800, 0x0000019c089ea800,
0x0000019c089f1000, 0x0000019c089ef000, 0x0000019c07f05000, 0x0000019c07f02000,
0x0000019c07f02800, 0x0000019c07f03800, 0x0000019c07f06000, 0x0000019c07f06800,
0x0000019c07f0a000, 0x0000019c07f0b000, 0x0000019c7fc29800, 0x0000019c7fc22000,
0x0000019c7fc23000, 0x0000019c7fc25800, 0x0000019c7fc26800, 0x0000019c7fc27000,
0x0000019c7fc28000, 0x0000019c7fc28800, 0x0000019c7fc24000, 0x0000019c7fc24800,
0x0000019c7fc2d800, 0x0000019c06481800, 0x0000019c7fc2e800, 0x0000019c7fc2d000,
0x0000019c7fc2f800, 0x0000019c7fc30000, 0x0000019c7fc2c000, 0x0000019c7fc31000,
0x0000019c07f01000, 0x0000019c07f04800, 0x0000019c07f0c800, 0x0000019c07f07800,
0x0000019c07f09000, 0x0000019c07f0e000, 0x0000019c07f08800, 0x0000019c07f0f000,
0x0000019c07f0f800, 0x0000019c089eb000, 0x0000019c089ec800, 0x0000019c066e0800,
0x0000019c066de000, 0x0000019c066e2000, 0x0000019c066df000, 0x0000019c066dc800,
0x0000019c066e1800, 0x0000019c066e0000, 0x0000019c066e3000, 0x0000019c066dd800,
0x0000019c066e7000, 0x0000019c066e9800, 0x0000019c066e9000, 0x0000019c066e8000,
0x0000019c066e4000, 0x0000019c066e5800, 0x0000019c066e4800, 0x0000019c066ea800,
0x0000019c066e6800, 0x0000019c066eb000, 0x0000019c10d50800, 0x0000019c10d4d000,
0x0000019c10d51000, 0x0000019c10d52000, 0x0000019c10d4c800, 0x0000019c10d4e000,
0x0000019c10d53000, 0x0000019c10d53800, 0x0000019c10d4f800, 0x0000019c10d54800,
0x0000019c10d4e800, 0x0000019c10d59800, 0x0000019c10d57000, 0x0000019c10d5b000,
0x0000019c10d57800, 0x0000019c10d56000, 0x0000019c10d55800, 0x0000019c10d58800,
0x0000019c10d5a000, 0x0000019c10b8c800, 0x0000019c10b8f800, 0x0000019c10b8b000,
0x0000019c10b8e000, 0x0000019c10b91800, 0x0000019c10b8d800, 0x0000019c10b8b800,
0x0000019c10b93000, 0x0000019c10b90800, 0x0000019c10b94000, 0x0000019c10b8f000,
0x0000019c10b98000, 0x0000019c10b92000, 0x0000019c10b99800, 0x0000019c10b98800,
0x0000019c10b94800, 0x0000019c10b95800, 0x0000019c10b96800, 0x0000019c10b97000,
0x0000019c0b9e0800, 0x0000019c0b9e2800, 0x0000019c0b9df000, 0x0000019c0b9e5000,
0x0000019c0b9e3000, 0x0000019c0b9e4000, 0x0000019c0b9e1800, 0x0000019c0b9e5800,
0x0000019c0b9e0000, 0x0000019c0f5c3000, 0x0000019c0f5c5800, 0x0000019c0f5c6800,
0x0000019c0f5c4800, 0x0000019c0f5c7000, 0x0000019c0f5c2000, 0x0000019c0f5c8000,
0x0000019c0f5c9000
}

Java Threads: ( => current thread )
  0x0000019c6ab2e800 JavaThread "main" [_thread_blocked, id=5048, stack(0x0000005c02400000,0x0000005c02500000)]
  0x0000019c7efa1800 JavaThread "Reference Handler" daemon [_thread_blocked, id=8180, stack(0x0000005c02b00000,0x0000005c02c00000)]
  0x0000019c7efad000 JavaThread "Finalizer" daemon [_thread_blocked, id=7220, stack(0x0000005c02c00000,0x0000005c02d00000)]
  0x0000019c7f925800 JavaThread "Signal Dispatcher" daemon [_thread_blocked, id=664, stack(0x0000005c02d00000,0x0000005c02e00000)]
  0x0000019c7f926800 JavaThread "Attach Listener" daemon [_thread_blocked, id=2756, stack(0x0000005c02e00000,0x0000005c02f00000)]
  0x0000019c7f929000 JavaThread "Service Thread" daemon [_thread_blocked, id=4248, stack(0x0000005c02f00000,0x0000005c03000000)]
  0x0000019c7f92c000 JavaThread "C2 CompilerThread0" daemon [_thread_blocked, id=13820, stack(0x0000005c03000000,0x0000005c03100000)]
  0x0000019c7f92d000 JavaThread "C1 CompilerThread0" daemon [_thread_blocked, id=10532, stack(0x0000005c03100000,0x0000005c03200000)]
  0x0000019c7f930800 JavaThread "Sweeper thread" daemon [_thread_blocked, id=9556, stack(0x0000005c03200000,0x0000005c03300000)]
  0x0000019c7fa94000 JavaThread "Common-Cleaner" daemon [_thread_blocked, id=7668, stack(0x0000005c03300000,0x0000005c03400000)]
  0x0000019c07408800 JavaThread "Daemon health stats" [_thread_blocked, id=8500, stack(0x0000005c03900000,0x0000005c03a00000)]
  0x0000019c7fcde800 JavaThread "Incoming local TCP Connector on port 51870" [_thread_in_native, id=7344, stack(0x0000005c03500000,0x0000005c03600000)]
  0x0000019c0626e000 JavaThread "Daemon periodic checks" [_thread_blocked, id=10696, stack(0x0000005c03600000,0x0000005c03700000)]
  0x0000019c0795f000 JavaThread "Daemon" [_thread_blocked, id=12968, stack(0x0000005c03a00000,0x0000005c03b00000)]
  0x0000019c082e8800 JavaThread "Daemon worker" [_thread_blocked, id=7756, stack(0x0000005c03d00000,0x0000005c03e00000)]
  0x0000019c089f0000 JavaThread "Cache worker for journal cache (C:\Users\kndrc\.gradle\caches\journal-1)" [_thread_blocked, id=4440, stack(0x0000005c04700000,0x0000005c04800000)]
  0x0000019c089ec000 JavaThread "File lock request listener" [_thread_in_native, id=9776, stack(0x0000005c04800000,0x0000005c04900000)]
  0x0000019c089ed800 JavaThread "Cache worker for file hash cache (C:\Users\kndrc\.gradle\caches\7.2\fileHashes)" [_thread_blocked, id=14028, stack(0x0000005c04900000,0x0000005c04a00000)]
  0x0000019c089ee800 JavaThread "File watcher server" daemon [_thread_blocked, id=2420, stack(0x0000005c04c00000,0x0000005c04d00000)]
  0x0000019c089ea800 JavaThread "File watcher consumer" daemon [_thread_blocked, id=6196, stack(0x0000005c04d00000,0x0000005c04e00000)]
  0x0000019c089f1000 JavaThread "jar transforms" [_thread_blocked, id=11352, stack(0x0000005c04e00000,0x0000005c04f00000)]
  0x0000019c089ef000 JavaThread "jar transforms Thread 2" [_thread_blocked, id=11784, stack(0x0000005c04f00000,0x0000005c05000000)]
  0x0000019c07f05000 JavaThread "jar transforms Thread 3" [_thread_blocked, id=5504, stack(0x0000005c05000000,0x0000005c05100000)]
  0x0000019c07f02000 JavaThread "jar transforms Thread 4" [_thread_blocked, id=2108, stack(0x0000005c05100000,0x0000005c05200000)]
  0x0000019c07f02800 JavaThread "jar transforms Thread 5" [_thread_blocked, id=8268, stack(0x0000005c05200000,0x0000005c05300000)]
  0x0000019c07f03800 JavaThread "jar transforms Thread 6" [_thread_blocked, id=10756, stack(0x0000005c05300000,0x0000005c05400000)]
  0x0000019c07f06000 JavaThread "jar transforms Thread 7" [_thread_blocked, id=13884, stack(0x0000005c05400000,0x0000005c05500000)]
  0x0000019c07f06800 JavaThread "jar transforms Thread 8" [_thread_blocked, id=8868, stack(0x0000005c05500000,0x0000005c05600000)]
  0x0000019c07f0a000 JavaThread "Cache worker for execution history cache (C:\Users\kndrc\.gradle\caches\7.2\executionHistory)" [_thread_blocked, id=8260, stack(0x0000005c05900000,0x0000005c05a00000)]
  0x0000019c07f0b000 JavaThread "Cache worker for file content cache (C:\Users\kndrc\.gradle\caches\7.2\fileContent)" [_thread_blocked, id=9536, stack(0x0000005c05a00000,0x0000005c05b00000)]
  0x0000019c7fc29800 JavaThread "Memory manager" [_thread_blocked, id=2132, stack(0x0000005c0ad00000,0x0000005c0ae00000)]
  0x0000019c7fc22000 JavaThread "Handler for socket connection from /127.0.0.1:51870 to /127.0.0.1:51891" [_thread_in_native, id=9708, stack(0x0000005c03b00000,0x0000005c03c00000)]
  0x0000019c7fc23000 JavaThread "Cancel handler" [_thread_blocked, id=9448, stack(0x0000005c03c00000,0x0000005c03d00000)]
  0x0000019c7fc25800 JavaThread "Asynchronous log dispatcher for DefaultDaemonConnection: socket connection from /127.0.0.1:51870 to /127.0.0.1:51891" [_thread_blocked, id=4512, stack(0x0000005c03e00000,0x0000005c03f00000)]
  0x0000019c7fc26800 JavaThread "Stdin handler" [_thread_blocked, id=7144, stack(0x0000005c03f00000,0x0000005c04000000)]
  0x0000019c7fc27000 JavaThread "Daemon client event forwarder" [_thread_blocked, id=4004, stack(0x0000005c04000000,0x0000005c04100000)]
  0x0000019c7fc28000 JavaThread "Cache worker for file hash cache (C:\Users\kndrc\AndroidStudioProjects\ToDoList\.gradle\7.2\fileHashes)" [_thread_blocked, id=9596, stack(0x0000005c04100000,0x0000005c04200000)]
  0x0000019c7fc28800 JavaThread "Cache worker for checksums cache (C:\Users\kndrc\AndroidStudioProjects\ToDoList\.gradle\checksums)" [_thread_blocked, id=4312, stack(0x0000005c04b00000,0x0000005c04c00000)]
  0x0000019c7fc24000 JavaThread "Cache worker for cache directory md-supplier (C:\Users\kndrc\.gradle\caches\7.2\md-supplier)" [_thread_blocked, id=1884, stack(0x0000005c05600000,0x0000005c05700000)]
  0x0000019c7fc24800 JavaThread "Cache worker for cache directory md-rule (C:\Users\kndrc\.gradle\caches\7.2\md-rule)" [_thread_blocked, id=13684, stack(0x0000005c05700000,0x0000005c05800000)]
  0x0000019c7fc2d800 JavaThread "Cache worker for dependencies-accessors (C:\Users\kndrc\AndroidStudioProjects\ToDoList\.gradle\7.2\dependencies-accessors)" [_thread_blocked, id=3756, stack(0x0000005c05800000,0x0000005c05900000)]
  0x0000019c06481800 JavaThread "C2 CompilerThread1" daemon [_thread_in_native, id=10968, stack(0x0000005c05b00000,0x0000005c05c00000)]
  0x0000019c7fc2e800 JavaThread "Cache worker for Build Output Cleanup Cache (C:\Users\kndrc\AndroidStudioProjects\ToDoList\.gradle\buildOutputCleanup)" [_thread_blocked, id=12372, stack(0x0000005c05c00000,0x0000005c05d00000)]
  0x0000019c7fc2d000 JavaThread "Unconstrained build operations" [_thread_blocked, id=4832, stack(0x0000005c05d00000,0x0000005c05e00000)]
  0x0000019c7fc2f800 JavaThread "Unconstrained build operations Thread 2" [_thread_blocked, id=9800, stack(0x0000005c05e00000,0x0000005c05f00000)]
  0x0000019c7fc30000 JavaThread "Unconstrained build operations Thread 3" [_thread_blocked, id=5480, stack(0x0000005c05f00000,0x0000005c06000000)]
  0x0000019c7fc2c000 JavaThread "Unconstrained build operations Thread 4" [_thread_blocked, id=4552, stack(0x0000005c06000000,0x0000005c06100000)]
  0x0000019c7fc31000 JavaThread "Unconstrained build operations Thread 5" [_thread_blocked, id=3440, stack(0x0000005c06100000,0x0000005c06200000)]
  0x0000019c07f01000 JavaThread "Unconstrained build operations Thread 6" [_thread_blocked, id=1752, stack(0x0000005c06200000,0x0000005c06300000)]
  0x0000019c07f04800 JavaThread "Unconstrained build operations Thread 7" [_thread_blocked, id=7816, stack(0x0000005c06300000,0x0000005c06400000)]
  0x0000019c07f0c800 JavaThread "Unconstrained build operations Thread 8" [_thread_blocked, id=12588, stack(0x0000005c06400000,0x0000005c06500000)]
  0x0000019c07f07800 JavaThread "Unconstrained build operations Thread 9" [_thread_blocked, id=10088, stack(0x0000005c06500000,0x0000005c06600000)]
  0x0000019c07f09000 JavaThread "Unconstrained build operations Thread 10" [_thread_blocked, id=6772, stack(0x0000005c06600000,0x0000005c06700000)]
  0x0000019c07f0e000 JavaThread "Unconstrained build operations Thread 11" [_thread_blocked, id=3536, stack(0x0000005c06700000,0x0000005c06800000)]
  0x0000019c07f08800 JavaThread "Unconstrained build operations Thread 12" [_thread_blocked, id=7284, stack(0x0000005c06800000,0x0000005c06900000)]
  0x0000019c07f0f000 JavaThread "Unconstrained build operations Thread 13" [_thread_blocked, id=7040, stack(0x0000005c06900000,0x0000005c06a00000)]
  0x0000019c07f0f800 JavaThread "Unconstrained build operations Thread 14" [_thread_blocked, id=11132, stack(0x0000005c06a00000,0x0000005c06b00000)]
  0x0000019c089eb000 JavaThread "Unconstrained build operations Thread 15" [_thread_blocked, id=9208, stack(0x0000005c06b00000,0x0000005c06c00000)]
  0x0000019c089ec800 JavaThread "Unconstrained build operations Thread 16" [_thread_blocked, id=1080, stack(0x0000005c06c00000,0x0000005c06d00000)]
  0x0000019c066e0800 JavaThread "Unconstrained build operations Thread 17" [_thread_blocked, id=3040, stack(0x0000005c06d00000,0x0000005c06e00000)]
  0x0000019c066de000 JavaThread "Unconstrained build operations Thread 18" [_thread_blocked, id=1060, stack(0x0000005c06e00000,0x0000005c06f00000)]
  0x0000019c066e2000 JavaThread "Unconstrained build operations Thread 19" [_thread_blocked, id=6092, stack(0x0000005c06f00000,0x0000005c07000000)]
  0x0000019c066df000 JavaThread "Unconstrained build operations Thread 20" [_thread_blocked, id=12700, stack(0x0000005c07000000,0x0000005c07100000)]
  0x0000019c066dc800 JavaThread "Unconstrained build operations Thread 21" [_thread_blocked, id=9900, stack(0x0000005c07100000,0x0000005c07200000)]
  0x0000019c066e1800 JavaThread "Unconstrained build operations Thread 22" [_thread_blocked, id=13300, stack(0x0000005c07200000,0x0000005c07300000)]
  0x0000019c066e0000 JavaThread "Unconstrained build operations Thread 23" [_thread_blocked, id=13688, stack(0x0000005c07300000,0x0000005c07400000)]
  0x0000019c066e3000 JavaThread "Unconstrained build operations Thread 24" [_thread_blocked, id=6360, stack(0x0000005c07400000,0x0000005c07500000)]
  0x0000019c066dd800 JavaThread "Unconstrained build operations Thread 25" [_thread_blocked, id=5960, stack(0x0000005c07500000,0x0000005c07600000)]
  0x0000019c066e7000 JavaThread "Unconstrained build operations Thread 26" [_thread_blocked, id=3240, stack(0x0000005c07600000,0x0000005c07700000)]
  0x0000019c066e9800 JavaThread "Unconstrained build operations Thread 27" [_thread_blocked, id=1000, stack(0x0000005c07700000,0x0000005c07800000)]
  0x0000019c066e9000 JavaThread "Unconstrained build operations Thread 28" [_thread_blocked, id=1940, stack(0x0000005c07800000,0x0000005c07900000)]
  0x0000019c066e8000 JavaThread "Unconstrained build operations Thread 29" [_thread_blocked, id=6580, stack(0x0000005c07900000,0x0000005c07a00000)]
  0x0000019c066e4000 JavaThread "Unconstrained build operations Thread 30" [_thread_blocked, id=2884, stack(0x0000005c07a00000,0x0000005c07b00000)]
  0x0000019c066e5800 JavaThread "Unconstrained build operations Thread 31" [_thread_blocked, id=5408, stack(0x0000005c07b00000,0x0000005c07c00000)]
  0x0000019c066e4800 JavaThread "Unconstrained build operations Thread 32" [_thread_blocked, id=8660, stack(0x0000005c07c00000,0x0000005c07d00000)]
  0x0000019c066ea800 JavaThread "Unconstrained build operations Thread 33" [_thread_blocked, id=12032, stack(0x0000005c07d00000,0x0000005c07e00000)]
  0x0000019c066e6800 JavaThread "Unconstrained build operations Thread 34" [_thread_blocked, id=13264, stack(0x0000005c07e00000,0x0000005c07f00000)]
  0x0000019c066eb000 JavaThread "Unconstrained build operations Thread 35" [_thread_blocked, id=4356, stack(0x0000005c07f00000,0x0000005c08000000)]
  0x0000019c10d50800 JavaThread "Unconstrained build operations Thread 36" [_thread_blocked, id=8032, stack(0x0000005c08000000,0x0000005c08100000)]
  0x0000019c10d4d000 JavaThread "Unconstrained build operations Thread 37" [_thread_blocked, id=12344, stack(0x0000005c08100000,0x0000005c08200000)]
  0x0000019c10d51000 JavaThread "Unconstrained build operations Thread 38" [_thread_blocked, id=5784, stack(0x0000005c08200000,0x0000005c08300000)]
  0x0000019c10d52000 JavaThread "Unconstrained build operations Thread 39" [_thread_blocked, id=7104, stack(0x0000005c08300000,0x0000005c08400000)]
  0x0000019c10d4c800 JavaThread "Unconstrained build operations Thread 40" [_thread_blocked, id=12184, stack(0x0000005c08400000,0x0000005c08500000)]
  0x0000019c10d4e000 JavaThread "Unconstrained build operations Thread 41" [_thread_blocked, id=12728, stack(0x0000005c08500000,0x0000005c08600000)]
  0x0000019c10d53000 JavaThread "Unconstrained build operations Thread 42" [_thread_blocked, id=9496, stack(0x0000005c08600000,0x0000005c08700000)]
  0x0000019c10d53800 JavaThread "Unconstrained build operations Thread 43" [_thread_blocked, id=1912, stack(0x0000005c08700000,0x0000005c08800000)]
  0x0000019c10d4f800 JavaThread "Unconstrained build operations Thread 44" [_thread_blocked, id=3856, stack(0x0000005c08800000,0x0000005c08900000)]
  0x0000019c10d54800 JavaThread "Unconstrained build operations Thread 45" [_thread_blocked, id=4180, stack(0x0000005c08900000,0x0000005c08a00000)]
  0x0000019c10d4e800 JavaThread "Unconstrained build operations Thread 46" [_thread_blocked, id=3336, stack(0x0000005c08a00000,0x0000005c08b00000)]
  0x0000019c10d59800 JavaThread "Unconstrained build operations Thread 47" [_thread_blocked, id=5984, stack(0x0000005c08b00000,0x0000005c08c00000)]
  0x0000019c10d57000 JavaThread "Unconstrained build operations Thread 48" [_thread_blocked, id=13668, stack(0x0000005c08c00000,0x0000005c08d00000)]
  0x0000019c10d5b000 JavaThread "Unconstrained build operations Thread 49" [_thread_blocked, id=7984, stack(0x0000005c08d00000,0x0000005c08e00000)]
  0x0000019c10d57800 JavaThread "Unconstrained build operations Thread 50" [_thread_blocked, id=12204, stack(0x0000005c08e00000,0x0000005c08f00000)]
  0x0000019c10d56000 JavaThread "Unconstrained build operations Thread 51" [_thread_blocked, id=4424, stack(0x0000005c08f00000,0x0000005c09000000)]
  0x0000019c10d55800 JavaThread "Unconstrained build operations Thread 52" [_thread_blocked, id=12808, stack(0x0000005c09000000,0x0000005c09100000)]
  0x0000019c10d58800 JavaThread "Unconstrained build operations Thread 53" [_thread_blocked, id=13536, stack(0x0000005c09100000,0x0000005c09200000)]
  0x0000019c10d5a000 JavaThread "Unconstrained build operations Thread 54" [_thread_blocked, id=8064, stack(0x0000005c09200000,0x0000005c09300000)]
  0x0000019c10b8c800 JavaThread "Unconstrained build operations Thread 55" [_thread_blocked, id=10960, stack(0x0000005c09300000,0x0000005c09400000)]
  0x0000019c10b8f800 JavaThread "Unconstrained build operations Thread 56" [_thread_blocked, id=4520, stack(0x0000005c09400000,0x0000005c09500000)]
  0x0000019c10b8b000 JavaThread "Unconstrained build operations Thread 57" [_thread_blocked, id=2540, stack(0x0000005c09500000,0x0000005c09600000)]
  0x0000019c10b8e000 JavaThread "Unconstrained build operations Thread 58" [_thread_blocked, id=12516, stack(0x0000005c09600000,0x0000005c09700000)]
  0x0000019c10b91800 JavaThread "Unconstrained build operations Thread 59" [_thread_blocked, id=1880, stack(0x0000005c09700000,0x0000005c09800000)]
  0x0000019c10b8d800 JavaThread "Unconstrained build operations Thread 60" [_thread_blocked, id=10540, stack(0x0000005c09800000,0x0000005c09900000)]
  0x0000019c10b8b800 JavaThread "Unconstrained build operations Thread 61" [_thread_blocked, id=6456, stack(0x0000005c09900000,0x0000005c09a00000)]
  0x0000019c10b93000 JavaThread "Unconstrained build operations Thread 62" [_thread_blocked, id=14016, stack(0x0000005c09a00000,0x0000005c09b00000)]
  0x0000019c10b90800 JavaThread "Unconstrained build operations Thread 63" [_thread_blocked, id=3048, stack(0x0000005c09b00000,0x0000005c09c00000)]
  0x0000019c10b94000 JavaThread "Unconstrained build operations Thread 64" [_thread_blocked, id=9164, stack(0x0000005c09c00000,0x0000005c09d00000)]
  0x0000019c10b8f000 JavaThread "Unconstrained build operations Thread 65" [_thread_blocked, id=10944, stack(0x0000005c09d00000,0x0000005c09e00000)]
  0x0000019c10b98000 JavaThread "Unconstrained build operations Thread 66" [_thread_blocked, id=4852, stack(0x0000005c09e00000,0x0000005c09f00000)]
  0x0000019c10b92000 JavaThread "Unconstrained build operations Thread 67" [_thread_blocked, id=12576, stack(0x0000005c09f00000,0x0000005c0a000000)]
  0x0000019c10b99800 JavaThread "Unconstrained build operations Thread 68" [_thread_blocked, id=3180, stack(0x0000005c0a000000,0x0000005c0a100000)]
  0x0000019c10b98800 JavaThread "Unconstrained build operations Thread 69" [_thread_blocked, id=11368, stack(0x0000005c0a100000,0x0000005c0a200000)]
  0x0000019c10b94800 JavaThread "Unconstrained build operations Thread 70" [_thread_blocked, id=13024, stack(0x0000005c0a200000,0x0000005c0a300000)]
  0x0000019c10b95800 JavaThread "Unconstrained build operations Thread 71" [_thread_blocked, id=10288, stack(0x0000005c0a300000,0x0000005c0a400000)]
  0x0000019c10b96800 JavaThread "Unconstrained build operations Thread 72" [_thread_blocked, id=10388, stack(0x0000005c0a400000,0x0000005c0a500000)]
  0x0000019c10b97000 JavaThread "Unconstrained build operations Thread 73" [_thread_blocked, id=10152, stack(0x0000005c0a500000,0x0000005c0a600000)]
  0x0000019c0b9e0800 JavaThread "Unconstrained build operations Thread 74" [_thread_blocked, id=7588, stack(0x0000005c0a600000,0x0000005c0a700000)]
  0x0000019c0b9e2800 JavaThread "Unconstrained build operations Thread 75" [_thread_blocked, id=10068, stack(0x0000005c0a700000,0x0000005c0a800000)]
  0x0000019c0b9df000 JavaThread "Unconstrained build operations Thread 76" [_thread_blocked, id=3456, stack(0x0000005c0a800000,0x0000005c0a900000)]
  0x0000019c0b9e5000 JavaThread "Unconstrained build operations Thread 77" [_thread_blocked, id=8756, stack(0x0000005c0a900000,0x0000005c0aa00000)]
  0x0000019c0b9e3000 JavaThread "Unconstrained build operations Thread 78" [_thread_blocked, id=5616, stack(0x0000005c0aa00000,0x0000005c0ab00000)]
  0x0000019c0b9e4000 JavaThread "Unconstrained build operations Thread 79" [_thread_blocked, id=13748, stack(0x0000005c0ab00000,0x0000005c0ac00000)]
  0x0000019c0b9e1800 JavaThread "Unconstrained build operations Thread 80" [_thread_blocked, id=11428, stack(0x0000005c0ac00000,0x0000005c0ad00000)]
  0x0000019c0b9e5800 JavaThread "build event listener" [_thread_blocked, id=2692, stack(0x0000005c0b000000,0x0000005c0b100000)]
  0x0000019c0b9e0000 JavaThread "Execution worker for ':'" [_thread_blocked, id=9320, stack(0x0000005c0b100000,0x0000005c0b200000)]
  0x0000019c0f5c3000 JavaThread "Execution worker for ':' Thread 2" [_thread_blocked, id=7080, stack(0x0000005c0b200000,0x0000005c0b300000)]
  0x0000019c0f5c5800 JavaThread "Execution worker for ':' Thread 3" [_thread_blocked, id=12768, stack(0x0000005c0b300000,0x0000005c0b400000)]
  0x0000019c0f5c6800 JavaThread "Execution worker for ':' Thread 4" [_thread_blocked, id=972, stack(0x0000005c0b400000,0x0000005c0b500000)]
  0x0000019c0f5c4800 JavaThread "Execution worker for ':' Thread 5" [_thread_blocked, id=8844, stack(0x0000005c0b500000,0x0000005c0b600000)]
  0x0000019c0f5c7000 JavaThread "Execution worker for ':' Thread 6" [_thread_blocked, id=14000, stack(0x0000005c0b600000,0x0000005c0b700000)]
  0x0000019c0f5c2000 JavaThread "Execution worker for ':' Thread 7" [_thread_blocked, id=7336, stack(0x0000005c0b700000,0x0000005c0b800000)]
  0x0000019c0f5c8000 JavaThread "Cache worker for execution history cache (C:\Users\kndrc\AndroidStudioProjects\ToDoList\.gradle\7.2\executionHistory)" [_thread_blocked, id=12804, stack(0x0000005c0b800000,0x0000005c0b900000)]
  0x0000019c0f5c9000 JavaThread "WorkerExecutor Queue" [_thread_blocked, id=6728, stack(0x0000005c0b900000,0x0000005c0ba00000)]

Other Threads:
=>0x0000019c7efa0000 VMThread "VM Thread" [stack: 0x0000005c02a00000,0x0000005c02b00000] [id=7204]
  0x0000019c7fab8000 WatcherThread [stack: 0x0000005c03400000,0x0000005c03500000] [id=12584]
  0x0000019c6ab48800 GCTaskThread "GC Thread#0" [stack: 0x0000005c02500000,0x0000005c02600000] [id=9248]
  0x0000019c06046800 GCTaskThread "GC Thread#1" [stack: 0x0000005c03700000,0x0000005c03800000] [id=6356]
  0x0000019c070f9000 GCTaskThread "GC Thread#2" [stack: 0x0000005c03800000,0x0000005c03900000] [id=6716]
  0x0000019c06482000 GCTaskThread "GC Thread#3" [stack: 0x0000005c04200000,0x0000005c04300000] [id=9260]
  0x0000019c07258800 GCTaskThread "GC Thread#4" [stack: 0x0000005c04300000,0x0000005c04400000] [id=1976]
  0x0000019c08b70800 GCTaskThread "GC Thread#5" [stack: 0x0000005c04400000,0x0000005c04500000] [id=13776]
  0x0000019c06cde000 GCTaskThread "GC Thread#6" [stack: 0x0000005c04500000,0x0000005c04600000] [id=4548]
  0x0000019c06cde800 GCTaskThread "GC Thread#7" [stack: 0x0000005c04600000,0x0000005c04700000] [id=10444]
  0x0000019c6ab7a000 ConcurrentGCThread "G1 Main Marker" [stack: 0x0000005c02600000,0x0000005c02700000] [id=3548]
  0x0000019c6ab7b000 ConcurrentGCThread "G1 Conc#0" [stack: 0x0000005c02700000,0x0000005c02800000] [id=11868]
  0x0000019c07266000 ConcurrentGCThread "G1 Conc#1" [stack: 0x0000005c04a00000,0x0000005c04b00000] [id=1780]
  0x0000019c7edf0800 ConcurrentGCThread "G1 Refine#0" [stack: 0x0000005c02800000,0x0000005c02900000] [id=6776]
  0x0000019c7edf1800 ConcurrentGCThread "G1 Young RemSet Sampling" [stack: 0x0000005c02900000,0x0000005c02a00000] [id=6228]

Threads with active compile tasks:
C2 CompilerThread0  37049 13375       4       org.gradle.internal.execution.history.impl.FingerprintMapSerializer::readFingerprint (96 bytes)
C1 CompilerThread0  37049 13405       3       org.gradle.api.internal.artifacts.transform.DefaultTransformerInvocationFactory$ImmutableTransformationWorkspaceIdentity::getUniqueId (54 bytes)
C2 CompilerThread1  37049 13358       4       org.objectweb.asm.Frame::putAbstractType (379 bytes)

VM state:at safepoint (normal execution)

VM Mutex/Monitor currently owned by a thread:  ([mutex/lock_event])
[0x0000019c6ab2a4c0] Threads_lock - owner thread: 0x0000019c7efa0000
[0x0000019c6ab298f0] Heap_lock - owner thread: 0x0000019c07f0a000

Heap address: 0x0000000080000000, size: 2048 MB, Compressed Oops mode: 32-bit
Narrow klass base: 0x0000000000000000, Narrow klass shift: 3
Compressed class space size: 1073741824 Address: 0x0000000100000000

Heap:
 garbage-first heap   total 225280K, used 136922K [0x0000000080000000, 0x0000000100000000)
  region size 1024K, 2 young (2048K), 2 survivors (2048K)
 Metaspace       used 111101K, capacity 114265K, committed 114424K, reserved 1148928K
  class space    used 14363K, capacity 15472K, committed 15608K, reserved 1048576K
Heap Regions: E=young(eden), S=young(survivor), O=old, HS=humongous(starts), HC=humongous(continues), CS=collection set, F=free, A=archive, TAMS=top-at-mark-start (previous, next)
|   0|0x0000000080000000, 0x0000000080100000, 0x0000000080100000|100%| O|  |TAMS 0x0000000080100000, 0x0000000080000000| Untracked 
|   1|0x0000000080100000, 0x0000000080200000, 0x0000000080200000|100%| O|  |TAMS 0x0000000080200000, 0x0000000080100000| Complete 
|   2|0x0000000080200000, 0x0000000080300000, 0x0000000080300000|100%| O|  |TAMS 0x0000000080300000, 0x0000000080200000| Untracked 
|   3|0x0000000080300000, 0x0000000080400000, 0x0000000080400000|100%|HS|  |TAMS 0x0000000080400000, 0x0000000080300000| Complete 
|   4|0x0000000080400000, 0x0000000080500000, 0x0000000080500000|100%|HC|  |TAMS 0x0000000080500000, 0x0000000080400000| Complete 
|   5|0x0000000080500000, 0x0000000080600000, 0x0000000080600000|100%|HC|  |TAMS 0x0000000080600000, 0x0000000080500000| Complete 
|   6|0x0000000080600000, 0x0000000080700000, 0x0000000080700000|100%| O|  |TAMS 0x0000000080700000, 0x0000000080600000| Untracked 
|   7|0x0000000080700000, 0x0000000080800000, 0x0000000080800000|100%| O|  |TAMS 0x0000000080800000, 0x0000000080700000| Untracked 
|   8|0x0000000080800000, 0x0000000080900000, 0x0000000080900000|100%| O|  |TAMS 0x0000000080900000, 0x0000000080800000| Complete 
|   9|0x0000000080900000, 0x0000000080a00000, 0x0000000080a00000|100%| O|  |TAMS 0x0000000080a00000, 0x0000000080900000| Untracked 
|  10|0x0000000080a00000, 0x0000000080b00000, 0x0000000080b00000|100%| O|  |TAMS 0x0000000080b00000, 0x0000000080a00000| Untracked 
|  11|0x0000000080b00000, 0x0000000080c00000, 0x0000000080c00000|100%| O|  |TAMS 0x0000000080c00000, 0x0000000080b00000| Untracked 
|  12|0x0000000080c00000, 0x0000000080d00000, 0x0000000080d00000|100%| O|  |TAMS 0x0000000080d00000, 0x0000000080c00000| Untracked 
|  13|0x0000000080d00000, 0x0000000080e00000, 0x0000000080e00000|100%| O|  |TAMS 0x0000000080e00000, 0x0000000080d00000| Untracked 
|  14|0x0000000080e00000, 0x0000000080f00000, 0x0000000080f00000|100%| O|  |TAMS 0x0000000080f00000, 0x0000000080e00000| Untracked 
|  15|0x0000000080f00000, 0x0000000081000000, 0x0000000081000000|100%| O|  |TAMS 0x0000000081000000, 0x0000000080f00000| Untracked 
|  16|0x0000000081000000, 0x0000000081100000, 0x0000000081100000|100%|HS|  |TAMS 0x0000000081100000, 0x0000000081000000| Complete 
|  17|0x0000000081100000, 0x0000000081200000, 0x0000000081200000|100%|HC|  |TAMS 0x0000000081200000, 0x0000000081100000| Complete 
|  18|0x0000000081200000, 0x0000000081300000, 0x0000000081300000|100%|HS|  |TAMS 0x0000000081300000, 0x0000000081200000| Complete 
|  19|0x0000000081300000, 0x0000000081400000, 0x0000000081400000|100%|HC|  |TAMS 0x0000000081400000, 0x0000000081300000| Complete 
|  20|0x0000000081400000, 0x0000000081500000, 0x0000000081500000|100%|HC|  |TAMS 0x0000000081500000, 0x0000000081400000| Complete 
|  21|0x0000000081500000, 0x0000000081600000, 0x0000000081600000|100%|HS|  |TAMS 0x0000000081600000, 0x0000000081500000| Complete 
|  22|0x0000000081600000, 0x0000000081700000, 0x0000000081700000|100%|HC|  |TAMS 0x0000000081700000, 0x0000000081600000| Complete 
|  23|0x0000000081700000, 0x0000000081800000, 0x0000000081800000|100%|HC|  |TAMS 0x0000000081800000, 0x0000000081700000| Complete 
|  24|0x0000000081800000, 0x0000000081900000, 0x0000000081900000|100%|HC|  |TAMS 0x0000000081900000, 0x0000000081800000| Complete 
|  25|0x0000000081900000, 0x0000000081a00000, 0x0000000081a00000|100%| O|  |TAMS 0x0000000081a00000, 0x0000000081900000| Untracked 
|  26|0x0000000081a00000, 0x0000000081b00000, 0x0000000081b00000|100%| O|  |TAMS 0x0000000081b00000, 0x0000000081a00000| Complete 
|  27|0x0000000081b00000, 0x0000000081c00000, 0x0000000081c00000|100%| O|  |TAMS 0x0000000081c00000, 0x0000000081b00000| Complete 
|  28|0x0000000081c00000, 0x0000000081d00000, 0x0000000081d00000|100%|HS|  |TAMS 0x0000000081d00000, 0x0000000081c00000| Complete 
|  29|0x0000000081d00000, 0x0000000081e00000, 0x0000000081e00000|100%|HC|  |TAMS 0x0000000081e00000, 0x0000000081d00000| Complete 
|  30|0x0000000081e00000, 0x0000000081f00000, 0x0000000081f00000|100%|HC|  |TAMS 0x0000000081f00000, 0x0000000081e00000| Complete 
|  31|0x0000000081f00000, 0x0000000082000000, 0x0000000082000000|100%| O|  |TAMS 0x0000000082000000, 0x0000000081f00000| Untracked 
|  32|0x0000000082000000, 0x0000000082100000, 0x0000000082100000|100%| O|  |TAMS 0x0000000082100000, 0x0000000082000000| Untracked 
|  33|0x0000000082100000, 0x0000000082200000, 0x0000000082200000|100%| O|  |TAMS 0x0000000082200000, 0x0000000082100000| Untracked 
|  34|0x0000000082200000, 0x0000000082300000, 0x0000000082300000|100%| O|  |TAMS 0x0000000082300000, 0x0000000082200000| Complete 
|  35|0x0000000082300000, 0x0000000082400000, 0x0000000082400000|100%| O|  |TAMS 0x0000000082400000, 0x0000000082300000| Complete 
|  36|0x0000000082400000, 0x0000000082500000, 0x0000000082500000|100%| O|  |TAMS 0x0000000082500000, 0x0000000082400000| Untracked 
|  37|0x0000000082500000, 0x0000000082600000, 0x0000000082600000|100%| O|  |TAMS 0x0000000082600000, 0x0000000082500000| Untracked 
|  38|0x0000000082600000, 0x0000000082700000, 0x0000000082700000|100%| O|  |TAMS 0x0000000082700000, 0x0000000082600000| Untracked 
|  39|0x0000000082700000, 0x0000000082800000, 0x0000000082800000|100%| O|  |TAMS 0x0000000082800000, 0x0000000082700000| Untracked 
|  40|0x0000000082800000, 0x0000000082900000, 0x0000000082900000|100%| O|  |TAMS 0x0000000082900000, 0x0000000082800000| Untracked 
|  41|0x0000000082900000, 0x0000000082a00000, 0x0000000082a00000|100%|HS|  |TAMS 0x0000000082a00000, 0x0000000082900000| Complete 
|  42|0x0000000082a00000, 0x0000000082b00000, 0x0000000082b00000|100%|HC|  |TAMS 0x0000000082b00000, 0x0000000082a00000| Complete 
|  43|0x0000000082b00000, 0x0000000082c00000, 0x0000000082c00000|100%|HC|  |TAMS 0x0000000082c00000, 0x0000000082b00000| Complete 
|  44|0x0000000082c00000, 0x0000000082d00000, 0x0000000082d00000|100%|HC|  |TAMS 0x0000000082d00000, 0x0000000082c00000| Complete 
|  45|0x0000000082d00000, 0x0000000082e00000, 0x0000000082e00000|100%| O|  |TAMS 0x0000000082e00000, 0x0000000082d00000| Untracked 
|  46|0x0000000082e00000, 0x0000000082f00000, 0x0000000082f00000|100%| O|  |TAMS 0x0000000082f00000, 0x0000000082e00000| Untracked 
|  47|0x0000000082f00000, 0x0000000083000000, 0x0000000083000000|100%| O|  |TAMS 0x0000000083000000, 0x0000000082f00000| Untracked 
|  48|0x0000000083000000, 0x0000000083100000, 0x0000000083100000|100%|HS|  |TAMS 0x0000000083100000, 0x0000000083000000| Complete 
|  49|0x0000000083100000, 0x0000000083200000, 0x0000000083200000|100%|HS|  |TAMS 0x0000000083200000, 0x0000000083100000| Complete 
|  50|0x0000000083200000, 0x0000000083300000, 0x0000000083300000|100%|HS|  |TAMS 0x0000000083300000, 0x0000000083200000| Complete 
|  51|0x0000000083300000, 0x0000000083400000, 0x0000000083400000|100%|HS|  |TAMS 0x0000000083400000, 0x0000000083300000| Complete 
|  52|0x0000000083400000, 0x0000000083500000, 0x0000000083500000|100%|HS|  |TAMS 0x0000000083500000, 0x0000000083400000| Complete 
|  53|0x0000000083500000, 0x0000000083600000, 0x0000000083600000|100%|HC|  |TAMS 0x0000000083600000, 0x0000000083500000| Complete 
|  54|0x0000000083600000, 0x0000000083700000, 0x0000000083700000|100%|HC|  |TAMS 0x0000000083700000, 0x0000000083600000| Complete 
|  55|0x0000000083700000, 0x0000000083800000, 0x0000000083800000|100%|HS|  |TAMS 0x0000000083800000, 0x0000000083700000| Complete 
|  56|0x0000000083800000, 0x0000000083900000, 0x0000000083900000|100%|HC|  |TAMS 0x0000000083900000, 0x0000000083800000| Complete 
|  57|0x0000000083900000, 0x0000000083a00000, 0x0000000083a00000|100%| O|  |TAMS 0x0000000083a00000, 0x0000000083900000| Untracked 
|  58|0x0000000083a00000, 0x0000000083b00000, 0x0000000083b00000|100%| O|  |TAMS 0x0000000083b00000, 0x0000000083a00000| Untracked 
|  59|0x0000000083b00000, 0x0000000083c00000, 0x0000000083c00000|100%| O|  |TAMS 0x0000000083c00000, 0x0000000083b00000| Untracked 
|  60|0x0000000083c00000, 0x0000000083d00000, 0x0000000083d00000|100%| O|  |TAMS 0x0000000083d00000, 0x0000000083c00000| Complete 
|  61|0x0000000083d00000, 0x0000000083e00000, 0x0000000083e00000|100%| O|  |TAMS 0x0000000083e00000, 0x0000000083d00000| Untracked 
|  62|0x0000000083e00000, 0x0000000083f00000, 0x0000000083f00000|100%| O|  |TAMS 0x0000000083f00000, 0x0000000083e00000| Complete 
|  63|0x0000000083f00000, 0x0000000084000000, 0x0000000084000000|100%| O|  |TAMS 0x0000000084000000, 0x0000000083f00000| Untracked 
|  64|0x0000000084000000, 0x0000000084100000, 0x0000000084100000|100%| O|  |TAMS 0x0000000084100000, 0x0000000084000000| Untracked 
|  65|0x0000000084100000, 0x0000000084200000, 0x0000000084200000|100%| O|  |TAMS 0x0000000084200000, 0x0000000084100000| Untracked 
|  66|0x0000000084200000, 0x0000000084300000, 0x0000000084300000|100%| O|  |TAMS 0x0000000084300000, 0x0000000084200000| Untracked 
|  67|0x0000000084300000, 0x0000000084400000, 0x0000000084400000|100%| O|  |TAMS 0x0000000084400000, 0x0000000084300000| Untracked 
|  68|0x0000000084400000, 0x0000000084500000, 0x0000000084500000|100%| O|  |TAMS 0x0000000084500000, 0x0000000084400000| Untracked 
|  69|0x0000000084500000, 0x0000000084600000, 0x0000000084600000|100%| O|  |TAMS 0x0000000084600000, 0x0000000084500000| Untracked 
|  70|0x0000000084600000, 0x0000000084700000, 0x0000000084700000|100%| O|  |TAMS 0x0000000084700000, 0x0000000084600000| Complete 
|  71|0x0000000084700000, 0x0000000084800000, 0x0000000084800000|100%| O|  |TAMS 0x0000000084800000, 0x0000000084700000| Complete 
|  72|0x0000000084800000, 0x0000000084900000, 0x0000000084900000|100%| O|  |TAMS 0x0000000084900000, 0x0000000084800000| Complete 
|  73|0x0000000084900000, 0x0000000084a00000, 0x0000000084a00000|100%| O|  |TAMS 0x0000000084a00000, 0x0000000084900000| Complete 
|  74|0x0000000084a00000, 0x0000000084b00000, 0x0000000084b00000|100%| O|  |TAMS 0x0000000084b00000, 0x0000000084a00000| Complete 
|  75|0x0000000084b00000, 0x0000000084c00000, 0x0000000084c00000|100%| O|  |TAMS 0x0000000084c00000, 0x0000000084b00000| Untracked 
|  76|0x0000000084c00000, 0x0000000084d00000, 0x0000000084d00000|100%| O|  |TAMS 0x0000000084d00000, 0x0000000084c00000| Untracked 
|  77|0x0000000084d00000, 0x0000000084e00000, 0x0000000084e00000|100%| O|  |TAMS 0x0000000084e00000, 0x0000000084d00000| Complete 
|  78|0x0000000084e00000, 0x0000000084f00000, 0x0000000084f00000|100%| O|  |TAMS 0x0000000084f00000, 0x0000000084e00000| Untracked 
|  79|0x0000000084f00000, 0x0000000085000000, 0x0000000085000000|100%| O|  |TAMS 0x0000000085000000, 0x0000000084f00000| Untracked 
|  80|0x0000000085000000, 0x0000000085100000, 0x0000000085100000|100%|HS|  |TAMS 0x0000000085100000, 0x0000000085000000| Complete 
|  81|0x0000000085100000, 0x0000000085200000, 0x0000000085200000|100%|HC|  |TAMS 0x0000000085200000, 0x0000000085100000| Complete 
|  82|0x0000000085200000, 0x0000000085300000, 0x0000000085300000|100%| O|  |TAMS 0x0000000085300000, 0x0000000085200000| Complete 
|  83|0x0000000085300000, 0x0000000085400000, 0x0000000085400000|100%| O|  |TAMS 0x0000000085400000, 0x0000000085300000| Complete 
|  84|0x0000000085400000, 0x0000000085500000, 0x0000000085500000|100%| O|  |TAMS 0x0000000085500000, 0x0000000085400000| Complete 
|  85|0x0000000085500000, 0x0000000085600000, 0x0000000085600000|100%|HS|  |TAMS 0x0000000085600000, 0x0000000085500000| Complete 
|  86|0x0000000085600000, 0x0000000085700000, 0x0000000085700000|100%|HC|  |TAMS 0x0000000085700000, 0x0000000085600000| Complete 
|  87|0x0000000085700000, 0x0000000085800000, 0x0000000085800000|100%|HC|  |TAMS 0x0000000085800000, 0x0000000085700000| Complete 
|  88|0x0000000085800000, 0x0000000085900000, 0x0000000085900000|100%|HS|  |TAMS 0x0000000085900000, 0x0000000085800000| Complete 
|  89|0x0000000085900000, 0x0000000085a00000, 0x0000000085a00000|100%|HC|  |TAMS 0x0000000085a00000, 0x0000000085900000| Complete 
|  90|0x0000000085a00000, 0x0000000085b00000, 0x0000000085b00000|100%|HC|  |TAMS 0x0000000085b00000, 0x0000000085a00000| Complete 
|  91|0x0000000085b00000, 0x0000000085c00000, 0x0000000085c00000|100%|HC|  |TAMS 0x0000000085c00000, 0x0000000085b00000| Complete 
|  92|0x0000000085c00000, 0x0000000085d00000, 0x0000000085d00000|100%| O|  |TAMS 0x0000000085d00000, 0x0000000085c00000| Untracked 
|  93|0x0000000085d00000, 0x0000000085e00000, 0x0000000085e00000|100%| O|  |TAMS 0x0000000085e00000, 0x0000000085d00000| Untracked 
|  94|0x0000000085e00000, 0x0000000085f00000, 0x0000000085f00000|100%| O|  |TAMS 0x0000000085f00000, 0x0000000085e00000| Complete 
|  95|0x0000000085f00000, 0x0000000086000000, 0x0000000086000000|100%| O|  |TAMS 0x0000000086000000, 0x0000000085f00000| Complete 
|  96|0x0000000086000000, 0x0000000086100000, 0x0000000086100000|100%| O|  |TAMS 0x0000000086100000, 0x0000000086000000| Complete 
|  97|0x0000000086100000, 0x0000000086200000, 0x0000000086200000|100%| O|  |TAMS 0x0000000086200000, 0x0000000086100000| Complete 
|  98|0x0000000086200000, 0x0000000086300000, 0x0000000086300000|100%| O|  |TAMS 0x0000000086300000, 0x0000000086200000| Complete 
|  99|0x0000000086300000, 0x0000000086400000, 0x0000000086400000|100%| O|  |TAMS 0x0000000086400000, 0x0000000086300000| Complete 
| 100|0x0000000086400000, 0x0000000086500000, 0x0000000086500000|100%| O|  |TAMS 0x0000000086500000, 0x0000000086400000| Untracked 
| 101|0x0000000086500000, 0x0000000086600000, 0x0000000086600000|100%| O|  |TAMS 0x0000000086600000, 0x0000000086500000| Complete 
| 102|0x0000000086600000, 0x0000000086700000, 0x0000000086700000|100%| O|  |TAMS 0x0000000086700000, 0x0000000086600000| Untracked 
| 103|0x0000000086700000, 0x0000000086800000, 0x0000000086800000|100%| O|  |TAMS 0x0000000086800000, 0x0000000086700000| Untracked 
| 104|0x0000000086800000, 0x0000000086900000, 0x0000000086900000|100%| O|  |TAMS 0x0000000086900000, 0x0000000086800000| Complete 
| 105|0x0000000086900000, 0x0000000086a00000, 0x0000000086a00000|100%| O|  |TAMS 0x0000000086a00000, 0x0000000086900000| Complete 
| 106|0x0000000086a00000, 0x0000000086b00000, 0x0000000086b00000|100%| O|  |TAMS 0x0000000086b00000, 0x0000000086a00000| Complete 
| 107|0x0000000086b00000, 0x0000000086c00000, 0x0000000086c00000|100%| O|  |TAMS 0x0000000086c00000, 0x0000000086b00000| Complete 
| 108|0x0000000086c00000, 0x0000000086d00000, 0x0000000086d00000|100%| O|  |TAMS 0x0000000086d00000, 0x0000000086c00000| Untracked 
| 109|0x0000000086d00000, 0x0000000086e00000, 0x0000000086e00000|100%| O|  |TAMS 0x0000000086e00000, 0x0000000086d00000| Complete 
| 110|0x0000000086e00000, 0x0000000086f00000, 0x0000000086f00000|100%| O|  |TAMS 0x0000000086f00000, 0x0000000086e00000| Complete 
| 111|0x0000000086f00000, 0x0000000087000000, 0x0000000087000000|100%| O|  |TAMS 0x0000000087000000, 0x0000000086f00000| Complete 
| 112|0x0000000087000000, 0x0000000087100000, 0x0000000087100000|100%| O|  |TAMS 0x0000000087100000, 0x0000000087000000| Untracked 
| 113|0x0000000087100000, 0x0000000087200000, 0x0000000087200000|100%| O|  |TAMS 0x0000000087200000, 0x0000000087100000| Untracked 
| 114|0x0000000087200000, 0x0000000087300000, 0x0000000087300000|100%| O|  |TAMS 0x0000000087300000, 0x0000000087200000| Complete 
| 115|0x0000000087300000, 0x0000000087400000, 0x0000000087400000|100%| O|  |TAMS 0x0000000087400000, 0x0000000087300000| Complete 
| 116|0x0000000087400000, 0x0000000087500000, 0x0000000087500000|100%| O|  |TAMS 0x0000000087500000, 0x0000000087400000| Complete 
| 117|0x0000000087500000, 0x0000000087600000, 0x0000000087600000|100%| O|  |TAMS 0x0000000087600000, 0x0000000087500000| Complete 
| 118|0x0000000087600000, 0x0000000087700000, 0x0000000087700000|100%| O|  |TAMS 0x0000000087700000, 0x0000000087600000| Complete 
| 119|0x0000000087700000, 0x0000000087800000, 0x0000000087800000|100%| O|  |TAMS 0x0000000087800000, 0x0000000087700000| Untracked 
| 120|0x0000000087800000, 0x0000000087900000, 0x0000000087900000|100%| O|  |TAMS 0x0000000087900000, 0x0000000087800000| Untracked 
| 121|0x0000000087900000, 0x0000000087a00000, 0x0000000087a00000|100%| O|  |TAMS 0x0000000087a00000, 0x0000000087900000| Untracked 
| 122|0x0000000087a00000, 0x0000000087b00000, 0x0000000087b00000|100%| O|  |TAMS 0x0000000087b00000, 0x0000000087a00000| Untracked 
| 123|0x0000000087b00000, 0x0000000087c00000, 0x0000000087c00000|100%| O|  |TAMS 0x0000000087c00000, 0x0000000087b00000| Untracked 
| 124|0x0000000087c00000, 0x0000000087d00000, 0x0000000087d00000|100%| O|  |TAMS 0x0000000087d00000, 0x0000000087c00000| Complete 
| 125|0x0000000087d00000, 0x0000000087e00000, 0x0000000087e00000|100%| O|  |TAMS 0x0000000087e00000, 0x0000000087d00000| Complete 
| 126|0x0000000087e00000, 0x0000000087f00000, 0x0000000087f00000|100%| O|  |TAMS 0x0000000087f00000, 0x0000000087e00000| Untracked 
| 127|0x0000000087f00000, 0x0000000088000000, 0x0000000088000000|100%| O|  |TAMS 0x0000000088000000, 0x0000000087f00000| Untracked 
| 128|0x0000000088000000, 0x0000000088100000, 0x0000000088100000|100%| O|  |TAMS 0x00000000880ec400, 0x0000000088000000| Untracked 
| 129|0x0000000088100000, 0x0000000088200000, 0x0000000088200000|100%| O|  |TAMS 0x0000000088100000, 0x0000000088100000| Untracked 
| 130|0x0000000088200000, 0x0000000088300000, 0x0000000088300000|100%| O|  |TAMS 0x0000000088200000, 0x0000000088200000| Untracked 
| 131|0x0000000088300000, 0x00000000883eb400, 0x0000000088400000| 91%| O|  |TAMS 0x0000000088300000, 0x0000000088300000| Untracked 
| 132|0x0000000088400000, 0x0000000088400000, 0x0000000088500000|  0%| F|  |TAMS 0x0000000088400000, 0x0000000088400000| Untracked 
| 133|0x0000000088500000, 0x0000000088500000, 0x0000000088600000|  0%| F|  |TAMS 0x0000000088500000, 0x0000000088500000| Untracked 
| 134|0x0000000088600000, 0x0000000088600000, 0x0000000088700000|  0%| F|  |TAMS 0x0000000088600000, 0x0000000088600000| Untracked 
| 135|0x0000000088700000, 0x0000000088700000, 0x0000000088800000|  0%| F|  |TAMS 0x0000000088700000, 0x0000000088700000| Untracked 
| 136|0x0000000088800000, 0x0000000088800000, 0x0000000088900000|  0%| F|  |TAMS 0x0000000088800000, 0x0000000088800000| Untracked 
| 137|0x0000000088900000, 0x0000000088900000, 0x0000000088a00000|  0%| F|  |TAMS 0x0000000088900000, 0x0000000088900000| Untracked 
| 138|0x0000000088a00000, 0x0000000088a00000, 0x0000000088b00000|  0%| F|  |TAMS 0x0000000088a00000, 0x0000000088a00000| Untracked 
| 139|0x0000000088b00000, 0x0000000088b00000, 0x0000000088c00000|  0%| F|  |TAMS 0x0000000088b00000, 0x0000000088b00000| Untracked 
| 140|0x0000000088c00000, 0x0000000088c00000, 0x0000000088d00000|  0%| F|  |TAMS 0x0000000088c00000, 0x0000000088c00000| Untracked 
| 141|0x0000000088d00000, 0x0000000088d00000, 0x0000000088e00000|  0%| F|  |TAMS 0x0000000088d00000, 0x0000000088d00000| Untracked 
| 142|0x0000000088e00000, 0x0000000088e00000, 0x0000000088f00000|  0%| F|  |TAMS 0x0000000088e00000, 0x0000000088e00000| Untracked 
| 143|0x0000000088f00000, 0x0000000088f00000, 0x0000000089000000|  0%| F|  |TAMS 0x0000000088f00000, 0x0000000088f00000| Untracked 
| 144|0x0000000089000000, 0x0000000089000000, 0x0000000089100000|  0%| F|  |TAMS 0x0000000089000000, 0x0000000089000000| Untracked 
| 145|0x0000000089100000, 0x0000000089100000, 0x0000000089200000|  0%| F|  |TAMS 0x0000000089100000, 0x0000000089100000| Untracked 
| 146|0x0000000089200000, 0x0000000089200000, 0x0000000089300000|  0%| F|  |TAMS 0x0000000089200000, 0x0000000089200000| Untracked 
| 147|0x0000000089300000, 0x0000000089300000, 0x0000000089400000|  0%| F|  |TAMS 0x0000000089300000, 0x0000000089300000| Untracked 
| 148|0x0000000089400000, 0x0000000089400000, 0x0000000089500000|  0%| F|  |TAMS 0x0000000089400000, 0x0000000089400000| Untracked 
| 149|0x0000000089500000, 0x0000000089500000, 0x0000000089600000|  0%| F|  |TAMS 0x0000000089500000, 0x0000000089500000| Untracked 
| 150|0x0000000089600000, 0x0000000089600000, 0x0000000089700000|  0%| F|  |TAMS 0x0000000089600000, 0x0000000089600000| Untracked 
| 151|0x0000000089700000, 0x0000000089700000, 0x0000000089800000|  0%| F|  |TAMS 0x0000000089700000, 0x0000000089700000| Untracked 
| 152|0x0000000089800000, 0x0000000089800000, 0x0000000089900000|  0%| F|  |TAMS 0x0000000089800000, 0x0000000089800000| Untracked 
| 153|0x0000000089900000, 0x0000000089900000, 0x0000000089a00000|  0%| F|  |TAMS 0x0000000089900000, 0x0000000089900000| Untracked 
| 154|0x0000000089a00000, 0x0000000089a00000, 0x0000000089b00000|  0%| F|  |TAMS 0x0000000089a00000, 0x0000000089a00000| Untracked 
| 155|0x0000000089b00000, 0x0000000089b00000, 0x0000000089c00000|  0%| F|  |TAMS 0x0000000089b00000, 0x0000000089b00000| Untracked 
| 156|0x0000000089c00000, 0x0000000089c00000, 0x0000000089d00000|  0%| F|  |TAMS 0x0000000089c00000, 0x0000000089c00000| Untracked 
| 157|0x0000000089d00000, 0x0000000089dcb6b0, 0x0000000089e00000| 79%| S|CS|TAMS 0x0000000089d00000, 0x0000000089d00000| Complete 
| 158|0x0000000089e00000, 0x0000000089f00000, 0x0000000089f00000|100%| S|CS|TAMS 0x0000000089e00000, 0x0000000089e00000| Complete 
| 159|0x0000000089f00000, 0x0000000089f00000, 0x000000008a000000|  0%| F|  |TAMS 0x0000000089f00000, 0x0000000089f00000| Untracked 
| 160|0x000000008a000000, 0x000000008a000000, 0x000000008a100000|  0%| F|  |TAMS 0x000000008a000000, 0x000000008a000000| Untracked 
| 161|0x000000008a100000, 0x000000008a100000, 0x000000008a200000|  0%| F|  |TAMS 0x000000008a100000, 0x000000008a100000| Untracked 
| 162|0x000000008a200000, 0x000000008a200000, 0x000000008a300000|  0%| F|  |TAMS 0x000000008a200000, 0x000000008a200000| Untracked 
| 163|0x000000008a300000, 0x000000008a300000, 0x000000008a400000|  0%| F|  |TAMS 0x000000008a300000, 0x000000008a300000| Untracked 
| 164|0x000000008a400000, 0x000000008a400000, 0x000000008a500000|  0%| F|  |TAMS 0x000000008a400000, 0x000000008a400000| Untracked 
| 165|0x000000008a500000, 0x000000008a500000, 0x000000008a600000|  0%| F|  |TAMS 0x000000008a500000, 0x000000008a500000| Untracked 
| 166|0x000000008a600000, 0x000000008a600000, 0x000000008a700000|  0%| F|  |TAMS 0x000000008a600000, 0x000000008a600000| Untracked 
| 167|0x000000008a700000, 0x000000008a700000, 0x000000008a800000|  0%| F|  |TAMS 0x000000008a700000, 0x000000008a700000| Untracked 
| 168|0x000000008a800000, 0x000000008a800000, 0x000000008a900000|  0%| F|  |TAMS 0x000000008a800000, 0x000000008a800000| Untracked 
| 169|0x000000008a900000, 0x000000008a900000, 0x000000008aa00000|  0%| F|  |TAMS 0x000000008a900000, 0x000000008a900000| Untracked 
| 170|0x000000008aa00000, 0x000000008aa00000, 0x000000008ab00000|  0%| F|  |TAMS 0x000000008aa00000, 0x000000008aa00000| Untracked 
| 171|0x000000008ab00000, 0x000000008ab00000, 0x000000008ac00000|  0%| F|  |TAMS 0x000000008ab00000, 0x000000008ab00000| Untracked 
| 172|0x000000008ac00000, 0x000000008ac00000, 0x000000008ad00000|  0%| F|  |TAMS 0x000000008ac00000, 0x000000008ac00000| Untracked 
| 173|0x000000008ad00000, 0x000000008ad00000, 0x000000008ae00000|  0%| F|  |TAMS 0x000000008ad00000, 0x000000008ad00000| Untracked 
| 174|0x000000008ae00000, 0x000000008ae00000, 0x000000008af00000|  0%| F|  |TAMS 0x000000008ae00000, 0x000000008ae00000| Untracked 
| 175|0x000000008af00000, 0x000000008af00000, 0x000000008b000000|  0%| F|  |TAMS 0x000000008af00000, 0x000000008af00000| Untracked 
| 176|0x000000008b000000, 0x000000008b000000, 0x000000008b100000|  0%| F|  |TAMS 0x000000008b000000, 0x000000008b000000| Untracked 
| 177|0x000000008b100000, 0x000000008b100000, 0x000000008b200000|  0%| F|  |TAMS 0x000000008b100000, 0x000000008b100000| Untracked 
| 178|0x000000008b200000, 0x000000008b200000, 0x000000008b300000|  0%| F|  |TAMS 0x000000008b200000, 0x000000008b200000| Untracked 
| 179|0x000000008b300000, 0x000000008b300000, 0x000000008b400000|  0%| F|  |TAMS 0x000000008b300000, 0x000000008b300000| Untracked 
| 180|0x000000008b400000, 0x000000008b400000, 0x000000008b500000|  0%| F|  |TAMS 0x000000008b400000, 0x000000008b400000| Untracked 
| 181|0x000000008b500000, 0x000000008b500000, 0x000000008b600000|  0%| F|  |TAMS 0x000000008b500000, 0x000000008b500000| Untracked 
| 182|0x000000008b600000, 0x000000008b600000, 0x000000008b700000|  0%| F|  |TAMS 0x000000008b600000, 0x000000008b600000| Untracked 

Card table byte_map: [0x0000019c7dd60000,0x0000019c7e160000] _byte_map_base: 0x0000019c7d960000

Marking Bits (Prev, Next): (CMBitMap*) 0x0000019c6ab71628, (CMBitMap*) 0x0000019c6ab71660
 Prev Bits: [0x0000019c00000000, 0x0000019c02000000)
 Next Bits: [0x0000019c02000000, 0x0000019c04000000)

Polling page: 0x0000019c6a310000

Metaspace:

Usage:
  Non-class:     96.48 MB capacity,    94.47 MB ( 98%) used,     1.68 MB (  2%) free+waste,   334.13 KB ( <1%) overhead. 
      Class:     15.11 MB capacity,    14.03 MB ( 93%) used,   954.23 KB (  6%) free+waste,   154.19 KB ( <1%) overhead. 
       Both:    111.59 MB capacity,   108.50 MB ( 97%) used,     2.61 MB (  2%) free+waste,   488.31 KB ( <1%) overhead. 

Virtual space:
  Non-class space:       98.00 MB reserved,      96.50 MB ( 98%) committed 
      Class space:        1.00 GB reserved,      15.24 MB (  1%) committed 
             Both:        1.10 GB reserved,     111.74 MB ( 10%) committed 

Chunk freelists:
   Non-Class:  23.00 KB
       Class:  16.00 KB
        Both:  39.00 KB

MaxMetaspaceSize: 17179869184.00 GB
CompressedClassSpaceSize: 1.00 GB

CodeHeap 'non-profiled nmethods': size=120000Kb used=7185Kb max_used=7185Kb free=112815Kb
 bounds [0x0000019c76100000, 0x0000019c76810000, 0x0000019c7d630000]
CodeHeap 'profiled nmethods': size=120000Kb used=28183Kb max_used=28183Kb free=91816Kb
 bounds [0x0000019c6ebd0000, 0x0000019c70760000, 0x0000019c76100000]
CodeHeap 'non-nmethods': size=5760Kb used=2338Kb max_used=2389Kb free=3421Kb
 bounds [0x0000019c6e630000, 0x0000019c6e8a0000, 0x0000019c6ebd0000]
 total_blobs=14208 nmethods=13250 adapters=869
 compilation: enabled
              stopped_count=0, restarted_count=0
 full_count=0

Compilation events (20 events):
Event: 36.992 Thread 0x0000019c7f92d000 nmethod 13388 0x0000019c70751790 code [0x0000019c70751960, 0x0000019c70751c08]
Event: 36.994 Thread 0x0000019c7f92d000 13390       3       java.lang.Class$1::run (5 bytes)
Event: 36.995 Thread 0x0000019c7f92d000 nmethod 13390 0x0000019c70751d10 code [0x0000019c70751f20, 0x0000019c70752468]
Event: 36.995 Thread 0x0000019c7f92d000 13391       3       java.lang.Class$1::run (10 bytes)
Event: 36.995 Thread 0x0000019c7f92d000 nmethod 13391 0x0000019c70752690 code [0x0000019c707528c0, 0x0000019c70752f78]
Event: 36.996 Thread 0x0000019c7f92d000 13393       3       java.io.ObjectStreamClass$FieldReflectorKey::equals (78 bytes)
Event: 36.996 Thread 0x0000019c7f92c000 nmethod 13344 0x0000019c767fef10 code [0x0000019c767ff200, 0x0000019c768015c8]
Event: 36.996 Thread 0x0000019c7f92c000 13377       4       com.google.common.collect.RegularImmutableMap::fromEntryArray (201 bytes)
Event: 36.996 Thread 0x0000019c7f92d000 nmethod 13393 0x0000019c70753210 code [0x0000019c70753400, 0x0000019c70753b68]
Event: 36.996 Thread 0x0000019c7f92d000 13394       3       java.io.ObjectStreamClass::computeFieldOffsets (307 bytes)
Event: 36.997 Thread 0x0000019c7f92d000 nmethod 13394 0x0000019c70753c90 code [0x0000019c70753f00, 0x0000019c70754be8]
Event: 37.016 Thread 0x0000019c7f92c000 nmethod 13377 0x0000019c76802510 code [0x0000019c76802740, 0x0000019c768032d8]
Event: 37.016 Thread 0x0000019c7f92c000 13398       4       java.nio.HeapByteBuffer::putInt (27 bytes)
Event: 37.017 Thread 0x0000019c7f92c000 nmethod 13398 0x0000019c76803990 code [0x0000019c76803b20, 0x0000019c76803bf8]
Event: 37.017 Thread 0x0000019c7f92c000 13395       4       com.google.common.cache.LocalCache$AccessQueue::offer (38 bytes)
Event: 37.020 Thread 0x0000019c7f92c000 nmethod 13395 0x0000019c76803d10 code [0x0000019c76803ec0, 0x0000019c768041d8]
Event: 37.020 Thread 0x0000019c7f92c000 13375       4       org.gradle.internal.execution.history.impl.FingerprintMapSerializer::readFingerprint (96 bytes)
Event: 37.021 Thread 0x0000019c7f92d000 13399       3       org.gradle.internal.execution.steps.IdentityCacheStep$$Lambda$1030/0x0000000100cb7840::get (24 bytes)
Event: 37.022 Thread 0x0000019c7f92d000 nmethod 13399 0x0000019c70754f90 code [0x0000019c707551c0, 0x0000019c70755a28]
Event: 37.022 Thread 0x0000019c7f92d000 13405       3       org.gradle.api.internal.artifacts.transform.DefaultTransformerInvocationFactory$ImmutableTransformationWorkspaceIdentity::getUniqueId (54 bytes)

GC Heap History (20 events):
Event: 28.982 GC heap after
{Heap after GC invocations=26 (full 0):
 garbage-first heap   total 187392K, used 111279K [0x0000000080000000, 0x0000000100000000)
  region size 1024K, 3 young (3072K), 3 survivors (3072K)
 Metaspace       used 90034K, capacity 92319K, committed 92408K, reserved 1128448K
  class space    used 11695K, capacity 12515K, committed 12536K, reserved 1048576K
}
Event: 29.562 GC heap before
{Heap before GC invocations=26 (full 0):
 garbage-first heap   total 187392K, used 156335K [0x0000000080000000, 0x0000000100000000)
  region size 1024K, 48 young (49152K), 3 survivors (3072K)
 Metaspace       used 93976K, capacity 96354K, committed 96504K, reserved 1132544K
  class space    used 12149K, capacity 12991K, committed 13048K, reserved 1048576K
}
Event: 29.569 GC heap after
{Heap after GC invocations=27 (full 0):
 garbage-first heap   total 187392K, used 114243K [0x0000000080000000, 0x0000000100000000)
  region size 1024K, 6 young (6144K), 6 survivors (6144K)
 Metaspace       used 93976K, capacity 96354K, committed 96504K, reserved 1132544K
  class space    used 12149K, capacity 12991K, committed 13048K, reserved 1048576K
}
Event: 29.921 GC heap before
{Heap before GC invocations=28 (full 0):
 garbage-first heap   total 187392K, used 156227K [0x0000000080000000, 0x0000000100000000)
  region size 1024K, 48 young (49152K), 6 survivors (6144K)
 Metaspace       used 95037K, capacity 97691K, committed 97912K, reserved 1134592K
  class space    used 12357K, capacity 13328K, committed 13432K, reserved 1048576K
}
Event: 29.930 GC heap after
{Heap after GC invocations=29 (full 0):
 garbage-first heap   total 187392K, used 117191K [0x0000000080000000, 0x0000000100000000)
  region size 1024K, 3 young (3072K), 3 survivors (3072K)
 Metaspace       used 95037K, capacity 97691K, committed 97912K, reserved 1134592K
  class space    used 12357K, capacity 13328K, committed 13432K, reserved 1048576K
}
Event: 30.338 GC heap before
{Heap before GC invocations=29 (full 0):
 garbage-first heap   total 187392K, used 159175K [0x0000000080000000, 0x0000000100000000)
  region size 1024K, 44 young (45056K), 3 survivors (3072K)
 Metaspace       used 96936K, capacity 99611K, committed 99832K, reserved 1136640K
  class space    used 12574K, capacity 13487K, committed 13560K, reserved 1048576K
}
Event: 30.345 GC heap after
{Heap after GC invocations=30 (full 0):
 garbage-first heap   total 187392K, used 119663K [0x0000000080000000, 0x0000000100000000)
  region size 1024K, 6 young (6144K), 6 survivors (6144K)
 Metaspace       used 96936K, capacity 99611K, committed 99832K, reserved 1136640K
  class space    used 12574K, capacity 13487K, committed 13560K, reserved 1048576K
}
Event: 30.812 GC heap before
{Heap before GC invocations=31 (full 0):
 garbage-first heap   total 187392K, used 157551K [0x0000000080000000, 0x0000000100000000)
  region size 1024K, 44 young (45056K), 6 survivors (6144K)
 Metaspace       used 100779K, capacity 103595K, committed 103800K, reserved 1138688K
  class space    used 13136K, capacity 14164K, committed 14200K, reserved 1048576K
}
Event: 30.821 GC heap after
{Heap after GC invocations=32 (full 0):
 garbage-first heap   total 187392K, used 121589K [0x0000000080000000, 0x0000000100000000)
  region size 1024K, 5 young (5120K), 5 survivors (5120K)
 Metaspace       used 100779K, capacity 103595K, committed 103800K, reserved 1138688K
  class space    used 13136K, capacity 14164K, committed 14200K, reserved 1048576K
}
Event: 31.127 GC heap before
{Heap before GC invocations=32 (full 0):
 garbage-first heap   total 187392K, used 160501K [0x0000000080000000, 0x0000000100000000)
  region size 1024K, 43 young (44032K), 5 survivors (5120K)
 Metaspace       used 103595K, capacity 106379K, committed 106488K, reserved 1140736K
  class space    used 13494K, capacity 14516K, committed 14584K, reserved 1048576K
}
Event: 31.134 GC heap after
{Heap after GC invocations=33 (full 0):
 garbage-first heap   total 187392K, used 122389K [0x0000000080000000, 0x0000000100000000)
  region size 1024K, 3 young (3072K), 3 survivors (3072K)
 Metaspace       used 103595K, capacity 106379K, committed 106488K, reserved 1140736K
  class space    used 13494K, capacity 14516K, committed 14584K, reserved 1048576K
}
Event: 31.554 GC heap before
{Heap before GC invocations=34 (full 0):
 garbage-first heap   total 187392K, used 161301K [0x0000000080000000, 0x0000000100000000)
  region size 1024K, 41 young (41984K), 3 survivors (3072K)
 Metaspace       used 105713K, capacity 108343K, committed 109048K, reserved 1142784K
  class space    used 13678K, capacity 14645K, committed 14840K, reserved 1048576K
}
Event: 31.562 GC heap after
{Heap after GC invocations=35 (full 0):
 garbage-first heap   total 187392K, used 125246K [0x0000000080000000, 0x0000000100000000)
  region size 1024K, 6 young (6144K), 6 survivors (6144K)
 Metaspace       used 105713K, capacity 108343K, committed 109048K, reserved 1142784K
  class space    used 13678K, capacity 14645K, committed 14840K, reserved 1048576K
}
Event: 36.032 GC heap before
{Heap before GC invocations=35 (full 0):
 garbage-first heap   total 187392K, used 161086K [0x0000000080000000, 0x0000000100000000)
  region size 1024K, 41 young (41984K), 6 survivors (6144K)
 Metaspace       used 107583K, capacity 110566K, committed 110968K, reserved 1144832K
  class space    used 13939K, capacity 15023K, committed 15224K, reserved 1048576K
}
Event: 36.043 GC heap after
{Heap after GC invocations=36 (full 0):
 garbage-first heap   total 187392K, used 128515K [0x0000000080000000, 0x0000000100000000)
  region size 1024K, 6 young (6144K), 6 survivors (6144K)
 Metaspace       used 107583K, capacity 110566K, committed 110968K, reserved 1144832K
  class space    used 13939K, capacity 15023K, committed 15224K, reserved 1048576K
}
Event: 36.362 GC heap before
{Heap before GC invocations=37 (full 0):
 garbage-first heap   total 187392K, used 159235K [0x0000000080000000, 0x0000000100000000)
  region size 1024K, 37 young (37888K), 6 survivors (6144K)
 Metaspace       used 108320K, capacity 111312K, committed 111480K, reserved 1144832K
  class space    used 14004K, capacity 15093K, committed 15224K, reserved 1048576K
}
Event: 36.373 GC heap after
{Heap after GC invocations=38 (full 0):
 garbage-first heap   total 187392K, used 132380K [0x0000000080000000, 0x0000000100000000)
  region size 1024K, 4 young (4096K), 4 survivors (4096K)
 Metaspace       used 108320K, capacity 111312K, committed 111480K, reserved 1144832K
  class space    used 14004K, capacity 15093K, committed 15224K, reserved 1048576K
}
Event: 36.729 GC heap before
{Heap before GC invocations=38 (full 0):
 garbage-first heap   total 187392K, used 159004K [0x0000000080000000, 0x0000000100000000)
  region size 1024K, 31 young (31744K), 4 survivors (4096K)
 Metaspace       used 110052K, capacity 113175K, committed 113528K, reserved 1146880K
  class space    used 14258K, capacity 15371K, committed 15480K, reserved 1048576K
}
Event: 36.751 GC heap after
{Heap after GC invocations=39 (full 0):
 garbage-first heap   total 187392K, used 135597K [0x0000000080000000, 0x0000000100000000)
  region size 1024K, 4 young (4096K), 4 survivors (4096K)
 Metaspace       used 110052K, capacity 113175K, committed 113528K, reserved 1146880K
  class space    used 14258K, capacity 15371K, committed 15480K, reserved 1048576K
}
Event: 37.024 GC heap before
{Heap before GC invocations=40 (full 0):
 garbage-first heap   total 187392K, used 159149K [0x0000000080000000, 0x0000000100000000)
  region size 1024K, 28 young (28672K), 4 survivors (4096K)
 Metaspace       used 111101K, capacity 114265K, committed 114424K, reserved 1148928K
  class space    used 14363K, capacity 15472K, committed 15608K, reserved 1048576K
}

Deoptimization events (20 events):
Event: 36.693 Thread 0x0000019c0b9e0000 DEOPT PACKING pc=0x0000019c765a3738 sp=0x0000005c0b1fcc90
Event: 36.693 Thread 0x0000019c0b9e0000 DEOPT UNPACKING pc=0x0000019c6e65662f sp=0x0000005c0b1fcc18 mode 2
Event: 36.693 Thread 0x0000019c0b9e0000 Uncommon trap: trap_request=0xffffffc6 fr.pc=0x0000019c765a3738 relative=0x0000000000000178
Event: 36.693 Thread 0x0000019c0b9e0000 Uncommon trap: reason=bimorphic_or_optimized_type_check action=maybe_recompile pc=0x0000019c765a3738 method=com.google.common.collect.ImmutableList.hashCode()I @ 23 c2
Event: 36.693 Thread 0x0000019c0b9e0000 DEOPT PACKING pc=0x0000019c765a3738 sp=0x0000005c0b1fcc90
Event: 36.693 Thread 0x0000019c0b9e0000 DEOPT UNPACKING pc=0x0000019c6e65662f sp=0x0000005c0b1fcc18 mode 2
Event: 36.703 Thread 0x0000019c0b9e0000 Uncommon trap: trap_request=0xffffff4d fr.pc=0x0000019c76473e94 relative=0x0000000000000654
Event: 36.703 Thread 0x0000019c0b9e0000 Uncommon trap: reason=unstable_if action=reinterpret pc=0x0000019c76473e94 method=org.gradle.internal.snapshot.ChildMap$Entry.handleAncestorDescendantOrExactMatch(Lorg/gradle/internal/snapshot/VfsRelativePath;Lorg/gradle/internal/snapshot/CaseSensitivity;
Event: 36.703 Thread 0x0000019c0b9e0000 DEOPT PACKING pc=0x0000019c76473e94 sp=0x0000005c0b1fad00
Event: 36.703 Thread 0x0000019c0b9e0000 DEOPT UNPACKING pc=0x0000019c6e65662f sp=0x0000005c0b1face0 mode 2
Event: 36.719 Thread 0x0000019c0b9e0000 Uncommon trap: trap_request=0xffffff4d fr.pc=0x0000019c767811dc relative=0x000000000000027c
Event: 36.719 Thread 0x0000019c0b9e0000 Uncommon trap: reason=unstable_if action=reinterpret pc=0x0000019c767811dc method=org.gradle.internal.file.DefaultFileHierarchySet$Node.isChildOfOrThis(Ljava/lang/String;I)Z @ 89 c2
Event: 36.719 Thread 0x0000019c0b9e0000 DEOPT PACKING pc=0x0000019c767811dc sp=0x0000005c0b1fb2b0
Event: 36.719 Thread 0x0000019c0b9e0000 DEOPT UNPACKING pc=0x0000019c6e65662f sp=0x0000005c0b1fb238 mode 2
Event: 36.721 Thread 0x0000019c0b9e0000 DEOPT PACKING pc=0x0000019c6fb53fa8 sp=0x0000005c0b1fa7e0
Event: 36.721 Thread 0x0000019c0b9e0000 DEOPT UNPACKING pc=0x0000019c6e656dde sp=0x0000005c0b1f9c98 mode 0
Event: 36.991 Thread 0x0000019c0f5c8000 Uncommon trap: trap_request=0xffffff4d fr.pc=0x0000019c767f548c relative=0x000000000000022c
Event: 36.991 Thread 0x0000019c0f5c8000 Uncommon trap: reason=unstable_if action=reinterpret pc=0x0000019c767f548c method=com.esotericsoftware.kryo.io.Output.writeString(Ljava/lang/CharSequence;)V @ 50 c2
Event: 36.991 Thread 0x0000019c0f5c8000 DEOPT PACKING pc=0x0000019c767f548c sp=0x0000005c0b8fe040
Event: 36.991 Thread 0x0000019c0f5c8000 DEOPT UNPACKING pc=0x0000019c6e65662f sp=0x0000005c0b8fdf68 mode 2

Classes redefined (0 events):
No events

Internal exceptions (20 events):
Event: 36.453 Thread 0x0000019c082e8800 Exception <a 'sun/nio/fs/WindowsException'{0x000000008b092358}> (0x000000008b092358) thrown at [./src/hotspot/share/prims/jni.cpp, line 615]
Event: 36.459 Thread 0x0000019c082e8800 Exception <a 'sun/nio/fs/WindowsException'{0x000000008af34fc8}> (0x000000008af34fc8) thrown at [./src/hotspot/share/prims/jni.cpp, line 615]
Event: 36.459 Thread 0x0000019c082e8800 Exception <a 'sun/nio/fs/WindowsException'{0x000000008af36340}> (0x000000008af36340) thrown at [./src/hotspot/share/prims/jni.cpp, line 615]
Event: 36.459 Thread 0x0000019c082e8800 Exception <a 'sun/nio/fs/WindowsException'{0x000000008af37708}> (0x000000008af37708) thrown at [./src/hotspot/share/prims/jni.cpp, line 615]
Event: 36.459 Thread 0x0000019c082e8800 Exception <a 'sun/nio/fs/WindowsException'{0x000000008af38ad0}> (0x000000008af38ad0) thrown at [./src/hotspot/share/prims/jni.cpp, line 615]
Event: 36.521 Thread 0x0000019c082e8800 Exception <a 'java/lang/NoSuchMethodError'{0x000000008aa44dc0}: 'java.lang.Object java.lang.invoke.Invokers$Holder.linkToTargetMethod(java.lang.Object, int, int, java.lang.Object)'> (0x000000008aa44dc0) thrown at [./src/hotspot/share/interpreter/linkResolver.cpp, line 773]
Event: 36.645 Thread 0x0000019c7fc27000 Exception <a 'java/lang/NoSuchMethodError'{0x000000008a195e98}: <clinit>> (0x000000008a195e98) thrown at [./src/hotspot/share/prims/jni.cpp, line 1362]
Event: 36.646 Thread 0x0000019c7fc27000 Exception <a 'java/lang/NoSuchMethodError'{0x000000008a1a9400}: <clinit>> (0x000000008a1a9400) thrown at [./src/hotspot/share/prims/jni.cpp, line 1362]
Event: 36.654 Thread 0x0000019c7fc27000 Exception <a 'java/lang/NoSuchMethodError'{0x000000008a1f87a0}: <clinit>> (0x000000008a1f87a0) thrown at [./src/hotspot/share/prims/jni.cpp, line 1362]
Event: 36.656 Thread 0x0000019c7fc27000 Exception <a 'java/lang/NoSuchMethodError'{0x000000008a0303a8}: <clinit>> (0x000000008a0303a8) thrown at [./src/hotspot/share/prims/jni.cpp, line 1362]
Event: 36.656 Thread 0x0000019c7fc27000 Exception <a 'java/lang/NoSuchMethodError'{0x000000008a031680}: <clinit>> (0x000000008a031680) thrown at [./src/hotspot/share/prims/jni.cpp, line 1362]
Event: 36.677 Thread 0x0000019c0b9e5800 Exception <a 'java/lang/NoSuchMethodError'{0x0000000089e97f58}: <clinit>> (0x0000000089e97f58) thrown at [./src/hotspot/share/prims/jni.cpp, line 1362]
Event: 36.678 Thread 0x0000019c0b9e5800 Exception <a 'java/lang/NoSuchMethodError'{0x0000000089ebbb38}: <clinit>> (0x0000000089ebbb38) thrown at [./src/hotspot/share/prims/jni.cpp, line 1362]
Event: 36.680 Thread 0x0000019c0b9e5800 Exception <a 'java/lang/NoSuchMethodError'{0x0000000089eef5b8}: <clinit>> (0x0000000089eef5b8) thrown at [./src/hotspot/share/prims/jni.cpp, line 1362]
Event: 36.686 Thread 0x0000019c7fc27000 Exception <a 'java/lang/NoSuchMethodError'{0x0000000089db23b8}: <clinit>> (0x0000000089db23b8) thrown at [./src/hotspot/share/prims/jni.cpp, line 1362]
Event: 36.687 Thread 0x0000019c0b9e0000 Exception <a 'java/lang/NoSuchMethodError'{0x0000000089dafa60}: 'java.lang.Object java.lang.invoke.DirectMethodHandle$Holder.invokeInterface(java.lang.Object, java.lang.Object, int)'> (0x0000000089dafa60) thrown at [./src/hotspot/share/interpreter/linkResolver.cpp, line 773]
Event: 36.689 Thread 0x0000019c0b9e0000 Exception <a 'java/lang/NoSuchMethodError'{0x0000000089dc97a8}: 'void java.lang.invoke.DirectMethodHandle$Holder.invokeStatic(java.lang.Object, java.lang.Object, java.lang.Object, int)'> (0x0000000089dc97a8) thrown at [./src/hotspot/share/interpreter/linkResolver.cpp, line 773]
Event: 36.922 Thread 0x0000019c0b9e0000 Exception <a 'java/lang/NoSuchMethodError'{0x000000008a80ba98}: <clinit>> (0x000000008a80ba98) thrown at [./src/hotspot/share/prims/jni.cpp, line 1362]
Event: 36.981 Thread 0x0000019c0b9e0000 Exception <a 'java/lang/NoSuchMethodError'{0x000000008a313308}: 'void java.lang.invoke.DirectMethodHandle$Holder.invokeStatic(java.lang.Object, java.lang.Object, java.lang.Object, java.lang.Object, java.lang.Object, java.lang.Object, java.lang.Object)'> (0x000000008a313308) thrown at [./src/hotspot/share/interpreter/linkResolver.cpp, line 773]
Event: 36.996 Thread 0x0000019c7fc27000 Exception <a 'java/lang/NoSuchMethodError'{0x000000008a260610}: <clinit>> (0x000000008a260610) thrown at [./src/hotspot/share/prims/jni.cpp, line 1362]

Events (20 events):
Event: 36.992 loading class org/gradle/internal/execution/steps/SkipUpToDateStep$2 done
Event: 36.992 loading class org/gradle/internal/execution/history/impl/FileSystemSnapshotSerializer$1$1
Event: 36.992 loading class org/gradle/internal/execution/history/impl/FileSystemSnapshotSerializer$1$1 done
Event: 36.992 Executing VM operation: RevokeBias
Event: 36.993 Executing VM operation: RevokeBias done
Event: 36.993 Executing VM operation: RevokeBias
Event: 36.993 Executing VM operation: RevokeBias done
Event: 36.993 Executing VM operation: RevokeBias
Event: 36.993 Executing VM operation: RevokeBias done
Event: 36.993 Executing VM operation: RevokeBias
Event: 36.993 Executing VM operation: RevokeBias done
Event: 36.995 loading class com/google/common/collect/ImmutableList$SerializedForm
Event: 36.995 loading class com/google/common/collect/ImmutableList$SerializedForm done
Event: 37.018 loading class com/android/build/gradle/tasks/MergeResources$Flag
Event: 37.018 loading class com/android/build/gradle/tasks/MergeResources$Flag done
Event: 37.019 loading class org/gradle/api/internal/file/collections/ListBackedFileSet
Event: 37.019 loading class org/gradle/api/internal/file/collections/ListBackedFileSet done
Event: 37.021 Executing VM operation: RevokeBias
Event: 37.022 Executing VM operation: RevokeBias done
Event: 37.023 Executing VM operation: G1CollectForAllocation


Dynamic libraries:
0x00007ff7b15f0000 - 0x00007ff7b15fa000 	C:\Program Files\Android\Android Studio\jre\bin\java.exe
0x00007ffc2f210000 - 0x00007ffc2f405000 	C:\WINDOWS\SYSTEM32\ntdll.dll
0x00007ffc2e480000 - 0x00007ffc2e53e000 	C:\WINDOWS\System32\KERNEL32.DLL
0x00007ffc2cc70000 - 0x00007ffc2cf38000 	C:\WINDOWS\System32\KERNELBASE.dll
0x00007ffc2cb10000 - 0x00007ffc2cc10000 	C:\WINDOWS\System32\ucrtbase.dll
0x00007ffc225f0000 - 0x00007ffc22609000 	C:\Program Files\Android\Android Studio\jre\bin\jli.dll
0x00007ffc224e0000 - 0x00007ffc224f7000 	C:\Program Files\Android\Android Studio\jre\bin\VCRUNTIME140.dll
0x00007ffc2ea50000 - 0x00007ffc2ebf0000 	C:\WINDOWS\System32\USER32.dll
0x00007ffc2cc10000 - 0x00007ffc2cc32000 	C:\WINDOWS\System32\win32u.dll
0x00007ffc101d0000 - 0x00007ffc1046a000 	C:\WINDOWS\WinSxS\amd64_microsoft.windows.common-controls_6595b64144ccf1df_6.0.19041.1110_none_60b5254171f9507e\COMCTL32.dll
0x00007ffc2ebf0000 - 0x00007ffc2ec1b000 	C:\WINDOWS\System32\GDI32.dll
0x00007ffc2edd0000 - 0x00007ffc2ee6e000 	C:\WINDOWS\System32\msvcrt.dll
0x00007ffc2d0b0000 - 0x00007ffc2d1bd000 	C:\WINDOWS\System32\gdi32full.dll
0x00007ffc2d1c0000 - 0x00007ffc2d25d000 	C:\WINDOWS\System32\msvcp_win.dll
0x00007ffc2e3e0000 - 0x00007ffc2e410000 	C:\WINDOWS\System32\IMM32.DLL
0x00007ffc16d10000 - 0x00007ffc16dad000 	C:\Program Files\Android\Android Studio\jre\bin\msvcp140.dll
0x00007ffbeed80000 - 0x00007ffbef855000 	C:\Program Files\Android\Android Studio\jre\bin\server\jvm.dll
0x00007ffc2e9a0000 - 0x00007ffc2ea4e000 	C:\WINDOWS\System32\ADVAPI32.dll
0x00007ffc2e340000 - 0x00007ffc2e3dc000 	C:\WINDOWS\System32\sechost.dll
0x00007ffc2e210000 - 0x00007ffc2e335000 	C:\WINDOWS\System32\RPCRT4.dll
0x00007ffc2e200000 - 0x00007ffc2e208000 	C:\WINDOWS\System32\PSAPI.DLL
0x00007ffc124b0000 - 0x00007ffc124b9000 	C:\WINDOWS\SYSTEM32\WSOCK32.dll
0x00007ffc1f540000 - 0x00007ffc1f54a000 	C:\WINDOWS\SYSTEM32\VERSION.dll
0x00007ffc1d160000 - 0x00007ffc1d187000 	C:\WINDOWS\SYSTEM32\WINMM.dll
0x00007ffc2e410000 - 0x00007ffc2e47b000 	C:\WINDOWS\System32\WS2_32.dll
0x00007ffc2b1a0000 - 0x00007ffc2b1b2000 	C:\WINDOWS\SYSTEM32\kernel.appcore.dll
0x00007ffbfb210000 - 0x00007ffbfb221000 	C:\Program Files\Android\Android Studio\jre\bin\verify.dll
0x00007ffc2a710000 - 0x00007ffc2a8f4000 	C:\WINDOWS\SYSTEM32\DBGHELP.DLL
0x00007ffc0f570000 - 0x00007ffc0f59c000 	C:\WINDOWS\SYSTEM32\dbgcore.DLL
0x00007ffc2c920000 - 0x00007ffc2c9a2000 	C:\WINDOWS\System32\bcryptPrimitives.dll
0x00007ffbfb1e0000 - 0x00007ffbfb209000 	C:\Program Files\Android\Android Studio\jre\bin\java.dll
0x00007ffc1ce60000 - 0x00007ffc1ce6b000 	C:\Program Files\Android\Android Studio\jre\bin\jimage.dll
0x00007ffbfb1c0000 - 0x00007ffbfb1d8000 	C:\Program Files\Android\Android Studio\jre\bin\zip.dll
0x00007ffc2d430000 - 0x00007ffc2db74000 	C:\WINDOWS\System32\SHELL32.dll
0x00007ffc2a900000 - 0x00007ffc2b094000 	C:\WINDOWS\SYSTEM32\windows.storage.dll
0x00007ffc2ee70000 - 0x00007ffc2f1c5000 	C:\WINDOWS\System32\combase.dll
0x00007ffc2c370000 - 0x00007ffc2c39e000 	C:\WINDOWS\SYSTEM32\Wldp.dll
0x00007ffc2e150000 - 0x00007ffc2e1fd000 	C:\WINDOWS\System32\SHCORE.dll
0x00007ffc2d260000 - 0x00007ffc2d2b5000 	C:\WINDOWS\System32\shlwapi.dll
0x00007ffc2c860000 - 0x00007ffc2c87f000 	C:\WINDOWS\SYSTEM32\profapi.dll
0x00007ffbfb0f0000 - 0x00007ffbfb10a000 	C:\Program Files\Android\Android Studio\jre\bin\net.dll
0x00007ffc22e40000 - 0x00007ffc22f4c000 	C:\WINDOWS\SYSTEM32\WINHTTP.dll
0x00007ffc2c0d0000 - 0x00007ffc2c13a000 	C:\WINDOWS\system32\mswsock.dll
0x00007ffbfb0d0000 - 0x00007ffbfb0e4000 	C:\Program Files\Android\Android Studio\jre\bin\nio.dll
0x00007ffbf0320000 - 0x00007ffbf0347000 	C:\Users\kndrc\.gradle\native\e1d6ef7f7dcc3fd88c89a11ec53ec762bb8ba0a96d01ffa2cd45eb1d1d8dd5c5\windows-amd64\native-platform.dll
0x00007ffbefa10000 - 0x00007ffbefb54000 	C:\Users\kndrc\.gradle\native\5664cfc778a61ccfe75a443a1ab52a65af34e5dc3c78e0209fed803814484fcb\windows-amd64\native-platform-file-events.dll
0x00007ffc13f70000 - 0x00007ffc13f7a000 	C:\Program Files\Android\Android Studio\jre\bin\management.dll
0x00007ffc11750000 - 0x00007ffc1175d000 	C:\Program Files\Android\Android Studio\jre\bin\management_ext.dll
0x00007ffc2c2c0000 - 0x00007ffc2c2d8000 	C:\WINDOWS\SYSTEM32\CRYPTSP.dll
0x00007ffc2b9e0000 - 0x00007ffc2ba14000 	C:\WINDOWS\system32\rsaenh.dll
0x00007ffc2cc40000 - 0x00007ffc2cc67000 	C:\WINDOWS\System32\bcrypt.dll
0x00007ffc2c820000 - 0x00007ffc2c84e000 	C:\WINDOWS\SYSTEM32\USERENV.dll
0x00007ffc2c2e0000 - 0x00007ffc2c2ec000 	C:\WINDOWS\SYSTEM32\CRYPTBASE.dll
0x00007ffc2bd70000 - 0x00007ffc2bdab000 	C:\WINDOWS\SYSTEM32\IPHLPAPI.DLL
0x00007ffc2e0d0000 - 0x00007ffc2e0d8000 	C:\WINDOWS\System32\NSI.dll
0x00007ffc1f520000 - 0x00007ffc1f537000 	C:\WINDOWS\SYSTEM32\dhcpcsvc6.DLL
0x00007ffc20860000 - 0x00007ffc2087d000 	C:\WINDOWS\SYSTEM32\dhcpcsvc.DLL
0x00007ffc2bdc0000 - 0x00007ffc2be8b000 	C:\WINDOWS\SYSTEM32\DNSAPI.dll

dbghelp: loaded successfully - version: 4.0.5 - missing functions: none
symbol engine: initialized successfully - sym options: 0x614 - pdb path: .;C:\Program Files\Android\Android Studio\jre\bin;C:\WINDOWS\SYSTEM32;C:\WINDOWS\WinSxS\amd64_microsoft.windows.common-controls_6595b64144ccf1df_6.0.19041.1110_none_60b5254171f9507e;C:\Program Files\Android\Android Studio\jre\bin\server;C:\Users\kndrc\.gradle\native\e1d6ef7f7dcc3fd88c89a11ec53ec762bb8ba0a96d01ffa2cd45eb1d1d8dd5c5\windows-amd64;C:\Users\kndrc\.gradle\native\5664cfc778a61ccfe75a443a1ab52a65af34e5dc3c78e0209fed803814484fcb\windows-amd64

VM Arguments:
jvm_args: --add-opens=java.base/java.util=ALL-UNNAMED --add-opens=java.base/java.lang=ALL-UNNAMED --add-opens=java.base/java.lang.invoke=ALL-UNNAMED --add-opens=java.base/java.util=ALL-UNNAMED --add-opens=java.prefs/java.util.prefs=ALL-UNNAMED --add-opens=java.prefs/java.util.prefs=ALL-UNNAMED --add-opens=java.base/java.nio.charset=ALL-UNNAMED --add-opens=java.base/java.net=ALL-UNNAMED --add-opens=java.base/java.util.concurrent.atomic=ALL-UNNAMED -Xmx2048m -Dfile.encoding=UTF-8 -Duser.country=US -Duser.language=en -Duser.variant 
java_command: org.gradle.launcher.daemon.bootstrap.GradleDaemon 7.2
java_class_path (initial): C:\Users\kndrc\.gradle\wrapper\dists\gradle-7.2-bin\2dnblmf4td7x66yl1d74lt32g\gradle-7.2\lib\gradle-launcher-7.2.jar
Launcher Type: SUN_STANDARD

[Global flags]
     intx CICompilerCount                          = 4                                         {product} {ergonomic}
     uint ConcGCThreads                            = 2                                         {product} {ergonomic}
     uint G1ConcRefinementThreads                  = 8                                         {product} {ergonomic}
   size_t G1HeapRegionSize                         = 1048576                                   {product} {ergonomic}
    uintx GCDrainStackTargetSize                   = 64                                        {product} {ergonomic}
   size_t InitialHeapSize                          = 132120576                                 {product} {ergonomic}
   size_t MarkStackSize                            = 4194304                                   {product} {ergonomic}
   size_t MaxHeapSize                              = 2147483648                                {product} {command line}
   size_t MaxNewSize                               = 1287651328                                {product} {ergonomic}
   size_t MinHeapDeltaBytes                        = 1048576                                   {product} {ergonomic}
    uintx NonNMethodCodeHeapSize                   = 5836300                                {pd product} {ergonomic}
    uintx NonProfiledCodeHeapSize                  = 122910970                              {pd product} {ergonomic}
    uintx ProfiledCodeHeapSize                     = 122910970                              {pd product} {ergonomic}
    uintx ReservedCodeCacheSize                    = 251658240                              {pd product} {ergonomic}
     bool SegmentedCodeCache                       = true                                      {product} {ergonomic}
     bool UseCompressedClassPointers               = true                                 {lp64_product} {ergonomic}
     bool UseCompressedOops                        = true                                 {lp64_product} {ergonomic}
     bool UseG1GC                                  = true                                      {product} {ergonomic}
     bool UseLargePagesIndividualAllocation        = false                                  {pd product} {ergonomic}

Logging:
Log output configuration:
 #0: stdout all=warning uptime,level,tags
 #1: stderr all=off uptime,level,tags

Environment Variables:
PATH=C:\Program Files\Common Files\Oracle\Java\javapath;C:\Program Files (x86)\Common Files\Intel\Shared Libraries\redist\intel64\compiler;C:\WINDOWS\system32;C:\WINDOWS;C:\WINDOWS\System32\Wbem;C:\WINDOWS\System32\WindowsPowerShell\v1.0\;C:\WINDOWS\System32\OpenSSH\;C:\Users\kndrc\AppData\Local\Programs\Python\Python38;C:\Users\kndrc\AppData\Local\Programs\Python\Python38\Scripts;C:\Program Files\Git\cmd;C:\Program Files\nodejs\;C:\Program Files\heroku\bin;C:\Users\kndrc\.cargo\bin;C:\Program Files\MySQL\MySQL Shell 8.0\bin\;C:\Users\kndrc\AppData\Local\Microsoft\WindowsApps;C:\Users\kndrc\AppData\Local\Programs\Microsoft VS Code\bin;C:\Program Files\Azure Data Studio\bin;C:\Users\kndrc\AppData\Local\Microsoft\WindowsApps;;C:\Program Files\JetBrains\IntelliJ IDEA Community Edition 2021.1\bin;;C:\Users\kndrc\AppData\Roaming\npm;C:\Program Files\heroku\bin
USERNAME=kndrc
OS=Windows_NT
PROCESSOR_IDENTIFIER=Intel64 Family 6 Model 142 Stepping 12, GenuineIntel



---------------  S Y S T E M  ---------------

OS: Windows 10 , 64 bit Build 19041 (10.0.19041.1503)
OS uptime: 0 days 1:39 hours

CPU:total 8 (initial active 8) (4 cores per cpu, 2 threads per core) family 6 model 142 stepping 12 microcode 0xec, cmov, cx8, fxsr, mmx, sse, sse2, sse3, ssse3, sse4.1, sse4.2, popcnt, avx, avx2, aes, clmul, erms, 3dnowpref, lzcnt, ht, tsc, tscinvbit, bmi1, bmi2, adx, fma

Memory: 4k page, system-wide physical 7964M (390M free)
TotalPageFile size 9864M (AvailPageFile size 27M)
current process WorkingSet (physical memory assigned to process): 508M, peak: 512M
current process commit charge ("private bytes"): 545M, peak: 582M

vm_info: OpenJDK 64-Bit Server VM (11.0.11+9-b60-7590822) for windows-amd64 JRE (11.0.11+9-b60-7590822), built on Jul 29 2021 21:43:44 by "builder" with MS VC++ 14.0 (VS2015)

END.
